CRITICAL - 2020-12-13 09:06:06 --> syntax error, unexpected '}', expecting ';' or ','
#0 C:\xampp\htdocs\projekty\uczelnia\FB-Clone\system\Autoloader\Autoloader.php(296): CodeIgniter\Autoloader\Autoloader->requireFile('C:\\xampp\\htdocs...')
#1 C:\xampp\htdocs\projekty\uczelnia\FB-Clone\system\Autoloader\Autoloader.php(258): CodeIgniter\Autoloader\Autoloader->loadInNamespace('App\\Models\\User...')
#2 [internal function]: CodeIgniter\Autoloader\Autoloader->loadClass('App\\Models\\User...')
#3 C:\xampp\htdocs\projekty\uczelnia\FB-Clone\app\Controllers\Home.php(9): spl_autoload_call('App\\Models\\User...')
#4 C:\xampp\htdocs\projekty\uczelnia\FB-Clone\system\CodeIgniter.php(918): App\Controllers\Home->index()
#5 C:\xampp\htdocs\projekty\uczelnia\FB-Clone\system\CodeIgniter.php(404): CodeIgniter\CodeIgniter->runController(Object(App\Controllers\Home))
#6 C:\xampp\htdocs\projekty\uczelnia\FB-Clone\system\CodeIgniter.php(312): CodeIgniter\CodeIgniter->handleRequest(NULL, Object(Config\Cache), false)
#7 C:\xampp\htdocs\projekty\uczelnia\FB-Clone\public\index.php(45): CodeIgniter\CodeIgniter->run()
#8 {main}
CRITICAL - 2020-12-13 09:06:43 --> syntax error, unexpected '}', expecting ';' or ','
#0 C:\xampp\htdocs\projekty\uczelnia\FB-Clone\system\Autoloader\Autoloader.php(296): CodeIgniter\Autoloader\Autoloader->requireFile('C:\\xampp\\htdocs...')
#1 C:\xampp\htdocs\projekty\uczelnia\FB-Clone\system\Autoloader\Autoloader.php(258): CodeIgniter\Autoloader\Autoloader->loadInNamespace('App\\Models\\User...')
#2 [internal function]: CodeIgniter\Autoloader\Autoloader->loadClass('App\\Models\\User...')
#3 C:\xampp\htdocs\projekty\uczelnia\FB-Clone\app\Controllers\Home.php(9): spl_autoload_call('App\\Models\\User...')
#4 C:\xampp\htdocs\projekty\uczelnia\FB-Clone\system\CodeIgniter.php(918): App\Controllers\Home->index()
#5 C:\xampp\htdocs\projekty\uczelnia\FB-Clone\system\CodeIgniter.php(404): CodeIgniter\CodeIgniter->runController(Object(App\Controllers\Home))
#6 C:\xampp\htdocs\projekty\uczelnia\FB-Clone\system\CodeIgniter.php(312): CodeIgniter\CodeIgniter->handleRequest(NULL, Object(Config\Cache), false)
#7 C:\xampp\htdocs\projekty\uczelnia\FB-Clone\public\index.php(45): CodeIgniter\CodeIgniter->run()
#8 {main}
CRITICAL - 2020-12-13 09:07:51 --> syntax error, unexpected '}', expecting ';' or ','
#0 C:\xampp\htdocs\projekty\uczelnia\FB-Clone\system\Autoloader\Autoloader.php(296): CodeIgniter\Autoloader\Autoloader->requireFile('C:\\xampp\\htdocs...')
#1 C:\xampp\htdocs\projekty\uczelnia\FB-Clone\system\Autoloader\Autoloader.php(258): CodeIgniter\Autoloader\Autoloader->loadInNamespace('App\\Models\\User...')
#2 [internal function]: CodeIgniter\Autoloader\Autoloader->loadClass('App\\Models\\User...')
#3 C:\xampp\htdocs\projekty\uczelnia\FB-Clone\app\Controllers\Home.php(9): spl_autoload_call('App\\Models\\User...')
#4 C:\xampp\htdocs\projekty\uczelnia\FB-Clone\system\CodeIgniter.php(918): App\Controllers\Home->index()
#5 C:\xampp\htdocs\projekty\uczelnia\FB-Clone\system\CodeIgniter.php(404): CodeIgniter\CodeIgniter->runController(Object(App\Controllers\Home))
#6 C:\xampp\htdocs\projekty\uczelnia\FB-Clone\system\CodeIgniter.php(312): CodeIgniter\CodeIgniter->handleRequest(NULL, Object(Config\Cache), false)
#7 C:\xampp\htdocs\projekty\uczelnia\FB-Clone\public\index.php(45): CodeIgniter\CodeIgniter->run()
#8 {main}
CRITICAL - 2020-12-13 09:07:52 --> syntax error, unexpected '}', expecting ';' or ','
#0 C:\xampp\htdocs\projekty\uczelnia\FB-Clone\system\Autoloader\Autoloader.php(296): CodeIgniter\Autoloader\Autoloader->requireFile('C:\\xampp\\htdocs...')
#1 C:\xampp\htdocs\projekty\uczelnia\FB-Clone\system\Autoloader\Autoloader.php(258): CodeIgniter\Autoloader\Autoloader->loadInNamespace('App\\Models\\User...')
#2 [internal function]: CodeIgniter\Autoloader\Autoloader->loadClass('App\\Models\\User...')
#3 C:\xampp\htdocs\projekty\uczelnia\FB-Clone\app\Controllers\Home.php(9): spl_autoload_call('App\\Models\\User...')
#4 C:\xampp\htdocs\projekty\uczelnia\FB-Clone\system\CodeIgniter.php(918): App\Controllers\Home->index()
#5 C:\xampp\htdocs\projekty\uczelnia\FB-Clone\system\CodeIgniter.php(404): CodeIgniter\CodeIgniter->runController(Object(App\Controllers\Home))
#6 C:\xampp\htdocs\projekty\uczelnia\FB-Clone\system\CodeIgniter.php(312): CodeIgniter\CodeIgniter->handleRequest(NULL, Object(Config\Cache), false)
#7 C:\xampp\htdocs\projekty\uczelnia\FB-Clone\public\index.php(45): CodeIgniter\CodeIgniter->run()
#8 {main}
CRITICAL - 2020-12-13 09:07:52 --> syntax error, unexpected '}', expecting ';' or ','
#0 C:\xampp\htdocs\projekty\uczelnia\FB-Clone\system\Autoloader\Autoloader.php(296): CodeIgniter\Autoloader\Autoloader->requireFile('C:\\xampp\\htdocs...')
#1 C:\xampp\htdocs\projekty\uczelnia\FB-Clone\system\Autoloader\Autoloader.php(258): CodeIgniter\Autoloader\Autoloader->loadInNamespace('App\\Models\\User...')
#2 [internal function]: CodeIgniter\Autoloader\Autoloader->loadClass('App\\Models\\User...')
#3 C:\xampp\htdocs\projekty\uczelnia\FB-Clone\app\Controllers\Home.php(9): spl_autoload_call('App\\Models\\User...')
#4 C:\xampp\htdocs\projekty\uczelnia\FB-Clone\system\CodeIgniter.php(918): App\Controllers\Home->index()
#5 C:\xampp\htdocs\projekty\uczelnia\FB-Clone\system\CodeIgniter.php(404): CodeIgniter\CodeIgniter->runController(Object(App\Controllers\Home))
#6 C:\xampp\htdocs\projekty\uczelnia\FB-Clone\system\CodeIgniter.php(312): CodeIgniter\CodeIgniter->handleRequest(NULL, Object(Config\Cache), false)
#7 C:\xampp\htdocs\projekty\uczelnia\FB-Clone\public\index.php(45): CodeIgniter\CodeIgniter->run()
#8 {main}
CRITICAL - 2020-12-13 09:07:52 --> syntax error, unexpected '}', expecting ';' or ','
#0 C:\xampp\htdocs\projekty\uczelnia\FB-Clone\system\Autoloader\Autoloader.php(296): CodeIgniter\Autoloader\Autoloader->requireFile('C:\\xampp\\htdocs...')
#1 C:\xampp\htdocs\projekty\uczelnia\FB-Clone\system\Autoloader\Autoloader.php(258): CodeIgniter\Autoloader\Autoloader->loadInNamespace('App\\Models\\User...')
#2 [internal function]: CodeIgniter\Autoloader\Autoloader->loadClass('App\\Models\\User...')
#3 C:\xampp\htdocs\projekty\uczelnia\FB-Clone\app\Controllers\Home.php(9): spl_autoload_call('App\\Models\\User...')
#4 C:\xampp\htdocs\projekty\uczelnia\FB-Clone\system\CodeIgniter.php(918): App\Controllers\Home->index()
#5 C:\xampp\htdocs\projekty\uczelnia\FB-Clone\system\CodeIgniter.php(404): CodeIgniter\CodeIgniter->runController(Object(App\Controllers\Home))
#6 C:\xampp\htdocs\projekty\uczelnia\FB-Clone\system\CodeIgniter.php(312): CodeIgniter\CodeIgniter->handleRequest(NULL, Object(Config\Cache), false)
#7 C:\xampp\htdocs\projekty\uczelnia\FB-Clone\public\index.php(45): CodeIgniter\CodeIgniter->run()
#8 {main}
CRITICAL - 2020-12-13 09:07:52 --> syntax error, unexpected '}', expecting ';' or ','
#0 C:\xampp\htdocs\projekty\uczelnia\FB-Clone\system\Autoloader\Autoloader.php(296): CodeIgniter\Autoloader\Autoloader->requireFile('C:\\xampp\\htdocs...')
#1 C:\xampp\htdocs\projekty\uczelnia\FB-Clone\system\Autoloader\Autoloader.php(258): CodeIgniter\Autoloader\Autoloader->loadInNamespace('App\\Models\\User...')
#2 [internal function]: CodeIgniter\Autoloader\Autoloader->loadClass('App\\Models\\User...')
#3 C:\xampp\htdocs\projekty\uczelnia\FB-Clone\app\Controllers\Home.php(9): spl_autoload_call('App\\Models\\User...')
#4 C:\xampp\htdocs\projekty\uczelnia\FB-Clone\system\CodeIgniter.php(918): App\Controllers\Home->index()
#5 C:\xampp\htdocs\projekty\uczelnia\FB-Clone\system\CodeIgniter.php(404): CodeIgniter\CodeIgniter->runController(Object(App\Controllers\Home))
#6 C:\xampp\htdocs\projekty\uczelnia\FB-Clone\system\CodeIgniter.php(312): CodeIgniter\CodeIgniter->handleRequest(NULL, Object(Config\Cache), false)
#7 C:\xampp\htdocs\projekty\uczelnia\FB-Clone\public\index.php(45): CodeIgniter\CodeIgniter->run()
#8 {main}
CRITICAL - 2020-12-13 09:07:52 --> syntax error, unexpected '}', expecting ';' or ','
#0 C:\xampp\htdocs\projekty\uczelnia\FB-Clone\system\Autoloader\Autoloader.php(296): CodeIgniter\Autoloader\Autoloader->requireFile('C:\\xampp\\htdocs...')
#1 C:\xampp\htdocs\projekty\uczelnia\FB-Clone\system\Autoloader\Autoloader.php(258): CodeIgniter\Autoloader\Autoloader->loadInNamespace('App\\Models\\User...')
#2 [internal function]: CodeIgniter\Autoloader\Autoloader->loadClass('App\\Models\\User...')
#3 C:\xampp\htdocs\projekty\uczelnia\FB-Clone\app\Controllers\Home.php(9): spl_autoload_call('App\\Models\\User...')
#4 C:\xampp\htdocs\projekty\uczelnia\FB-Clone\system\CodeIgniter.php(918): App\Controllers\Home->index()
#5 C:\xampp\htdocs\projekty\uczelnia\FB-Clone\system\CodeIgniter.php(404): CodeIgniter\CodeIgniter->runController(Object(App\Controllers\Home))
#6 C:\xampp\htdocs\projekty\uczelnia\FB-Clone\system\CodeIgniter.php(312): CodeIgniter\CodeIgniter->handleRequest(NULL, Object(Config\Cache), false)
#7 C:\xampp\htdocs\projekty\uczelnia\FB-Clone\public\index.php(45): CodeIgniter\CodeIgniter->run()
#8 {main}
CRITICAL - 2020-12-13 09:08:08 --> syntax error, unexpected '}', expecting ';' or ','
#0 C:\xampp\htdocs\projekty\uczelnia\FB-Clone\system\Autoloader\Autoloader.php(296): CodeIgniter\Autoloader\Autoloader->requireFile('C:\\xampp\\htdocs...')
#1 C:\xampp\htdocs\projekty\uczelnia\FB-Clone\system\Autoloader\Autoloader.php(258): CodeIgniter\Autoloader\Autoloader->loadInNamespace('App\\Models\\User...')
#2 [internal function]: CodeIgniter\Autoloader\Autoloader->loadClass('App\\Models\\User...')
#3 C:\xampp\htdocs\projekty\uczelnia\FB-Clone\app\Controllers\Home.php(9): spl_autoload_call('App\\Models\\User...')
#4 C:\xampp\htdocs\projekty\uczelnia\FB-Clone\system\CodeIgniter.php(918): App\Controllers\Home->index()
#5 C:\xampp\htdocs\projekty\uczelnia\FB-Clone\system\CodeIgniter.php(404): CodeIgniter\CodeIgniter->runController(Object(App\Controllers\Home))
#6 C:\xampp\htdocs\projekty\uczelnia\FB-Clone\system\CodeIgniter.php(312): CodeIgniter\CodeIgniter->handleRequest(NULL, Object(Config\Cache), false)
#7 C:\xampp\htdocs\projekty\uczelnia\FB-Clone\public\index.php(45): CodeIgniter\CodeIgniter->run()
#8 {main}
CRITICAL - 2020-12-13 09:08:08 --> syntax error, unexpected '}', expecting ';' or ','
#0 C:\xampp\htdocs\projekty\uczelnia\FB-Clone\system\Autoloader\Autoloader.php(296): CodeIgniter\Autoloader\Autoloader->requireFile('C:\\xampp\\htdocs...')
#1 C:\xampp\htdocs\projekty\uczelnia\FB-Clone\system\Autoloader\Autoloader.php(258): CodeIgniter\Autoloader\Autoloader->loadInNamespace('App\\Models\\User...')
#2 [internal function]: CodeIgniter\Autoloader\Autoloader->loadClass('App\\Models\\User...')
#3 C:\xampp\htdocs\projekty\uczelnia\FB-Clone\app\Controllers\Home.php(9): spl_autoload_call('App\\Models\\User...')
#4 C:\xampp\htdocs\projekty\uczelnia\FB-Clone\system\CodeIgniter.php(918): App\Controllers\Home->index()
#5 C:\xampp\htdocs\projekty\uczelnia\FB-Clone\system\CodeIgniter.php(404): CodeIgniter\CodeIgniter->runController(Object(App\Controllers\Home))
#6 C:\xampp\htdocs\projekty\uczelnia\FB-Clone\system\CodeIgniter.php(312): CodeIgniter\CodeIgniter->handleRequest(NULL, Object(Config\Cache), false)
#7 C:\xampp\htdocs\projekty\uczelnia\FB-Clone\public\index.php(45): CodeIgniter\CodeIgniter->run()
#8 {main}
CRITICAL - 2020-12-13 09:08:09 --> syntax error, unexpected '}', expecting ';' or ','
#0 C:\xampp\htdocs\projekty\uczelnia\FB-Clone\system\Autoloader\Autoloader.php(296): CodeIgniter\Autoloader\Autoloader->requireFile('C:\\xampp\\htdocs...')
#1 C:\xampp\htdocs\projekty\uczelnia\FB-Clone\system\Autoloader\Autoloader.php(258): CodeIgniter\Autoloader\Autoloader->loadInNamespace('App\\Models\\User...')
#2 [internal function]: CodeIgniter\Autoloader\Autoloader->loadClass('App\\Models\\User...')
#3 C:\xampp\htdocs\projekty\uczelnia\FB-Clone\app\Controllers\Home.php(9): spl_autoload_call('App\\Models\\User...')
#4 C:\xampp\htdocs\projekty\uczelnia\FB-Clone\system\CodeIgniter.php(918): App\Controllers\Home->index()
#5 C:\xampp\htdocs\projekty\uczelnia\FB-Clone\system\CodeIgniter.php(404): CodeIgniter\CodeIgniter->runController(Object(App\Controllers\Home))
#6 C:\xampp\htdocs\projekty\uczelnia\FB-Clone\system\CodeIgniter.php(312): CodeIgniter\CodeIgniter->handleRequest(NULL, Object(Config\Cache), false)
#7 C:\xampp\htdocs\projekty\uczelnia\FB-Clone\public\index.php(45): CodeIgniter\CodeIgniter->run()
#8 {main}
CRITICAL - 2020-12-13 09:08:09 --> syntax error, unexpected '}', expecting ';' or ','
#0 C:\xampp\htdocs\projekty\uczelnia\FB-Clone\system\Autoloader\Autoloader.php(296): CodeIgniter\Autoloader\Autoloader->requireFile('C:\\xampp\\htdocs...')
#1 C:\xampp\htdocs\projekty\uczelnia\FB-Clone\system\Autoloader\Autoloader.php(258): CodeIgniter\Autoloader\Autoloader->loadInNamespace('App\\Models\\User...')
#2 [internal function]: CodeIgniter\Autoloader\Autoloader->loadClass('App\\Models\\User...')
#3 C:\xampp\htdocs\projekty\uczelnia\FB-Clone\app\Controllers\Home.php(9): spl_autoload_call('App\\Models\\User...')
#4 C:\xampp\htdocs\projekty\uczelnia\FB-Clone\system\CodeIgniter.php(918): App\Controllers\Home->index()
#5 C:\xampp\htdocs\projekty\uczelnia\FB-Clone\system\CodeIgniter.php(404): CodeIgniter\CodeIgniter->runController(Object(App\Controllers\Home))
#6 C:\xampp\htdocs\projekty\uczelnia\FB-Clone\system\CodeIgniter.php(312): CodeIgniter\CodeIgniter->handleRequest(NULL, Object(Config\Cache), false)
#7 C:\xampp\htdocs\projekty\uczelnia\FB-Clone\public\index.php(45): CodeIgniter\CodeIgniter->run()
#8 {main}
CRITICAL - 2020-12-13 09:08:09 --> syntax error, unexpected '}', expecting ';' or ','
#0 C:\xampp\htdocs\projekty\uczelnia\FB-Clone\system\Autoloader\Autoloader.php(296): CodeIgniter\Autoloader\Autoloader->requireFile('C:\\xampp\\htdocs...')
#1 C:\xampp\htdocs\projekty\uczelnia\FB-Clone\system\Autoloader\Autoloader.php(258): CodeIgniter\Autoloader\Autoloader->loadInNamespace('App\\Models\\User...')
#2 [internal function]: CodeIgniter\Autoloader\Autoloader->loadClass('App\\Models\\User...')
#3 C:\xampp\htdocs\projekty\uczelnia\FB-Clone\app\Controllers\Home.php(9): spl_autoload_call('App\\Models\\User...')
#4 C:\xampp\htdocs\projekty\uczelnia\FB-Clone\system\CodeIgniter.php(918): App\Controllers\Home->index()
#5 C:\xampp\htdocs\projekty\uczelnia\FB-Clone\system\CodeIgniter.php(404): CodeIgniter\CodeIgniter->runController(Object(App\Controllers\Home))
#6 C:\xampp\htdocs\projekty\uczelnia\FB-Clone\system\CodeIgniter.php(312): CodeIgniter\CodeIgniter->handleRequest(NULL, Object(Config\Cache), false)
#7 C:\xampp\htdocs\projekty\uczelnia\FB-Clone\public\index.php(45): CodeIgniter\CodeIgniter->run()
#8 {main}
CRITICAL - 2020-12-13 09:08:09 --> syntax error, unexpected '}', expecting ';' or ','
#0 C:\xampp\htdocs\projekty\uczelnia\FB-Clone\system\Autoloader\Autoloader.php(296): CodeIgniter\Autoloader\Autoloader->requireFile('C:\\xampp\\htdocs...')
#1 C:\xampp\htdocs\projekty\uczelnia\FB-Clone\system\Autoloader\Autoloader.php(258): CodeIgniter\Autoloader\Autoloader->loadInNamespace('App\\Models\\User...')
#2 [internal function]: CodeIgniter\Autoloader\Autoloader->loadClass('App\\Models\\User...')
#3 C:\xampp\htdocs\projekty\uczelnia\FB-Clone\app\Controllers\Home.php(9): spl_autoload_call('App\\Models\\User...')
#4 C:\xampp\htdocs\projekty\uczelnia\FB-Clone\system\CodeIgniter.php(918): App\Controllers\Home->index()
#5 C:\xampp\htdocs\projekty\uczelnia\FB-Clone\system\CodeIgniter.php(404): CodeIgniter\CodeIgniter->runController(Object(App\Controllers\Home))
#6 C:\xampp\htdocs\projekty\uczelnia\FB-Clone\system\CodeIgniter.php(312): CodeIgniter\CodeIgniter->handleRequest(NULL, Object(Config\Cache), false)
#7 C:\xampp\htdocs\projekty\uczelnia\FB-Clone\public\index.php(45): CodeIgniter\CodeIgniter->run()
#8 {main}
CRITICAL - 2020-12-13 09:08:33 --> Unable to connect to the database.
#0 C:\xampp\htdocs\projekty\uczelnia\FB-Clone\system\Database\BaseConnection.php(646): CodeIgniter\Database\BaseConnection->initialize()
#1 C:\xampp\htdocs\projekty\uczelnia\FB-Clone\system\Database\BaseBuilder.php(1860): CodeIgniter\Database\BaseConnection->query('SELECT *\nFROM `...', Array, false)
#2 C:\xampp\htdocs\projekty\uczelnia\FB-Clone\system\Model.php(462): CodeIgniter\Database\BaseBuilder->get()
#3 C:\xampp\htdocs\projekty\uczelnia\FB-Clone\app\Controllers\Home.php(10): CodeIgniter\Model->findAll()
#4 C:\xampp\htdocs\projekty\uczelnia\FB-Clone\system\CodeIgniter.php(918): App\Controllers\Home->index()
#5 C:\xampp\htdocs\projekty\uczelnia\FB-Clone\system\CodeIgniter.php(404): CodeIgniter\CodeIgniter->runController(Object(App\Controllers\Home))
#6 C:\xampp\htdocs\projekty\uczelnia\FB-Clone\system\CodeIgniter.php(312): CodeIgniter\CodeIgniter->handleRequest(NULL, Object(Config\Cache), false)
#7 C:\xampp\htdocs\projekty\uczelnia\FB-Clone\public\index.php(45): CodeIgniter\CodeIgniter->run()
#8 {main}
CRITICAL - 2020-12-13 09:08:33 --> Unable to connect to the database.
#0 C:\xampp\htdocs\projekty\uczelnia\FB-Clone\system\Database\BaseConnection.php(646): CodeIgniter\Database\BaseConnection->initialize()
#1 C:\xampp\htdocs\projekty\uczelnia\FB-Clone\system\Database\BaseBuilder.php(1860): CodeIgniter\Database\BaseConnection->query('SELECT *\nFROM `...', Array, false)
#2 C:\xampp\htdocs\projekty\uczelnia\FB-Clone\system\Model.php(462): CodeIgniter\Database\BaseBuilder->get()
#3 C:\xampp\htdocs\projekty\uczelnia\FB-Clone\app\Controllers\Home.php(10): CodeIgniter\Model->findAll()
#4 C:\xampp\htdocs\projekty\uczelnia\FB-Clone\system\CodeIgniter.php(918): App\Controllers\Home->index()
#5 C:\xampp\htdocs\projekty\uczelnia\FB-Clone\system\CodeIgniter.php(404): CodeIgniter\CodeIgniter->runController(Object(App\Controllers\Home))
#6 C:\xampp\htdocs\projekty\uczelnia\FB-Clone\system\CodeIgniter.php(312): CodeIgniter\CodeIgniter->handleRequest(NULL, Object(Config\Cache), false)
#7 C:\xampp\htdocs\projekty\uczelnia\FB-Clone\public\index.php(45): CodeIgniter\CodeIgniter->run()
#8 {main}
CRITICAL - 2020-12-13 09:08:33 --> Unable to connect to the database.
#0 C:\xampp\htdocs\projekty\uczelnia\FB-Clone\system\Database\BaseConnection.php(646): CodeIgniter\Database\BaseConnection->initialize()
#1 C:\xampp\htdocs\projekty\uczelnia\FB-Clone\system\Database\BaseBuilder.php(1860): CodeIgniter\Database\BaseConnection->query('SELECT *\nFROM `...', Array, false)
#2 C:\xampp\htdocs\projekty\uczelnia\FB-Clone\system\Model.php(462): CodeIgniter\Database\BaseBuilder->get()
#3 C:\xampp\htdocs\projekty\uczelnia\FB-Clone\app\Controllers\Home.php(10): CodeIgniter\Model->findAll()
#4 C:\xampp\htdocs\projekty\uczelnia\FB-Clone\system\CodeIgniter.php(918): App\Controllers\Home->index()
#5 C:\xampp\htdocs\projekty\uczelnia\FB-Clone\system\CodeIgniter.php(404): CodeIgniter\CodeIgniter->runController(Object(App\Controllers\Home))
#6 C:\xampp\htdocs\projekty\uczelnia\FB-Clone\system\CodeIgniter.php(312): CodeIgniter\CodeIgniter->handleRequest(NULL, Object(Config\Cache), false)
#7 C:\xampp\htdocs\projekty\uczelnia\FB-Clone\public\index.php(45): CodeIgniter\CodeIgniter->run()
#8 {main}
CRITICAL - 2020-12-13 09:11:24 --> Unable to connect to the database.
#0 C:\xampp\htdocs\projekty\uczelnia\FB-Clone\system\Database\BaseConnection.php(646): CodeIgniter\Database\BaseConnection->initialize()
#1 C:\xampp\htdocs\projekty\uczelnia\FB-Clone\system\Database\BaseBuilder.php(1860): CodeIgniter\Database\BaseConnection->query('SELECT *\nFROM `...', Array, false)
#2 C:\xampp\htdocs\projekty\uczelnia\FB-Clone\system\Model.php(462): CodeIgniter\Database\BaseBuilder->get()
#3 C:\xampp\htdocs\projekty\uczelnia\FB-Clone\app\Controllers\Home.php(10): CodeIgniter\Model->findAll()
#4 C:\xampp\htdocs\projekty\uczelnia\FB-Clone\system\CodeIgniter.php(918): App\Controllers\Home->index()
#5 C:\xampp\htdocs\projekty\uczelnia\FB-Clone\system\CodeIgniter.php(404): CodeIgniter\CodeIgniter->runController(Object(App\Controllers\Home))
#6 C:\xampp\htdocs\projekty\uczelnia\FB-Clone\system\CodeIgniter.php(312): CodeIgniter\CodeIgniter->handleRequest(NULL, Object(Config\Cache), false)
#7 C:\xampp\htdocs\projekty\uczelnia\FB-Clone\public\index.php(45): CodeIgniter\CodeIgniter->run()
#8 {main}
CRITICAL - 2020-12-13 09:13:12 --> Unable to connect to the database.
#0 C:\xampp\htdocs\projekty\uczelnia\FB-Clone\system\Database\BaseConnection.php(646): CodeIgniter\Database\BaseConnection->initialize()
#1 C:\xampp\htdocs\projekty\uczelnia\FB-Clone\system\Database\BaseBuilder.php(1860): CodeIgniter\Database\BaseConnection->query('SELECT *\nFROM `...', Array, false)
#2 C:\xampp\htdocs\projekty\uczelnia\FB-Clone\system\Model.php(462): CodeIgniter\Database\BaseBuilder->get()
#3 C:\xampp\htdocs\projekty\uczelnia\FB-Clone\app\Controllers\Home.php(10): CodeIgniter\Model->findAll()
#4 C:\xampp\htdocs\projekty\uczelnia\FB-Clone\system\CodeIgniter.php(918): App\Controllers\Home->index()
#5 C:\xampp\htdocs\projekty\uczelnia\FB-Clone\system\CodeIgniter.php(404): CodeIgniter\CodeIgniter->runController(Object(App\Controllers\Home))
#6 C:\xampp\htdocs\projekty\uczelnia\FB-Clone\system\CodeIgniter.php(312): CodeIgniter\CodeIgniter->handleRequest(NULL, Object(Config\Cache), false)
#7 C:\xampp\htdocs\projekty\uczelnia\FB-Clone\public\index.php(45): CodeIgniter\CodeIgniter->run()
#8 {main}
CRITICAL - 2020-12-13 09:13:41 --> Unable to connect to the database.
#0 C:\xampp\htdocs\projekty\uczelnia\FB-Clone\system\Database\BaseConnection.php(646): CodeIgniter\Database\BaseConnection->initialize()
#1 C:\xampp\htdocs\projekty\uczelnia\FB-Clone\system\Database\BaseBuilder.php(1860): CodeIgniter\Database\BaseConnection->query('SELECT *\nFROM `...', Array, false)
#2 C:\xampp\htdocs\projekty\uczelnia\FB-Clone\system\Model.php(462): CodeIgniter\Database\BaseBuilder->get()
#3 C:\xampp\htdocs\projekty\uczelnia\FB-Clone\app\Controllers\Home.php(10): CodeIgniter\Model->findAll()
#4 C:\xampp\htdocs\projekty\uczelnia\FB-Clone\system\CodeIgniter.php(918): App\Controllers\Home->index()
#5 C:\xampp\htdocs\projekty\uczelnia\FB-Clone\system\CodeIgniter.php(404): CodeIgniter\CodeIgniter->runController(Object(App\Controllers\Home))
#6 C:\xampp\htdocs\projekty\uczelnia\FB-Clone\system\CodeIgniter.php(312): CodeIgniter\CodeIgniter->handleRequest(NULL, Object(Config\Cache), false)
#7 C:\xampp\htdocs\projekty\uczelnia\FB-Clone\public\index.php(45): CodeIgniter\CodeIgniter->run()
#8 {main}
CRITICAL - 2020-12-13 09:45:29 --> Call to a member function insert() on null
#0 C:\xampp\htdocs\projekty\uczelnia\FB-Clone\system\CodeIgniter.php(918): App\Controllers\Account->register()
#1 C:\xampp\htdocs\projekty\uczelnia\FB-Clone\system\CodeIgniter.php(404): CodeIgniter\CodeIgniter->runController(Object(App\Controllers\Account))
#2 C:\xampp\htdocs\projekty\uczelnia\FB-Clone\system\CodeIgniter.php(312): CodeIgniter\CodeIgniter->handleRequest(NULL, Object(Config\Cache), false)
#3 C:\xampp\htdocs\projekty\uczelnia\FB-Clone\public\index.php(45): CodeIgniter\CodeIgniter->run()
#4 {main}
CRITICAL - 2020-12-13 09:45:51 --> Call to a member function model() on null
#0 C:\xampp\htdocs\projekty\uczelnia\FB-Clone\system\CodeIgniter.php(890): App\Controllers\Account->__construct()
#1 C:\xampp\htdocs\projekty\uczelnia\FB-Clone\system\CodeIgniter.php(399): CodeIgniter\CodeIgniter->createController()
#2 C:\xampp\htdocs\projekty\uczelnia\FB-Clone\system\CodeIgniter.php(312): CodeIgniter\CodeIgniter->handleRequest(NULL, Object(Config\Cache), false)
#3 C:\xampp\htdocs\projekty\uczelnia\FB-Clone\public\index.php(45): CodeIgniter\CodeIgniter->run()
#4 {main}
CRITICAL - 2020-12-13 09:46:17 --> Call to a member function model() on null
#0 C:\xampp\htdocs\projekty\uczelnia\FB-Clone\system\CodeIgniter.php(890): App\Controllers\Account->__construct()
#1 C:\xampp\htdocs\projekty\uczelnia\FB-Clone\system\CodeIgniter.php(399): CodeIgniter\CodeIgniter->createController()
#2 C:\xampp\htdocs\projekty\uczelnia\FB-Clone\system\CodeIgniter.php(312): CodeIgniter\CodeIgniter->handleRequest(NULL, Object(Config\Cache), false)
#3 C:\xampp\htdocs\projekty\uczelnia\FB-Clone\public\index.php(45): CodeIgniter\CodeIgniter->run()
#4 {main}
CRITICAL - 2020-12-13 09:46:43 --> Call to a member function model() on null
#0 C:\xampp\htdocs\projekty\uczelnia\FB-Clone\system\CodeIgniter.php(890): App\Controllers\Account->__construct()
#1 C:\xampp\htdocs\projekty\uczelnia\FB-Clone\system\CodeIgniter.php(399): CodeIgniter\CodeIgniter->createController()
#2 C:\xampp\htdocs\projekty\uczelnia\FB-Clone\system\CodeIgniter.php(312): CodeIgniter\CodeIgniter->handleRequest(NULL, Object(Config\Cache), false)
#3 C:\xampp\htdocs\projekty\uczelnia\FB-Clone\public\index.php(45): CodeIgniter\CodeIgniter->run()
#4 {main}
CRITICAL - 2020-12-13 09:46:54 --> Call to a member function model() on null
#0 C:\xampp\htdocs\projekty\uczelnia\FB-Clone\system\CodeIgniter.php(890): App\Controllers\Account->__construct()
#1 C:\xampp\htdocs\projekty\uczelnia\FB-Clone\system\CodeIgniter.php(399): CodeIgniter\CodeIgniter->createController()
#2 C:\xampp\htdocs\projekty\uczelnia\FB-Clone\system\CodeIgniter.php(312): CodeIgniter\CodeIgniter->handleRequest(NULL, Object(Config\Cache), false)
#3 C:\xampp\htdocs\projekty\uczelnia\FB-Clone\public\index.php(45): CodeIgniter\CodeIgniter->run()
#4 {main}
CRITICAL - 2020-12-13 09:46:55 --> Call to a member function model() on null
#0 C:\xampp\htdocs\projekty\uczelnia\FB-Clone\system\CodeIgniter.php(890): App\Controllers\Account->__construct()
#1 C:\xampp\htdocs\projekty\uczelnia\FB-Clone\system\CodeIgniter.php(399): CodeIgniter\CodeIgniter->createController()
#2 C:\xampp\htdocs\projekty\uczelnia\FB-Clone\system\CodeIgniter.php(312): CodeIgniter\CodeIgniter->handleRequest(NULL, Object(Config\Cache), false)
#3 C:\xampp\htdocs\projekty\uczelnia\FB-Clone\public\index.php(45): CodeIgniter\CodeIgniter->run()
#4 {main}
CRITICAL - 2020-12-13 09:51:56 --> Call to a member function model() on null
#0 C:\xampp\htdocs\projekty\uczelnia\FB-Clone\system\CodeIgniter.php(890): App\Controllers\Account->__construct()
#1 C:\xampp\htdocs\projekty\uczelnia\FB-Clone\system\CodeIgniter.php(399): CodeIgniter\CodeIgniter->createController()
#2 C:\xampp\htdocs\projekty\uczelnia\FB-Clone\system\CodeIgniter.php(312): CodeIgniter\CodeIgniter->handleRequest(NULL, Object(Config\Cache), false)
#3 C:\xampp\htdocs\projekty\uczelnia\FB-Clone\public\index.php(45): CodeIgniter\CodeIgniter->run()
#4 {main}
CRITICAL - 2020-12-13 09:51:58 --> Call to a member function model() on null
#0 C:\xampp\htdocs\projekty\uczelnia\FB-Clone\system\CodeIgniter.php(890): App\Controllers\Account->__construct()
#1 C:\xampp\htdocs\projekty\uczelnia\FB-Clone\system\CodeIgniter.php(399): CodeIgniter\CodeIgniter->createController()
#2 C:\xampp\htdocs\projekty\uczelnia\FB-Clone\system\CodeIgniter.php(312): CodeIgniter\CodeIgniter->handleRequest(NULL, Object(Config\Cache), false)
#3 C:\xampp\htdocs\projekty\uczelnia\FB-Clone\public\index.php(45): CodeIgniter\CodeIgniter->run()
#4 {main}
CRITICAL - 2020-12-13 09:52:04 --> Call to a member function model() on null
#0 C:\xampp\htdocs\projekty\uczelnia\FB-Clone\system\CodeIgniter.php(890): App\Controllers\Account->__construct()
#1 C:\xampp\htdocs\projekty\uczelnia\FB-Clone\system\CodeIgniter.php(399): CodeIgniter\CodeIgniter->createController()
#2 C:\xampp\htdocs\projekty\uczelnia\FB-Clone\system\CodeIgniter.php(312): CodeIgniter\CodeIgniter->handleRequest(NULL, Object(Config\Cache), false)
#3 C:\xampp\htdocs\projekty\uczelnia\FB-Clone\public\index.php(45): CodeIgniter\CodeIgniter->run()
#4 {main}
CRITICAL - 2020-12-13 09:52:11 --> Call to a member function model() on null
#0 C:\xampp\htdocs\projekty\uczelnia\FB-Clone\system\CodeIgniter.php(890): App\Controllers\Account->__construct()
#1 C:\xampp\htdocs\projekty\uczelnia\FB-Clone\system\CodeIgniter.php(399): CodeIgniter\CodeIgniter->createController()
#2 C:\xampp\htdocs\projekty\uczelnia\FB-Clone\system\CodeIgniter.php(312): CodeIgniter\CodeIgniter->handleRequest(NULL, Object(Config\Cache), false)
#3 C:\xampp\htdocs\projekty\uczelnia\FB-Clone\public\index.php(45): CodeIgniter\CodeIgniter->run()
#4 {main}
CRITICAL - 2020-12-13 09:52:33 --> Call to a member function model() on null
#0 C:\xampp\htdocs\projekty\uczelnia\FB-Clone\system\CodeIgniter.php(890): App\Controllers\Account->__construct()
#1 C:\xampp\htdocs\projekty\uczelnia\FB-Clone\system\CodeIgniter.php(399): CodeIgniter\CodeIgniter->createController()
#2 C:\xampp\htdocs\projekty\uczelnia\FB-Clone\system\CodeIgniter.php(312): CodeIgniter\CodeIgniter->handleRequest(NULL, Object(Config\Cache), false)
#3 C:\xampp\htdocs\projekty\uczelnia\FB-Clone\public\index.php(45): CodeIgniter\CodeIgniter->run()
#4 {main}
CRITICAL - 2020-12-13 09:52:34 --> Call to a member function model() on null
#0 C:\xampp\htdocs\projekty\uczelnia\FB-Clone\system\CodeIgniter.php(890): App\Controllers\Account->__construct()
#1 C:\xampp\htdocs\projekty\uczelnia\FB-Clone\system\CodeIgniter.php(399): CodeIgniter\CodeIgniter->createController()
#2 C:\xampp\htdocs\projekty\uczelnia\FB-Clone\system\CodeIgniter.php(312): CodeIgniter\CodeIgniter->handleRequest(NULL, Object(Config\Cache), false)
#3 C:\xampp\htdocs\projekty\uczelnia\FB-Clone\public\index.php(45): CodeIgniter\CodeIgniter->run()
#4 {main}
CRITICAL - 2020-12-13 09:52:34 --> Call to a member function model() on null
#0 C:\xampp\htdocs\projekty\uczelnia\FB-Clone\system\CodeIgniter.php(890): App\Controllers\Account->__construct()
#1 C:\xampp\htdocs\projekty\uczelnia\FB-Clone\system\CodeIgniter.php(399): CodeIgniter\CodeIgniter->createController()
#2 C:\xampp\htdocs\projekty\uczelnia\FB-Clone\system\CodeIgniter.php(312): CodeIgniter\CodeIgniter->handleRequest(NULL, Object(Config\Cache), false)
#3 C:\xampp\htdocs\projekty\uczelnia\FB-Clone\public\index.php(45): CodeIgniter\CodeIgniter->run()
#4 {main}
CRITICAL - 2020-12-13 09:52:34 --> Call to a member function model() on null
#0 C:\xampp\htdocs\projekty\uczelnia\FB-Clone\system\CodeIgniter.php(890): App\Controllers\Account->__construct()
#1 C:\xampp\htdocs\projekty\uczelnia\FB-Clone\system\CodeIgniter.php(399): CodeIgniter\CodeIgniter->createController()
#2 C:\xampp\htdocs\projekty\uczelnia\FB-Clone\system\CodeIgniter.php(312): CodeIgniter\CodeIgniter->handleRequest(NULL, Object(Config\Cache), false)
#3 C:\xampp\htdocs\projekty\uczelnia\FB-Clone\public\index.php(45): CodeIgniter\CodeIgniter->run()
#4 {main}
CRITICAL - 2020-12-13 09:52:34 --> Call to a member function model() on null
#0 C:\xampp\htdocs\projekty\uczelnia\FB-Clone\system\CodeIgniter.php(890): App\Controllers\Account->__construct()
#1 C:\xampp\htdocs\projekty\uczelnia\FB-Clone\system\CodeIgniter.php(399): CodeIgniter\CodeIgniter->createController()
#2 C:\xampp\htdocs\projekty\uczelnia\FB-Clone\system\CodeIgniter.php(312): CodeIgniter\CodeIgniter->handleRequest(NULL, Object(Config\Cache), false)
#3 C:\xampp\htdocs\projekty\uczelnia\FB-Clone\public\index.php(45): CodeIgniter\CodeIgniter->run()
#4 {main}
CRITICAL - 2020-12-13 09:52:35 --> Call to a member function model() on null
#0 C:\xampp\htdocs\projekty\uczelnia\FB-Clone\system\CodeIgniter.php(890): App\Controllers\Account->__construct()
#1 C:\xampp\htdocs\projekty\uczelnia\FB-Clone\system\CodeIgniter.php(399): CodeIgniter\CodeIgniter->createController()
#2 C:\xampp\htdocs\projekty\uczelnia\FB-Clone\system\CodeIgniter.php(312): CodeIgniter\CodeIgniter->handleRequest(NULL, Object(Config\Cache), false)
#3 C:\xampp\htdocs\projekty\uczelnia\FB-Clone\public\index.php(45): CodeIgniter\CodeIgniter->run()
#4 {main}
CRITICAL - 2020-12-13 09:52:53 --> Call to a member function model() on null
#0 C:\xampp\htdocs\projekty\uczelnia\FB-Clone\system\CodeIgniter.php(890): App\Controllers\Account->__construct()
#1 C:\xampp\htdocs\projekty\uczelnia\FB-Clone\system\CodeIgniter.php(399): CodeIgniter\CodeIgniter->createController()
#2 C:\xampp\htdocs\projekty\uczelnia\FB-Clone\system\CodeIgniter.php(312): CodeIgniter\CodeIgniter->handleRequest(NULL, Object(Config\Cache), false)
#3 C:\xampp\htdocs\projekty\uczelnia\FB-Clone\public\index.php(45): CodeIgniter\CodeIgniter->run()
#4 {main}
CRITICAL - 2020-12-13 09:52:59 --> Call to a member function model() on null
#0 C:\xampp\htdocs\projekty\uczelnia\FB-Clone\system\CodeIgniter.php(890): App\Controllers\Account->__construct()
#1 C:\xampp\htdocs\projekty\uczelnia\FB-Clone\system\CodeIgniter.php(399): CodeIgniter\CodeIgniter->createController()
#2 C:\xampp\htdocs\projekty\uczelnia\FB-Clone\system\CodeIgniter.php(312): CodeIgniter\CodeIgniter->handleRequest(NULL, Object(Config\Cache), false)
#3 C:\xampp\htdocs\projekty\uczelnia\FB-Clone\public\index.php(45): CodeIgniter\CodeIgniter->run()
#4 {main}
CRITICAL - 2020-12-13 09:53:31 --> Call to a member function model() on null
#0 C:\xampp\htdocs\projekty\uczelnia\FB-Clone\system\CodeIgniter.php(890): App\Controllers\Account->__construct()
#1 C:\xampp\htdocs\projekty\uczelnia\FB-Clone\system\CodeIgniter.php(399): CodeIgniter\CodeIgniter->createController()
#2 C:\xampp\htdocs\projekty\uczelnia\FB-Clone\system\CodeIgniter.php(312): CodeIgniter\CodeIgniter->handleRequest(NULL, Object(Config\Cache), false)
#3 C:\xampp\htdocs\projekty\uczelnia\FB-Clone\public\index.php(45): CodeIgniter\CodeIgniter->run()
#4 {main}
CRITICAL - 2020-12-13 09:53:48 --> Call to a member function insert() on null
#0 C:\xampp\htdocs\projekty\uczelnia\FB-Clone\system\CodeIgniter.php(918): App\Controllers\Account->register()
#1 C:\xampp\htdocs\projekty\uczelnia\FB-Clone\system\CodeIgniter.php(404): CodeIgniter\CodeIgniter->runController(Object(App\Controllers\Account))
#2 C:\xampp\htdocs\projekty\uczelnia\FB-Clone\system\CodeIgniter.php(312): CodeIgniter\CodeIgniter->handleRequest(NULL, Object(Config\Cache), false)
#3 C:\xampp\htdocs\projekty\uczelnia\FB-Clone\public\index.php(45): CodeIgniter\CodeIgniter->run()
#4 {main}
CRITICAL - 2020-12-13 09:54:39 --> Undefined property: App\Controllers\Account::$UserModel
#0 C:\xampp\htdocs\projekty\uczelnia\FB-Clone\app\Controllers\Account.php(21): CodeIgniter\Debug\Exceptions->errorHandler(8, 'Undefined prope...', 'C:\\xampp\\htdocs...', 21, Array)
#1 C:\xampp\htdocs\projekty\uczelnia\FB-Clone\system\CodeIgniter.php(918): App\Controllers\Account->register()
#2 C:\xampp\htdocs\projekty\uczelnia\FB-Clone\system\CodeIgniter.php(404): CodeIgniter\CodeIgniter->runController(Object(App\Controllers\Account))
#3 C:\xampp\htdocs\projekty\uczelnia\FB-Clone\system\CodeIgniter.php(312): CodeIgniter\CodeIgniter->handleRequest(NULL, Object(Config\Cache), false)
#4 C:\xampp\htdocs\projekty\uczelnia\FB-Clone\public\index.php(45): CodeIgniter\CodeIgniter->run()
#5 {main}
CRITICAL - 2020-12-13 09:54:48 --> Undefined property: App\Controllers\Account::$load
#0 C:\xampp\htdocs\projekty\uczelnia\FB-Clone\app\Controllers\Account.php(11): CodeIgniter\Debug\Exceptions->errorHandler(8, 'Undefined prope...', 'C:\\xampp\\htdocs...', 11, Array)
#1 C:\xampp\htdocs\projekty\uczelnia\FB-Clone\system\CodeIgniter.php(890): App\Controllers\Account->__construct()
#2 C:\xampp\htdocs\projekty\uczelnia\FB-Clone\system\CodeIgniter.php(399): CodeIgniter\CodeIgniter->createController()
#3 C:\xampp\htdocs\projekty\uczelnia\FB-Clone\system\CodeIgniter.php(312): CodeIgniter\CodeIgniter->handleRequest(NULL, Object(Config\Cache), false)
#4 C:\xampp\htdocs\projekty\uczelnia\FB-Clone\public\index.php(45): CodeIgniter\CodeIgniter->run()
#5 {main}
CRITICAL - 2020-12-13 09:58:25 --> Undefined property: App\Controllers\Account::$load
#0 C:\xampp\htdocs\projekty\uczelnia\FB-Clone\app\Controllers\Account.php(11): CodeIgniter\Debug\Exceptions->errorHandler(8, 'Undefined prope...', 'C:\\xampp\\htdocs...', 11, Array)
#1 C:\xampp\htdocs\projekty\uczelnia\FB-Clone\system\CodeIgniter.php(890): App\Controllers\Account->__construct()
#2 C:\xampp\htdocs\projekty\uczelnia\FB-Clone\system\CodeIgniter.php(399): CodeIgniter\CodeIgniter->createController()
#3 C:\xampp\htdocs\projekty\uczelnia\FB-Clone\system\CodeIgniter.php(312): CodeIgniter\CodeIgniter->handleRequest(NULL, Object(Config\Cache), false)
#4 C:\xampp\htdocs\projekty\uczelnia\FB-Clone\public\index.php(45): CodeIgniter\CodeIgniter->run()
#5 {main}
CRITICAL - 2020-12-13 10:02:41 --> Allowed fields must be specified for model: App\Models\UserModel
#0 C:\xampp\htdocs\projekty\uczelnia\FB-Clone\system\Model.php(1265): CodeIgniter\Database\Exceptions\DataException::forInvalidAllowedFields('App\\Models\\User...')
#1 C:\xampp\htdocs\projekty\uczelnia\FB-Clone\system\Model.php(735): CodeIgniter\Model->doProtectFields(Array)
#2 C:\xampp\htdocs\projekty\uczelnia\FB-Clone\app\Controllers\Account.php(22): CodeIgniter\Model->insert(Array)
#3 C:\xampp\htdocs\projekty\uczelnia\FB-Clone\system\CodeIgniter.php(918): App\Controllers\Account->register()
#4 C:\xampp\htdocs\projekty\uczelnia\FB-Clone\system\CodeIgniter.php(404): CodeIgniter\CodeIgniter->runController(Object(App\Controllers\Account))
#5 C:\xampp\htdocs\projekty\uczelnia\FB-Clone\system\CodeIgniter.php(312): CodeIgniter\CodeIgniter->handleRequest(NULL, Object(Config\Cache), false)
#6 C:\xampp\htdocs\projekty\uczelnia\FB-Clone\public\index.php(45): CodeIgniter\CodeIgniter->run()
#7 {main}
CRITICAL - 2020-12-13 10:02:54 --> Allowed fields must be specified for model: App\Models\UserModel
#0 C:\xampp\htdocs\projekty\uczelnia\FB-Clone\system\Model.php(1265): CodeIgniter\Database\Exceptions\DataException::forInvalidAllowedFields('App\\Models\\User...')
#1 C:\xampp\htdocs\projekty\uczelnia\FB-Clone\system\Model.php(735): CodeIgniter\Model->doProtectFields(Array)
#2 C:\xampp\htdocs\projekty\uczelnia\FB-Clone\app\Controllers\Account.php(22): CodeIgniter\Model->insert(Array)
#3 C:\xampp\htdocs\projekty\uczelnia\FB-Clone\system\CodeIgniter.php(918): App\Controllers\Account->register()
#4 C:\xampp\htdocs\projekty\uczelnia\FB-Clone\system\CodeIgniter.php(404): CodeIgniter\CodeIgniter->runController(Object(App\Controllers\Account))
#5 C:\xampp\htdocs\projekty\uczelnia\FB-Clone\system\CodeIgniter.php(312): CodeIgniter\CodeIgniter->handleRequest(NULL, Object(Config\Cache), false)
#6 C:\xampp\htdocs\projekty\uczelnia\FB-Clone\public\index.php(45): CodeIgniter\CodeIgniter->run()
#7 {main}
CRITICAL - 2020-12-13 12:17:14 --> Allowed fields must be specified for model: App\Models\UserModel
#0 C:\xampp\htdocs\projekty\uczelnia\FB-Clone\system\Model.php(1265): CodeIgniter\Database\Exceptions\DataException::forInvalidAllowedFields('App\\Models\\User...')
#1 C:\xampp\htdocs\projekty\uczelnia\FB-Clone\system\Model.php(735): CodeIgniter\Model->doProtectFields(Array)
#2 C:\xampp\htdocs\projekty\uczelnia\FB-Clone\app\Controllers\Account.php(21): CodeIgniter\Model->insert(Array)
#3 C:\xampp\htdocs\projekty\uczelnia\FB-Clone\system\CodeIgniter.php(918): App\Controllers\Account->register()
#4 C:\xampp\htdocs\projekty\uczelnia\FB-Clone\system\CodeIgniter.php(404): CodeIgniter\CodeIgniter->runController(Object(App\Controllers\Account))
#5 C:\xampp\htdocs\projekty\uczelnia\FB-Clone\system\CodeIgniter.php(312): CodeIgniter\CodeIgniter->handleRequest(NULL, Object(Config\Cache), false)
#6 C:\xampp\htdocs\projekty\uczelnia\FB-Clone\public\index.php(45): CodeIgniter\CodeIgniter->run()
#7 {main}
CRITICAL - 2020-12-13 12:27:11 --> Duplicate entry 'd.vader@theempire.com' for key 'email'
#0 C:\xampp\htdocs\projekty\uczelnia\FB-Clone\system\Database\MySQLi\Connection.php(331): mysqli->query('INSERT INTO `us...')
#1 C:\xampp\htdocs\projekty\uczelnia\FB-Clone\system\Database\BaseConnection.php(741): CodeIgniter\Database\MySQLi\Connection->execute('INSERT INTO `us...')
#2 C:\xampp\htdocs\projekty\uczelnia\FB-Clone\system\Database\BaseConnection.php(669): CodeIgniter\Database\BaseConnection->simpleQuery('INSERT INTO `us...')
#3 C:\xampp\htdocs\projekty\uczelnia\FB-Clone\system\Database\BaseBuilder.php(2249): CodeIgniter\Database\BaseConnection->query('INSERT INTO `us...', Array, false)
#4 C:\xampp\htdocs\projekty\uczelnia\FB-Clone\system\Model.php(755): CodeIgniter\Database\BaseBuilder->insert()
#5 C:\xampp\htdocs\projekty\uczelnia\FB-Clone\app\Controllers\Account.php(21): CodeIgniter\Model->insert(Array)
#6 C:\xampp\htdocs\projekty\uczelnia\FB-Clone\system\CodeIgniter.php(918): App\Controllers\Account->register()
#7 C:\xampp\htdocs\projekty\uczelnia\FB-Clone\system\CodeIgniter.php(404): CodeIgniter\CodeIgniter->runController(Object(App\Controllers\Account))
#8 C:\xampp\htdocs\projekty\uczelnia\FB-Clone\system\CodeIgniter.php(312): CodeIgniter\CodeIgniter->handleRequest(NULL, Object(Config\Cache), false)
#9 C:\xampp\htdocs\projekty\uczelnia\FB-Clone\public\index.php(45): CodeIgniter\CodeIgniter->run()
#10 {main}
