CRITICAL - 2020-12-14 14:46:46 --> Duplicate entry 'd.vader@theempire.com' for key 'email'
#0 C:\xampp\htdocs\projekty\uczelnia\FB-Clone\system\Database\MySQLi\Connection.php(331): mysqli->query('INSERT INTO `us...')
#1 C:\xampp\htdocs\projekty\uczelnia\FB-Clone\system\Database\BaseConnection.php(741): CodeIgniter\Database\MySQLi\Connection->execute('INSERT INTO `us...')
#2 C:\xampp\htdocs\projekty\uczelnia\FB-Clone\system\Database\BaseConnection.php(669): CodeIgniter\Database\BaseConnection->simpleQuery('INSERT INTO `us...')
#3 C:\xampp\htdocs\projekty\uczelnia\FB-Clone\system\Database\BaseBuilder.php(2249): CodeIgniter\Database\BaseConnection->query('INSERT INTO `us...', Array, false)
#4 C:\xampp\htdocs\projekty\uczelnia\FB-Clone\system\Model.php(755): CodeIgniter\Database\BaseBuilder->insert()
#5 C:\xampp\htdocs\projekty\uczelnia\FB-Clone\app\Controllers\Account.php(21): CodeIgniter\Model->insert(Array)
#6 C:\xampp\htdocs\projekty\uczelnia\FB-Clone\system\CodeIgniter.php(918): App\Controllers\Account->register()
#7 C:\xampp\htdocs\projekty\uczelnia\FB-Clone\system\CodeIgniter.php(404): CodeIgniter\CodeIgniter->runController(Object(App\Controllers\Account))
#8 C:\xampp\htdocs\projekty\uczelnia\FB-Clone\system\CodeIgniter.php(312): CodeIgniter\CodeIgniter->handleRequest(NULL, Object(Config\Cache), false)
#9 C:\xampp\htdocs\projekty\uczelnia\FB-Clone\public\index.php(45): CodeIgniter\CodeIgniter->run()
#10 {main}
CRITICAL - 2020-12-14 15:04:28 --> Duplicate entry 'd.vader@theempire.com' for key 'email'
#0 C:\xampp\htdocs\projekty\uczelnia\FB-Clone\system\Database\MySQLi\Connection.php(331): mysqli->query('INSERT INTO `us...')
#1 C:\xampp\htdocs\projekty\uczelnia\FB-Clone\system\Database\BaseConnection.php(741): CodeIgniter\Database\MySQLi\Connection->execute('INSERT INTO `us...')
#2 C:\xampp\htdocs\projekty\uczelnia\FB-Clone\system\Database\BaseConnection.php(669): CodeIgniter\Database\BaseConnection->simpleQuery('INSERT INTO `us...')
#3 C:\xampp\htdocs\projekty\uczelnia\FB-Clone\system\Database\BaseBuilder.php(2249): CodeIgniter\Database\BaseConnection->query('INSERT INTO `us...', Array, false)
#4 C:\xampp\htdocs\projekty\uczelnia\FB-Clone\system\Model.php(755): CodeIgniter\Database\BaseBuilder->insert()
#5 C:\xampp\htdocs\projekty\uczelnia\FB-Clone\app\Controllers\Account.php(21): CodeIgniter\Model->insert(Array)
#6 C:\xampp\htdocs\projekty\uczelnia\FB-Clone\system\CodeIgniter.php(918): App\Controllers\Account->register()
#7 C:\xampp\htdocs\projekty\uczelnia\FB-Clone\system\CodeIgniter.php(404): CodeIgniter\CodeIgniter->runController(Object(App\Controllers\Account))
#8 C:\xampp\htdocs\projekty\uczelnia\FB-Clone\system\CodeIgniter.php(312): CodeIgniter\CodeIgniter->handleRequest(NULL, Object(Config\Cache), false)
#9 C:\xampp\htdocs\projekty\uczelnia\FB-Clone\public\index.php(45): CodeIgniter\CodeIgniter->run()
#10 {main}
CRITICAL - 2020-12-14 15:08:49 --> Duplicate entry 'd.vader@theempire.com' for key 'email'
#0 C:\xampp\htdocs\projekty\uczelnia\FB-Clone\system\Database\MySQLi\Connection.php(331): mysqli->query('INSERT INTO `us...')
#1 C:\xampp\htdocs\projekty\uczelnia\FB-Clone\system\Database\BaseConnection.php(741): CodeIgniter\Database\MySQLi\Connection->execute('INSERT INTO `us...')
#2 C:\xampp\htdocs\projekty\uczelnia\FB-Clone\system\Database\BaseConnection.php(669): CodeIgniter\Database\BaseConnection->simpleQuery('INSERT INTO `us...')
#3 C:\xampp\htdocs\projekty\uczelnia\FB-Clone\system\Database\BaseBuilder.php(2249): CodeIgniter\Database\BaseConnection->query('INSERT INTO `us...', Array, false)
#4 C:\xampp\htdocs\projekty\uczelnia\FB-Clone\system\Model.php(755): CodeIgniter\Database\BaseBuilder->insert()
#5 C:\xampp\htdocs\projekty\uczelnia\FB-Clone\app\Controllers\Account.php(21): CodeIgniter\Model->insert(Array)
#6 C:\xampp\htdocs\projekty\uczelnia\FB-Clone\system\CodeIgniter.php(918): App\Controllers\Account->register()
#7 C:\xampp\htdocs\projekty\uczelnia\FB-Clone\system\CodeIgniter.php(404): CodeIgniter\CodeIgniter->runController(Object(App\Controllers\Account))
#8 C:\xampp\htdocs\projekty\uczelnia\FB-Clone\system\CodeIgniter.php(312): CodeIgniter\CodeIgniter->handleRequest(NULL, Object(Config\Cache), false)
#9 C:\xampp\htdocs\projekty\uczelnia\FB-Clone\public\index.php(45): CodeIgniter\CodeIgniter->run()
#10 {main}
CRITICAL - 2020-12-14 15:08:51 --> Duplicate entry 'd.vader@theempire.com' for key 'email'
#0 C:\xampp\htdocs\projekty\uczelnia\FB-Clone\system\Database\MySQLi\Connection.php(331): mysqli->query('INSERT INTO `us...')
#1 C:\xampp\htdocs\projekty\uczelnia\FB-Clone\system\Database\BaseConnection.php(741): CodeIgniter\Database\MySQLi\Connection->execute('INSERT INTO `us...')
#2 C:\xampp\htdocs\projekty\uczelnia\FB-Clone\system\Database\BaseConnection.php(669): CodeIgniter\Database\BaseConnection->simpleQuery('INSERT INTO `us...')
#3 C:\xampp\htdocs\projekty\uczelnia\FB-Clone\system\Database\BaseBuilder.php(2249): CodeIgniter\Database\BaseConnection->query('INSERT INTO `us...', Array, false)
#4 C:\xampp\htdocs\projekty\uczelnia\FB-Clone\system\Model.php(755): CodeIgniter\Database\BaseBuilder->insert()
#5 C:\xampp\htdocs\projekty\uczelnia\FB-Clone\app\Controllers\Account.php(21): CodeIgniter\Model->insert(Array)
#6 C:\xampp\htdocs\projekty\uczelnia\FB-Clone\system\CodeIgniter.php(918): App\Controllers\Account->register()
#7 C:\xampp\htdocs\projekty\uczelnia\FB-Clone\system\CodeIgniter.php(404): CodeIgniter\CodeIgniter->runController(Object(App\Controllers\Account))
#8 C:\xampp\htdocs\projekty\uczelnia\FB-Clone\system\CodeIgniter.php(312): CodeIgniter\CodeIgniter->handleRequest(NULL, Object(Config\Cache), false)
#9 C:\xampp\htdocs\projekty\uczelnia\FB-Clone\public\index.php(45): CodeIgniter\CodeIgniter->run()
#10 {main}
CRITICAL - 2020-12-14 15:09:48 --> Duplicate entry 'd.vader@theempire.com' for key 'email'
#0 C:\xampp\htdocs\projekty\uczelnia\FB-Clone\system\Database\MySQLi\Connection.php(331): mysqli->query('INSERT INTO `us...')
#1 C:\xampp\htdocs\projekty\uczelnia\FB-Clone\system\Database\BaseConnection.php(741): CodeIgniter\Database\MySQLi\Connection->execute('INSERT INTO `us...')
#2 C:\xampp\htdocs\projekty\uczelnia\FB-Clone\system\Database\BaseConnection.php(669): CodeIgniter\Database\BaseConnection->simpleQuery('INSERT INTO `us...')
#3 C:\xampp\htdocs\projekty\uczelnia\FB-Clone\system\Database\BaseBuilder.php(2249): CodeIgniter\Database\BaseConnection->query('INSERT INTO `us...', Array, false)
#4 C:\xampp\htdocs\projekty\uczelnia\FB-Clone\system\Model.php(755): CodeIgniter\Database\BaseBuilder->insert()
#5 C:\xampp\htdocs\projekty\uczelnia\FB-Clone\app\Controllers\Account.php(21): CodeIgniter\Model->insert(Array)
#6 C:\xampp\htdocs\projekty\uczelnia\FB-Clone\system\CodeIgniter.php(918): App\Controllers\Account->register()
#7 C:\xampp\htdocs\projekty\uczelnia\FB-Clone\system\CodeIgniter.php(404): CodeIgniter\CodeIgniter->runController(Object(App\Controllers\Account))
#8 C:\xampp\htdocs\projekty\uczelnia\FB-Clone\system\CodeIgniter.php(312): CodeIgniter\CodeIgniter->handleRequest(NULL, Object(Config\Cache), false)
#9 C:\xampp\htdocs\projekty\uczelnia\FB-Clone\public\index.php(45): CodeIgniter\CodeIgniter->run()
#10 {main}
CRITICAL - 2020-12-14 15:10:31 --> Undefined property: App\Controllers\Account::$input
#0 C:\xampp\htdocs\projekty\uczelnia\FB-Clone\app\Controllers\Account.php(17): CodeIgniter\Debug\Exceptions->errorHandler(8, 'Undefined prope...', 'C:\\xampp\\htdocs...', 17, Array)
#1 C:\xampp\htdocs\projekty\uczelnia\FB-Clone\system\CodeIgniter.php(918): App\Controllers\Account->register()
#2 C:\xampp\htdocs\projekty\uczelnia\FB-Clone\system\CodeIgniter.php(404): CodeIgniter\CodeIgniter->runController(Object(App\Controllers\Account))
#3 C:\xampp\htdocs\projekty\uczelnia\FB-Clone\system\CodeIgniter.php(312): CodeIgniter\CodeIgniter->handleRequest(NULL, Object(Config\Cache), false)
#4 C:\xampp\htdocs\projekty\uczelnia\FB-Clone\public\index.php(45): CodeIgniter\CodeIgniter->run()
#5 {main}
CRITICAL - 2020-12-14 15:15:22 --> Undefined property: App\Controllers\Account::$input
#0 C:\xampp\htdocs\projekty\uczelnia\FB-Clone\app\Controllers\Account.php(17): CodeIgniter\Debug\Exceptions->errorHandler(8, 'Undefined prope...', 'C:\\xampp\\htdocs...', 17, Array)
#1 C:\xampp\htdocs\projekty\uczelnia\FB-Clone\system\CodeIgniter.php(918): App\Controllers\Account->register()
#2 C:\xampp\htdocs\projekty\uczelnia\FB-Clone\system\CodeIgniter.php(404): CodeIgniter\CodeIgniter->runController(Object(App\Controllers\Account))
#3 C:\xampp\htdocs\projekty\uczelnia\FB-Clone\system\CodeIgniter.php(312): CodeIgniter\CodeIgniter->handleRequest(NULL, Object(Config\Cache), false)
#4 C:\xampp\htdocs\projekty\uczelnia\FB-Clone\public\index.php(45): CodeIgniter\CodeIgniter->run()
#5 {main}
CRITICAL - 2020-12-14 15:15:40 --> Call to a member function post() on null
#0 C:\xampp\htdocs\projekty\uczelnia\FB-Clone\system\CodeIgniter.php(918): App\Controllers\Account->register()
#1 C:\xampp\htdocs\projekty\uczelnia\FB-Clone\system\CodeIgniter.php(404): CodeIgniter\CodeIgniter->runController(Object(App\Controllers\Account))
#2 C:\xampp\htdocs\projekty\uczelnia\FB-Clone\system\CodeIgniter.php(312): CodeIgniter\CodeIgniter->handleRequest(NULL, Object(Config\Cache), false)
#3 C:\xampp\htdocs\projekty\uczelnia\FB-Clone\public\index.php(45): CodeIgniter\CodeIgniter->run()
#4 {main}
CRITICAL - 2020-12-14 15:31:18 --> Column 'email' cannot be null
#0 C:\xampp\htdocs\projekty\uczelnia\FB-Clone\system\Database\MySQLi\Connection.php(331): mysqli->query('INSERT INTO `us...')
#1 C:\xampp\htdocs\projekty\uczelnia\FB-Clone\system\Database\BaseConnection.php(741): CodeIgniter\Database\MySQLi\Connection->execute('INSERT INTO `us...')
#2 C:\xampp\htdocs\projekty\uczelnia\FB-Clone\system\Database\BaseConnection.php(669): CodeIgniter\Database\BaseConnection->simpleQuery('INSERT INTO `us...')
#3 C:\xampp\htdocs\projekty\uczelnia\FB-Clone\system\Database\BaseBuilder.php(2249): CodeIgniter\Database\BaseConnection->query('INSERT INTO `us...', Array, false)
#4 C:\xampp\htdocs\projekty\uczelnia\FB-Clone\system\Model.php(755): CodeIgniter\Database\BaseBuilder->insert()
#5 C:\xampp\htdocs\projekty\uczelnia\FB-Clone\app\Controllers\Account.php(22): CodeIgniter\Model->insert(Array)
#6 C:\xampp\htdocs\projekty\uczelnia\FB-Clone\system\CodeIgniter.php(918): App\Controllers\Account->register()
#7 C:\xampp\htdocs\projekty\uczelnia\FB-Clone\system\CodeIgniter.php(404): CodeIgniter\CodeIgniter->runController(Object(App\Controllers\Account))
#8 C:\xampp\htdocs\projekty\uczelnia\FB-Clone\system\CodeIgniter.php(312): CodeIgniter\CodeIgniter->handleRequest(NULL, Object(Config\Cache), false)
#9 C:\xampp\htdocs\projekty\uczelnia\FB-Clone\public\index.php(45): CodeIgniter\CodeIgniter->run()
#10 {main}
CRITICAL - 2020-12-14 15:31:36 --> Column 'email' cannot be null
#0 C:\xampp\htdocs\projekty\uczelnia\FB-Clone\system\Database\MySQLi\Connection.php(331): mysqli->query('INSERT INTO `us...')
#1 C:\xampp\htdocs\projekty\uczelnia\FB-Clone\system\Database\BaseConnection.php(741): CodeIgniter\Database\MySQLi\Connection->execute('INSERT INTO `us...')
#2 C:\xampp\htdocs\projekty\uczelnia\FB-Clone\system\Database\BaseConnection.php(669): CodeIgniter\Database\BaseConnection->simpleQuery('INSERT INTO `us...')
#3 C:\xampp\htdocs\projekty\uczelnia\FB-Clone\system\Database\BaseBuilder.php(2249): CodeIgniter\Database\BaseConnection->query('INSERT INTO `us...', Array, false)
#4 C:\xampp\htdocs\projekty\uczelnia\FB-Clone\system\Model.php(755): CodeIgniter\Database\BaseBuilder->insert()
#5 C:\xampp\htdocs\projekty\uczelnia\FB-Clone\app\Controllers\Account.php(22): CodeIgniter\Model->insert(Array)
#6 C:\xampp\htdocs\projekty\uczelnia\FB-Clone\system\CodeIgniter.php(918): App\Controllers\Account->register()
#7 C:\xampp\htdocs\projekty\uczelnia\FB-Clone\system\CodeIgniter.php(404): CodeIgniter\CodeIgniter->runController(Object(App\Controllers\Account))
#8 C:\xampp\htdocs\projekty\uczelnia\FB-Clone\system\CodeIgniter.php(312): CodeIgniter\CodeIgniter->handleRequest(NULL, Object(Config\Cache), false)
#9 C:\xampp\htdocs\projekty\uczelnia\FB-Clone\public\index.php(45): CodeIgniter\CodeIgniter->run()
#10 {main}
CRITICAL - 2020-12-14 15:48:08 --> Duplicate entry 'qwe@qwe.com' for key 'email'
#0 C:\xampp\htdocs\projekty\uczelnia\FB-Clone\system\Database\MySQLi\Connection.php(331): mysqli->query('INSERT INTO `us...')
#1 C:\xampp\htdocs\projekty\uczelnia\FB-Clone\system\Database\BaseConnection.php(741): CodeIgniter\Database\MySQLi\Connection->execute('INSERT INTO `us...')
#2 C:\xampp\htdocs\projekty\uczelnia\FB-Clone\system\Database\BaseConnection.php(669): CodeIgniter\Database\BaseConnection->simpleQuery('INSERT INTO `us...')
#3 C:\xampp\htdocs\projekty\uczelnia\FB-Clone\system\Database\BaseBuilder.php(2249): CodeIgniter\Database\BaseConnection->query('INSERT INTO `us...', Array, false)
#4 C:\xampp\htdocs\projekty\uczelnia\FB-Clone\system\Model.php(755): CodeIgniter\Database\BaseBuilder->insert()
#5 C:\xampp\htdocs\projekty\uczelnia\FB-Clone\app\Controllers\Account.php(22): CodeIgniter\Model->insert(Array)
#6 C:\xampp\htdocs\projekty\uczelnia\FB-Clone\system\CodeIgniter.php(918): App\Controllers\Account->register()
#7 C:\xampp\htdocs\projekty\uczelnia\FB-Clone\system\CodeIgniter.php(404): CodeIgniter\CodeIgniter->runController(Object(App\Controllers\Account))
#8 C:\xampp\htdocs\projekty\uczelnia\FB-Clone\system\CodeIgniter.php(312): CodeIgniter\CodeIgniter->handleRequest(NULL, Object(Config\Cache), false)
#9 C:\xampp\htdocs\projekty\uczelnia\FB-Clone\public\index.php(45): CodeIgniter\CodeIgniter->run()
#10 {main}
CRITICAL - 2020-12-14 15:48:50 --> Duplicate entry 'qwe@qwe.com' for key 'email'
#0 C:\xampp\htdocs\projekty\uczelnia\FB-Clone\system\Database\MySQLi\Connection.php(331): mysqli->query('INSERT INTO `us...')
#1 C:\xampp\htdocs\projekty\uczelnia\FB-Clone\system\Database\BaseConnection.php(741): CodeIgniter\Database\MySQLi\Connection->execute('INSERT INTO `us...')
#2 C:\xampp\htdocs\projekty\uczelnia\FB-Clone\system\Database\BaseConnection.php(669): CodeIgniter\Database\BaseConnection->simpleQuery('INSERT INTO `us...')
#3 C:\xampp\htdocs\projekty\uczelnia\FB-Clone\system\Database\BaseBuilder.php(2249): CodeIgniter\Database\BaseConnection->query('INSERT INTO `us...', Array, false)
#4 C:\xampp\htdocs\projekty\uczelnia\FB-Clone\system\Model.php(755): CodeIgniter\Database\BaseBuilder->insert()
#5 C:\xampp\htdocs\projekty\uczelnia\FB-Clone\app\Controllers\Account.php(22): CodeIgniter\Model->insert(Array)
#6 C:\xampp\htdocs\projekty\uczelnia\FB-Clone\system\CodeIgniter.php(918): App\Controllers\Account->register()
#7 C:\xampp\htdocs\projekty\uczelnia\FB-Clone\system\CodeIgniter.php(404): CodeIgniter\CodeIgniter->runController(Object(App\Controllers\Account))
#8 C:\xampp\htdocs\projekty\uczelnia\FB-Clone\system\CodeIgniter.php(312): CodeIgniter\CodeIgniter->handleRequest(NULL, Object(Config\Cache), false)
#9 C:\xampp\htdocs\projekty\uczelnia\FB-Clone\public\index.php(45): CodeIgniter\CodeIgniter->run()
#10 {main}
CRITICAL - 2020-12-14 15:48:54 --> Duplicate entry 'qwe@qwe.com' for key 'email'
#0 C:\xampp\htdocs\projekty\uczelnia\FB-Clone\system\Database\MySQLi\Connection.php(331): mysqli->query('INSERT INTO `us...')
#1 C:\xampp\htdocs\projekty\uczelnia\FB-Clone\system\Database\BaseConnection.php(741): CodeIgniter\Database\MySQLi\Connection->execute('INSERT INTO `us...')
#2 C:\xampp\htdocs\projekty\uczelnia\FB-Clone\system\Database\BaseConnection.php(669): CodeIgniter\Database\BaseConnection->simpleQuery('INSERT INTO `us...')
#3 C:\xampp\htdocs\projekty\uczelnia\FB-Clone\system\Database\BaseBuilder.php(2249): CodeIgniter\Database\BaseConnection->query('INSERT INTO `us...', Array, false)
#4 C:\xampp\htdocs\projekty\uczelnia\FB-Clone\system\Model.php(755): CodeIgniter\Database\BaseBuilder->insert()
#5 C:\xampp\htdocs\projekty\uczelnia\FB-Clone\app\Controllers\Account.php(22): CodeIgniter\Model->insert(Array)
#6 C:\xampp\htdocs\projekty\uczelnia\FB-Clone\system\CodeIgniter.php(918): App\Controllers\Account->register()
#7 C:\xampp\htdocs\projekty\uczelnia\FB-Clone\system\CodeIgniter.php(404): CodeIgniter\CodeIgniter->runController(Object(App\Controllers\Account))
#8 C:\xampp\htdocs\projekty\uczelnia\FB-Clone\system\CodeIgniter.php(312): CodeIgniter\CodeIgniter->handleRequest(NULL, Object(Config\Cache), false)
#9 C:\xampp\htdocs\projekty\uczelnia\FB-Clone\public\index.php(45): CodeIgniter\CodeIgniter->run()
#10 {main}
