CRITICAL - 2020-12-17 11:36:03 --> Undefined variable: resp
#0 D:\xampp\htdocs\projekty\uczelnia\FB-Clone\app\Controllers\Account.php(43): CodeIgniter\Debug\Exceptions->errorHandler(8, 'Undefined varia...', 'D:\\xampp\\htdocs...', 43, Array)
#1 D:\xampp\htdocs\projekty\uczelnia\FB-Clone\system\CodeIgniter.php(918): App\Controllers\Account->register()
#2 D:\xampp\htdocs\projekty\uczelnia\FB-Clone\system\CodeIgniter.php(404): CodeIgniter\CodeIgniter->runController(Object(App\Controllers\Account))
#3 D:\xampp\htdocs\projekty\uczelnia\FB-Clone\system\CodeIgniter.php(312): CodeIgniter\CodeIgniter->handleRequest(NULL, Object(Config\Cache), false)
#4 D:\xampp\htdocs\projekty\uczelnia\FB-Clone\public\index.php(45): CodeIgniter\CodeIgniter->run()
#5 {main}
CRITICAL - 2020-12-17 11:37:01 --> Undefined variable: resp
#0 D:\xampp\htdocs\projekty\uczelnia\FB-Clone\app\Controllers\Account.php(43): CodeIgniter\Debug\Exceptions->errorHandler(8, 'Undefined varia...', 'D:\\xampp\\htdocs...', 43, Array)
#1 D:\xampp\htdocs\projekty\uczelnia\FB-Clone\system\CodeIgniter.php(918): App\Controllers\Account->register()
#2 D:\xampp\htdocs\projekty\uczelnia\FB-Clone\system\CodeIgniter.php(404): CodeIgniter\CodeIgniter->runController(Object(App\Controllers\Account))
#3 D:\xampp\htdocs\projekty\uczelnia\FB-Clone\system\CodeIgniter.php(312): CodeIgniter\CodeIgniter->handleRequest(NULL, Object(Config\Cache), false)
#4 D:\xampp\htdocs\projekty\uczelnia\FB-Clone\public\index.php(45): CodeIgniter\CodeIgniter->run()
#5 {main}
CRITICAL - 2020-12-17 11:49:36 --> Duplicate entry '0' for key 'PRIMARY'
#0 D:\xampp\htdocs\projekty\uczelnia\FB-Clone\system\Database\MySQLi\Connection.php(331): mysqli->query('INSERT INTO `us...')
#1 D:\xampp\htdocs\projekty\uczelnia\FB-Clone\system\Database\BaseConnection.php(741): CodeIgniter\Database\MySQLi\Connection->execute('INSERT INTO `us...')
#2 D:\xampp\htdocs\projekty\uczelnia\FB-Clone\system\Database\BaseConnection.php(669): CodeIgniter\Database\BaseConnection->simpleQuery('INSERT INTO `us...')
#3 D:\xampp\htdocs\projekty\uczelnia\FB-Clone\system\Database\BaseBuilder.php(2249): CodeIgniter\Database\BaseConnection->query('INSERT INTO `us...', Array, false)
#4 D:\xampp\htdocs\projekty\uczelnia\FB-Clone\system\Model.php(755): CodeIgniter\Database\BaseBuilder->insert()
#5 D:\xampp\htdocs\projekty\uczelnia\FB-Clone\app\Controllers\Account.php(38): CodeIgniter\Model->insert(Array)
#6 D:\xampp\htdocs\projekty\uczelnia\FB-Clone\system\CodeIgniter.php(918): App\Controllers\Account->register()
#7 D:\xampp\htdocs\projekty\uczelnia\FB-Clone\system\CodeIgniter.php(404): CodeIgniter\CodeIgniter->runController(Object(App\Controllers\Account))
#8 D:\xampp\htdocs\projekty\uczelnia\FB-Clone\system\CodeIgniter.php(312): CodeIgniter\CodeIgniter->handleRequest(NULL, Object(Config\Cache), false)
#9 D:\xampp\htdocs\projekty\uczelnia\FB-Clone\public\index.php(45): CodeIgniter\CodeIgniter->run()
#10 {main}
CRITICAL - 2020-12-17 11:50:10 --> Duplicate entry '0' for key 'PRIMARY'
#0 D:\xampp\htdocs\projekty\uczelnia\FB-Clone\system\Database\MySQLi\Connection.php(331): mysqli->query('INSERT INTO `us...')
#1 D:\xampp\htdocs\projekty\uczelnia\FB-Clone\system\Database\BaseConnection.php(741): CodeIgniter\Database\MySQLi\Connection->execute('INSERT INTO `us...')
#2 D:\xampp\htdocs\projekty\uczelnia\FB-Clone\system\Database\BaseConnection.php(669): CodeIgniter\Database\BaseConnection->simpleQuery('INSERT INTO `us...')
#3 D:\xampp\htdocs\projekty\uczelnia\FB-Clone\system\Database\BaseBuilder.php(2249): CodeIgniter\Database\BaseConnection->query('INSERT INTO `us...', Array, false)
#4 D:\xampp\htdocs\projekty\uczelnia\FB-Clone\system\Model.php(755): CodeIgniter\Database\BaseBuilder->insert()
#5 D:\xampp\htdocs\projekty\uczelnia\FB-Clone\app\Controllers\Account.php(38): CodeIgniter\Model->insert(Array)
#6 D:\xampp\htdocs\projekty\uczelnia\FB-Clone\system\CodeIgniter.php(918): App\Controllers\Account->register()
#7 D:\xampp\htdocs\projekty\uczelnia\FB-Clone\system\CodeIgniter.php(404): CodeIgniter\CodeIgniter->runController(Object(App\Controllers\Account))
#8 D:\xampp\htdocs\projekty\uczelnia\FB-Clone\system\CodeIgniter.php(312): CodeIgniter\CodeIgniter->handleRequest(NULL, Object(Config\Cache), false)
#9 D:\xampp\htdocs\projekty\uczelnia\FB-Clone\public\index.php(45): CodeIgniter\CodeIgniter->run()
#10 {main}
CRITICAL - 2020-12-17 11:52:40 --> Duplicate entry '0' for key 'PRIMARY'
#0 D:\xampp\htdocs\projekty\uczelnia\FB-Clone\system\Database\MySQLi\Connection.php(331): mysqli->query('INSERT INTO `us...')
#1 D:\xampp\htdocs\projekty\uczelnia\FB-Clone\system\Database\BaseConnection.php(741): CodeIgniter\Database\MySQLi\Connection->execute('INSERT INTO `us...')
#2 D:\xampp\htdocs\projekty\uczelnia\FB-Clone\system\Database\BaseConnection.php(669): CodeIgniter\Database\BaseConnection->simpleQuery('INSERT INTO `us...')
#3 D:\xampp\htdocs\projekty\uczelnia\FB-Clone\system\Database\BaseBuilder.php(2249): CodeIgniter\Database\BaseConnection->query('INSERT INTO `us...', Array, false)
#4 D:\xampp\htdocs\projekty\uczelnia\FB-Clone\system\Model.php(755): CodeIgniter\Database\BaseBuilder->insert()
#5 D:\xampp\htdocs\projekty\uczelnia\FB-Clone\app\Controllers\Account.php(38): CodeIgniter\Model->insert(Array)
#6 D:\xampp\htdocs\projekty\uczelnia\FB-Clone\system\CodeIgniter.php(918): App\Controllers\Account->register()
#7 D:\xampp\htdocs\projekty\uczelnia\FB-Clone\system\CodeIgniter.php(404): CodeIgniter\CodeIgniter->runController(Object(App\Controllers\Account))
#8 D:\xampp\htdocs\projekty\uczelnia\FB-Clone\system\CodeIgniter.php(312): CodeIgniter\CodeIgniter->handleRequest(NULL, Object(Config\Cache), false)
#9 D:\xampp\htdocs\projekty\uczelnia\FB-Clone\public\index.php(45): CodeIgniter\CodeIgniter->run()
#10 {main}
CRITICAL - 2020-12-17 11:53:09 --> Duplicate entry '0' for key 'PRIMARY'
#0 D:\xampp\htdocs\projekty\uczelnia\FB-Clone\system\Database\MySQLi\Connection.php(331): mysqli->query('INSERT INTO `us...')
#1 D:\xampp\htdocs\projekty\uczelnia\FB-Clone\system\Database\BaseConnection.php(741): CodeIgniter\Database\MySQLi\Connection->execute('INSERT INTO `us...')
#2 D:\xampp\htdocs\projekty\uczelnia\FB-Clone\system\Database\BaseConnection.php(669): CodeIgniter\Database\BaseConnection->simpleQuery('INSERT INTO `us...')
#3 D:\xampp\htdocs\projekty\uczelnia\FB-Clone\system\Database\BaseBuilder.php(2249): CodeIgniter\Database\BaseConnection->query('INSERT INTO `us...', Array, false)
#4 D:\xampp\htdocs\projekty\uczelnia\FB-Clone\system\Model.php(755): CodeIgniter\Database\BaseBuilder->insert()
#5 D:\xampp\htdocs\projekty\uczelnia\FB-Clone\app\Controllers\Account.php(39): CodeIgniter\Model->insert(Array)
#6 D:\xampp\htdocs\projekty\uczelnia\FB-Clone\system\CodeIgniter.php(918): App\Controllers\Account->register()
#7 D:\xampp\htdocs\projekty\uczelnia\FB-Clone\system\CodeIgniter.php(404): CodeIgniter\CodeIgniter->runController(Object(App\Controllers\Account))
#8 D:\xampp\htdocs\projekty\uczelnia\FB-Clone\system\CodeIgniter.php(312): CodeIgniter\CodeIgniter->handleRequest(NULL, Object(Config\Cache), false)
#9 D:\xampp\htdocs\projekty\uczelnia\FB-Clone\public\index.php(45): CodeIgniter\CodeIgniter->run()
#10 {main}
CRITICAL - 2020-12-17 11:53:18 --> Duplicate entry '0' for key 'PRIMARY'
#0 D:\xampp\htdocs\projekty\uczelnia\FB-Clone\system\Database\MySQLi\Connection.php(331): mysqli->query('INSERT INTO `us...')
#1 D:\xampp\htdocs\projekty\uczelnia\FB-Clone\system\Database\BaseConnection.php(741): CodeIgniter\Database\MySQLi\Connection->execute('INSERT INTO `us...')
#2 D:\xampp\htdocs\projekty\uczelnia\FB-Clone\system\Database\BaseConnection.php(669): CodeIgniter\Database\BaseConnection->simpleQuery('INSERT INTO `us...')
#3 D:\xampp\htdocs\projekty\uczelnia\FB-Clone\system\Database\BaseBuilder.php(2249): CodeIgniter\Database\BaseConnection->query('INSERT INTO `us...', Array, false)
#4 D:\xampp\htdocs\projekty\uczelnia\FB-Clone\system\Model.php(755): CodeIgniter\Database\BaseBuilder->insert()
#5 D:\xampp\htdocs\projekty\uczelnia\FB-Clone\app\Controllers\Account.php(39): CodeIgniter\Model->insert(Array)
#6 D:\xampp\htdocs\projekty\uczelnia\FB-Clone\system\CodeIgniter.php(918): App\Controllers\Account->register()
#7 D:\xampp\htdocs\projekty\uczelnia\FB-Clone\system\CodeIgniter.php(404): CodeIgniter\CodeIgniter->runController(Object(App\Controllers\Account))
#8 D:\xampp\htdocs\projekty\uczelnia\FB-Clone\system\CodeIgniter.php(312): CodeIgniter\CodeIgniter->handleRequest(NULL, Object(Config\Cache), false)
#9 D:\xampp\htdocs\projekty\uczelnia\FB-Clone\public\index.php(45): CodeIgniter\CodeIgniter->run()
#10 {main}
CRITICAL - 2020-12-17 12:06:34 --> Trying to access array offset on value of type null
#0 D:\xampp\htdocs\projekty\uczelnia\FB-Clone\app\Controllers\Account.php(61): CodeIgniter\Debug\Exceptions->errorHandler(8, 'Trying to acces...', 'D:\\xampp\\htdocs...', 61, Array)
#1 D:\xampp\htdocs\projekty\uczelnia\FB-Clone\system\CodeIgniter.php(918): App\Controllers\Account->login()
#2 D:\xampp\htdocs\projekty\uczelnia\FB-Clone\system\CodeIgniter.php(404): CodeIgniter\CodeIgniter->runController(Object(App\Controllers\Account))
#3 D:\xampp\htdocs\projekty\uczelnia\FB-Clone\system\CodeIgniter.php(312): CodeIgniter\CodeIgniter->handleRequest(NULL, Object(Config\Cache), false)
#4 D:\xampp\htdocs\projekty\uczelnia\FB-Clone\public\index.php(45): CodeIgniter\CodeIgniter->run()
#5 {main}
CRITICAL - 2020-12-17 12:07:01 --> Trying to access array offset on value of type null
#0 D:\xampp\htdocs\projekty\uczelnia\FB-Clone\app\Controllers\Account.php(61): CodeIgniter\Debug\Exceptions->errorHandler(8, 'Trying to acces...', 'D:\\xampp\\htdocs...', 61, Array)
#1 D:\xampp\htdocs\projekty\uczelnia\FB-Clone\system\CodeIgniter.php(918): App\Controllers\Account->login()
#2 D:\xampp\htdocs\projekty\uczelnia\FB-Clone\system\CodeIgniter.php(404): CodeIgniter\CodeIgniter->runController(Object(App\Controllers\Account))
#3 D:\xampp\htdocs\projekty\uczelnia\FB-Clone\system\CodeIgniter.php(312): CodeIgniter\CodeIgniter->handleRequest(NULL, Object(Config\Cache), false)
#4 D:\xampp\htdocs\projekty\uczelnia\FB-Clone\public\index.php(45): CodeIgniter\CodeIgniter->run()
#5 {main}
CRITICAL - 2020-12-17 12:07:18 --> Trying to access array offset on value of type null
#0 D:\xampp\htdocs\projekty\uczelnia\FB-Clone\app\Controllers\Account.php(61): CodeIgniter\Debug\Exceptions->errorHandler(8, 'Trying to acces...', 'D:\\xampp\\htdocs...', 61, Array)
#1 D:\xampp\htdocs\projekty\uczelnia\FB-Clone\system\CodeIgniter.php(918): App\Controllers\Account->login()
#2 D:\xampp\htdocs\projekty\uczelnia\FB-Clone\system\CodeIgniter.php(404): CodeIgniter\CodeIgniter->runController(Object(App\Controllers\Account))
#3 D:\xampp\htdocs\projekty\uczelnia\FB-Clone\system\CodeIgniter.php(312): CodeIgniter\CodeIgniter->handleRequest(NULL, Object(Config\Cache), false)
#4 D:\xampp\htdocs\projekty\uczelnia\FB-Clone\public\index.php(45): CodeIgniter\CodeIgniter->run()
#5 {main}
CRITICAL - 2020-12-17 12:30:04 --> Object of class App\Controllers\Account could not be converted to string
#0 D:\xampp\htdocs\projekty\uczelnia\FB-Clone\system\CodeIgniter.php(918): App\Controllers\Account->login()
#1 D:\xampp\htdocs\projekty\uczelnia\FB-Clone\system\CodeIgniter.php(404): CodeIgniter\CodeIgniter->runController(Object(App\Controllers\Account))
#2 D:\xampp\htdocs\projekty\uczelnia\FB-Clone\system\CodeIgniter.php(312): CodeIgniter\CodeIgniter->handleRequest(NULL, Object(Config\Cache), false)
#3 D:\xampp\htdocs\projekty\uczelnia\FB-Clone\public\index.php(45): CodeIgniter\CodeIgniter->run()
#4 {main}
CRITICAL - 2020-12-17 12:30:14 --> Undefined variable: getData
#0 D:\xampp\htdocs\projekty\uczelnia\FB-Clone\app\Controllers\Account.php(60): CodeIgniter\Debug\Exceptions->errorHandler(8, 'Undefined varia...', 'D:\\xampp\\htdocs...', 60, Array)
#1 D:\xampp\htdocs\projekty\uczelnia\FB-Clone\system\CodeIgniter.php(918): App\Controllers\Account->login()
#2 D:\xampp\htdocs\projekty\uczelnia\FB-Clone\system\CodeIgniter.php(404): CodeIgniter\CodeIgniter->runController(Object(App\Controllers\Account))
#3 D:\xampp\htdocs\projekty\uczelnia\FB-Clone\system\CodeIgniter.php(312): CodeIgniter\CodeIgniter->handleRequest(NULL, Object(Config\Cache), false)
#4 D:\xampp\htdocs\projekty\uczelnia\FB-Clone\public\index.php(45): CodeIgniter\CodeIgniter->run()
#5 {main}
CRITICAL - 2020-12-17 12:30:58 --> Trying to access array offset on value of type null
#0 D:\xampp\htdocs\projekty\uczelnia\FB-Clone\app\Controllers\Account.php(60): CodeIgniter\Debug\Exceptions->errorHandler(8, 'Trying to acces...', 'D:\\xampp\\htdocs...', 60, Array)
#1 D:\xampp\htdocs\projekty\uczelnia\FB-Clone\system\CodeIgniter.php(918): App\Controllers\Account->login()
#2 D:\xampp\htdocs\projekty\uczelnia\FB-Clone\system\CodeIgniter.php(404): CodeIgniter\CodeIgniter->runController(Object(App\Controllers\Account))
#3 D:\xampp\htdocs\projekty\uczelnia\FB-Clone\system\CodeIgniter.php(312): CodeIgniter\CodeIgniter->handleRequest(NULL, Object(Config\Cache), false)
#4 D:\xampp\htdocs\projekty\uczelnia\FB-Clone\public\index.php(45): CodeIgniter\CodeIgniter->run()
#5 {main}
CRITICAL - 2020-12-17 12:31:14 --> Cannot use object of type stdClass as array
#0 D:\xampp\htdocs\projekty\uczelnia\FB-Clone\system\CodeIgniter.php(918): App\Controllers\Account->login()
#1 D:\xampp\htdocs\projekty\uczelnia\FB-Clone\system\CodeIgniter.php(404): CodeIgniter\CodeIgniter->runController(Object(App\Controllers\Account))
#2 D:\xampp\htdocs\projekty\uczelnia\FB-Clone\system\CodeIgniter.php(312): CodeIgniter\CodeIgniter->handleRequest(NULL, Object(Config\Cache), false)
#3 D:\xampp\htdocs\projekty\uczelnia\FB-Clone\public\index.php(45): CodeIgniter\CodeIgniter->run()
#4 {main}
CRITICAL - 2020-12-17 12:31:31 --> Undefined property: stdClass::$email
#0 D:\xampp\htdocs\projekty\uczelnia\FB-Clone\app\Controllers\Account.php(59): CodeIgniter\Debug\Exceptions->errorHandler(8, 'Undefined prope...', 'D:\\xampp\\htdocs...', 59, Array)
#1 D:\xampp\htdocs\projekty\uczelnia\FB-Clone\system\CodeIgniter.php(918): App\Controllers\Account->login()
#2 D:\xampp\htdocs\projekty\uczelnia\FB-Clone\system\CodeIgniter.php(404): CodeIgniter\CodeIgniter->runController(Object(App\Controllers\Account))
#3 D:\xampp\htdocs\projekty\uczelnia\FB-Clone\system\CodeIgniter.php(312): CodeIgniter\CodeIgniter->handleRequest(NULL, Object(Config\Cache), false)
#4 D:\xampp\htdocs\projekty\uczelnia\FB-Clone\public\index.php(45): CodeIgniter\CodeIgniter->run()
#5 {main}
CRITICAL - 2020-12-17 12:31:47 --> Undefined property: stdClass::$email
#0 D:\xampp\htdocs\projekty\uczelnia\FB-Clone\app\Controllers\Account.php(60): CodeIgniter\Debug\Exceptions->errorHandler(8, 'Undefined prope...', 'D:\\xampp\\htdocs...', 60, Array)
#1 D:\xampp\htdocs\projekty\uczelnia\FB-Clone\system\CodeIgniter.php(918): App\Controllers\Account->login()
#2 D:\xampp\htdocs\projekty\uczelnia\FB-Clone\system\CodeIgniter.php(404): CodeIgniter\CodeIgniter->runController(Object(App\Controllers\Account))
#3 D:\xampp\htdocs\projekty\uczelnia\FB-Clone\system\CodeIgniter.php(312): CodeIgniter\CodeIgniter->handleRequest(NULL, Object(Config\Cache), false)
#4 D:\xampp\htdocs\projekty\uczelnia\FB-Clone\public\index.php(45): CodeIgniter\CodeIgniter->run()
#5 {main}
CRITICAL - 2020-12-17 12:32:19 --> Object of class stdClass could not be converted to number
#0 D:\xampp\htdocs\projekty\uczelnia\FB-Clone\app\Controllers\Account.php(59): CodeIgniter\Debug\Exceptions->errorHandler(8, 'Object of class...', 'D:\\xampp\\htdocs...', 59, Array)
#1 D:\xampp\htdocs\projekty\uczelnia\FB-Clone\system\CodeIgniter.php(918): App\Controllers\Account->login()
#2 D:\xampp\htdocs\projekty\uczelnia\FB-Clone\system\CodeIgniter.php(404): CodeIgniter\CodeIgniter->runController(Object(App\Controllers\Account))
#3 D:\xampp\htdocs\projekty\uczelnia\FB-Clone\system\CodeIgniter.php(312): CodeIgniter\CodeIgniter->handleRequest(NULL, Object(Config\Cache), false)
#4 D:\xampp\htdocs\projekty\uczelnia\FB-Clone\public\index.php(45): CodeIgniter\CodeIgniter->run()
#5 {main}
CRITICAL - 2020-12-17 13:10:39 --> Trying to get property 'password' of non-object
#0 D:\xampp\htdocs\projekty\uczelnia\FB-Clone\app\Controllers\Account.php(63): CodeIgniter\Debug\Exceptions->errorHandler(8, 'Trying to get p...', 'D:\\xampp\\htdocs...', 63, Array)
#1 D:\xampp\htdocs\projekty\uczelnia\FB-Clone\system\CodeIgniter.php(918): App\Controllers\Account->login()
#2 D:\xampp\htdocs\projekty\uczelnia\FB-Clone\system\CodeIgniter.php(404): CodeIgniter\CodeIgniter->runController(Object(App\Controllers\Account))
#3 D:\xampp\htdocs\projekty\uczelnia\FB-Clone\system\CodeIgniter.php(312): CodeIgniter\CodeIgniter->handleRequest(NULL, Object(Config\Cache), false)
#4 D:\xampp\htdocs\projekty\uczelnia\FB-Clone\public\index.php(45): CodeIgniter\CodeIgniter->run()
#5 {main}
CRITICAL - 2020-12-17 13:12:47 --> Trying to get property 'data' of non-object
#0 D:\xampp\htdocs\projekty\uczelnia\FB-Clone\app\Controllers\Account.php(59): CodeIgniter\Debug\Exceptions->errorHandler(8, 'Trying to get p...', 'D:\\xampp\\htdocs...', 59, Array)
#1 D:\xampp\htdocs\projekty\uczelnia\FB-Clone\system\CodeIgniter.php(918): App\Controllers\Account->login()
#2 D:\xampp\htdocs\projekty\uczelnia\FB-Clone\system\CodeIgniter.php(404): CodeIgniter\CodeIgniter->runController(Object(App\Controllers\Account))
#3 D:\xampp\htdocs\projekty\uczelnia\FB-Clone\system\CodeIgniter.php(312): CodeIgniter\CodeIgniter->handleRequest(NULL, Object(Config\Cache), false)
#4 D:\xampp\htdocs\projekty\uczelnia\FB-Clone\public\index.php(45): CodeIgniter\CodeIgniter->run()
#5 {main}
CRITICAL - 2020-12-17 13:34:00 --> Class 'ResponseHelper' not found
#0 D:\xampp\htdocs\projekty\uczelnia\FB-Clone\system\CodeIgniter.php(918): App\Controllers\Account->login()
#1 D:\xampp\htdocs\projekty\uczelnia\FB-Clone\system\CodeIgniter.php(404): CodeIgniter\CodeIgniter->runController(Object(App\Controllers\Account))
#2 D:\xampp\htdocs\projekty\uczelnia\FB-Clone\system\CodeIgniter.php(312): CodeIgniter\CodeIgniter->handleRequest(NULL, Object(Config\Cache), false)
#3 D:\xampp\htdocs\projekty\uczelnia\FB-Clone\public\index.php(45): CodeIgniter\CodeIgniter->run()
#4 {main}
CRITICAL - 2020-12-17 13:40:45 --> Call to undefined function App\Controllers\setStatus()
#0 D:\xampp\htdocs\projekty\uczelnia\FB-Clone\system\CodeIgniter.php(918): App\Controllers\Account->login()
#1 D:\xampp\htdocs\projekty\uczelnia\FB-Clone\system\CodeIgniter.php(404): CodeIgniter\CodeIgniter->runController(Object(App\Controllers\Account))
#2 D:\xampp\htdocs\projekty\uczelnia\FB-Clone\system\CodeIgniter.php(312): CodeIgniter\CodeIgniter->handleRequest(NULL, Object(Config\Cache), false)
#3 D:\xampp\htdocs\projekty\uczelnia\FB-Clone\public\index.php(45): CodeIgniter\CodeIgniter->run()
#4 {main}
CRITICAL - 2020-12-17 13:41:36 --> Call to undefined function App\Controllers\setStatus()
#0 D:\xampp\htdocs\projekty\uczelnia\FB-Clone\system\CodeIgniter.php(918): App\Controllers\Account->login()
#1 D:\xampp\htdocs\projekty\uczelnia\FB-Clone\system\CodeIgniter.php(404): CodeIgniter\CodeIgniter->runController(Object(App\Controllers\Account))
#2 D:\xampp\htdocs\projekty\uczelnia\FB-Clone\system\CodeIgniter.php(312): CodeIgniter\CodeIgniter->handleRequest(NULL, Object(Config\Cache), false)
#3 D:\xampp\htdocs\projekty\uczelnia\FB-Clone\public\index.php(45): CodeIgniter\CodeIgniter->run()
#4 {main}
CRITICAL - 2020-12-17 14:03:07 --> syntax error, unexpected '}', expecting ';'
#0 D:\xampp\htdocs\projekty\uczelnia\FB-Clone\app\Controllers\Account.php(20): helper(Array)
#1 D:\xampp\htdocs\projekty\uczelnia\FB-Clone\system\CodeIgniter.php(890): App\Controllers\Account->__construct()
#2 D:\xampp\htdocs\projekty\uczelnia\FB-Clone\system\CodeIgniter.php(399): CodeIgniter\CodeIgniter->createController()
#3 D:\xampp\htdocs\projekty\uczelnia\FB-Clone\system\CodeIgniter.php(312): CodeIgniter\CodeIgniter->handleRequest(NULL, Object(Config\Cache), false)
#4 D:\xampp\htdocs\projekty\uczelnia\FB-Clone\public\index.php(45): CodeIgniter\CodeIgniter->run()
#5 {main}
CRITICAL - 2020-12-17 14:33:59 --> Undefined index: idUser
#0 D:\xampp\htdocs\projekty\uczelnia\FB-Clone\app\Controllers\Account.php(60): CodeIgniter\Debug\Exceptions->errorHandler(8, 'Undefined index...', 'D:\\xampp\\htdocs...', 60, Array)
#1 D:\xampp\htdocs\projekty\uczelnia\FB-Clone\system\CodeIgniter.php(918): App\Controllers\Account->login()
#2 D:\xampp\htdocs\projekty\uczelnia\FB-Clone\system\CodeIgniter.php(404): CodeIgniter\CodeIgniter->runController(Object(App\Controllers\Account))
#3 D:\xampp\htdocs\projekty\uczelnia\FB-Clone\system\CodeIgniter.php(312): CodeIgniter\CodeIgniter->handleRequest(NULL, Object(Config\Cache), false)
#4 D:\xampp\htdocs\projekty\uczelnia\FB-Clone\public\index.php(45): CodeIgniter\CodeIgniter->run()
#5 {main}
CRITICAL - 2020-12-17 14:39:43 --> Cannot use object of type stdClass as array
#0 D:\xampp\htdocs\projekty\uczelnia\FB-Clone\system\CodeIgniter.php(918): App\Controllers\Account->register()
#1 D:\xampp\htdocs\projekty\uczelnia\FB-Clone\system\CodeIgniter.php(404): CodeIgniter\CodeIgniter->runController(Object(App\Controllers\Account))
#2 D:\xampp\htdocs\projekty\uczelnia\FB-Clone\system\CodeIgniter.php(312): CodeIgniter\CodeIgniter->handleRequest(NULL, Object(Config\Cache), false)
#3 D:\xampp\htdocs\projekty\uczelnia\FB-Clone\public\index.php(45): CodeIgniter\CodeIgniter->run()
#4 {main}
CRITICAL - 2020-12-17 14:39:50 --> Cannot use object of type stdClass as array
#0 D:\xampp\htdocs\projekty\uczelnia\FB-Clone\system\CodeIgniter.php(918): App\Controllers\Account->register()
#1 D:\xampp\htdocs\projekty\uczelnia\FB-Clone\system\CodeIgniter.php(404): CodeIgniter\CodeIgniter->runController(Object(App\Controllers\Account))
#2 D:\xampp\htdocs\projekty\uczelnia\FB-Clone\system\CodeIgniter.php(312): CodeIgniter\CodeIgniter->handleRequest(NULL, Object(Config\Cache), false)
#3 D:\xampp\htdocs\projekty\uczelnia\FB-Clone\public\index.php(45): CodeIgniter\CodeIgniter->run()
#4 {main}
CRITICAL - 2020-12-17 14:39:52 --> Cannot use object of type stdClass as array
#0 D:\xampp\htdocs\projekty\uczelnia\FB-Clone\system\CodeIgniter.php(918): App\Controllers\Account->register()
#1 D:\xampp\htdocs\projekty\uczelnia\FB-Clone\system\CodeIgniter.php(404): CodeIgniter\CodeIgniter->runController(Object(App\Controllers\Account))
#2 D:\xampp\htdocs\projekty\uczelnia\FB-Clone\system\CodeIgniter.php(312): CodeIgniter\CodeIgniter->handleRequest(NULL, Object(Config\Cache), false)
#3 D:\xampp\htdocs\projekty\uczelnia\FB-Clone\public\index.php(45): CodeIgniter\CodeIgniter->run()
#4 {main}
CRITICAL - 2020-12-17 14:40:52 --> Undefined variable: userData
#0 D:\xampp\htdocs\projekty\uczelnia\FB-Clone\app\Controllers\Account.php(33): CodeIgniter\Debug\Exceptions->errorHandler(8, 'Undefined varia...', 'D:\\xampp\\htdocs...', 33, Array)
#1 D:\xampp\htdocs\projekty\uczelnia\FB-Clone\system\CodeIgniter.php(918): App\Controllers\Account->register()
#2 D:\xampp\htdocs\projekty\uczelnia\FB-Clone\system\CodeIgniter.php(404): CodeIgniter\CodeIgniter->runController(Object(App\Controllers\Account))
#3 D:\xampp\htdocs\projekty\uczelnia\FB-Clone\system\CodeIgniter.php(312): CodeIgniter\CodeIgniter->handleRequest(NULL, Object(Config\Cache), false)
#4 D:\xampp\htdocs\projekty\uczelnia\FB-Clone\public\index.php(45): CodeIgniter\CodeIgniter->run()
#5 {main}
CRITICAL - 2020-12-17 14:49:28 --> Undefined variable: userData
#0 D:\xampp\htdocs\projekty\uczelnia\FB-Clone\app\Controllers\Account.php(67): CodeIgniter\Debug\Exceptions->errorHandler(8, 'Undefined varia...', 'D:\\xampp\\htdocs...', 67, Array)
#1 D:\xampp\htdocs\projekty\uczelnia\FB-Clone\system\CodeIgniter.php(918): App\Controllers\Account->login()
#2 D:\xampp\htdocs\projekty\uczelnia\FB-Clone\system\CodeIgniter.php(404): CodeIgniter\CodeIgniter->runController(Object(App\Controllers\Account))
#3 D:\xampp\htdocs\projekty\uczelnia\FB-Clone\system\CodeIgniter.php(312): CodeIgniter\CodeIgniter->handleRequest(NULL, Object(Config\Cache), false)
#4 D:\xampp\htdocs\projekty\uczelnia\FB-Clone\public\index.php(45): CodeIgniter\CodeIgniter->run()
#5 {main}
CRITICAL - 2020-12-17 15:12:51 --> Too few arguments to function App\Models\AccountModel::__construct(), 0 passed in D:\xampp\htdocs\projekty\uczelnia\FB-Clone\app\Controllers\Account.php on line 23 and exactly 1 expected
#0 D:\xampp\htdocs\projekty\uczelnia\FB-Clone\app\Controllers\Account.php(23): App\Models\AccountModel->__construct()
#1 D:\xampp\htdocs\projekty\uczelnia\FB-Clone\system\CodeIgniter.php(890): App\Controllers\Account->__construct()
#2 D:\xampp\htdocs\projekty\uczelnia\FB-Clone\system\CodeIgniter.php(399): CodeIgniter\CodeIgniter->createController()
#3 D:\xampp\htdocs\projekty\uczelnia\FB-Clone\system\CodeIgniter.php(312): CodeIgniter\CodeIgniter->handleRequest(NULL, Object(Config\Cache), false)
#4 D:\xampp\htdocs\projekty\uczelnia\FB-Clone\public\index.php(45): CodeIgniter\CodeIgniter->run()
#5 {main}
CRITICAL - 2020-12-17 15:17:50 --> Call to undefined method CodeIgniter\Database\MySQLi\Connection::select()
#0 D:\xampp\htdocs\projekty\uczelnia\FB-Clone\app\Controllers\Account.php(69): App\Models\AccountModel->getAccount('48')
#1 D:\xampp\htdocs\projekty\uczelnia\FB-Clone\system\CodeIgniter.php(918): App\Controllers\Account->login()
#2 D:\xampp\htdocs\projekty\uczelnia\FB-Clone\system\CodeIgniter.php(404): CodeIgniter\CodeIgniter->runController(Object(App\Controllers\Account))
#3 D:\xampp\htdocs\projekty\uczelnia\FB-Clone\system\CodeIgniter.php(312): CodeIgniter\CodeIgniter->handleRequest(NULL, Object(Config\Cache), false)
#4 D:\xampp\htdocs\projekty\uczelnia\FB-Clone\public\index.php(45): CodeIgniter\CodeIgniter->run()
#5 {main}
CRITICAL - 2020-12-17 15:31:18 --> Table 'fb-clone.user' doesn't exist
#0 D:\xampp\htdocs\projekty\uczelnia\FB-Clone\system\Database\MySQLi\Connection.php(331): mysqli->query('SELECT *\nFROM `...')
#1 D:\xampp\htdocs\projekty\uczelnia\FB-Clone\system\Database\BaseConnection.php(741): CodeIgniter\Database\MySQLi\Connection->execute('SELECT *\nFROM `...')
#2 D:\xampp\htdocs\projekty\uczelnia\FB-Clone\system\Database\BaseConnection.php(669): CodeIgniter\Database\BaseConnection->simpleQuery('SELECT *\nFROM `...')
#3 D:\xampp\htdocs\projekty\uczelnia\FB-Clone\system\Database\BaseBuilder.php(1860): CodeIgniter\Database\BaseConnection->query('SELECT *\nFROM `...', Array, false)
#4 D:\xampp\htdocs\projekty\uczelnia\FB-Clone\app\Models\AccountModel.php(21): CodeIgniter\Database\BaseBuilder->get()
#5 D:\xampp\htdocs\projekty\uczelnia\FB-Clone\app\Controllers\Account.php(69): App\Models\AccountModel->getAccount('48')
#6 D:\xampp\htdocs\projekty\uczelnia\FB-Clone\system\CodeIgniter.php(918): App\Controllers\Account->login()
#7 D:\xampp\htdocs\projekty\uczelnia\FB-Clone\system\CodeIgniter.php(404): CodeIgniter\CodeIgniter->runController(Object(App\Controllers\Account))
#8 D:\xampp\htdocs\projekty\uczelnia\FB-Clone\system\CodeIgniter.php(312): CodeIgniter\CodeIgniter->handleRequest(NULL, Object(Config\Cache), false)
#9 D:\xampp\htdocs\projekty\uczelnia\FB-Clone\public\index.php(45): CodeIgniter\CodeIgniter->run()
#10 {main}
CRITICAL - 2020-12-17 15:49:50 --> Declaration of App\Models\AccountModel::update($data) must be compatible with CodeIgniter\Model::update($id = NULL, $data = NULL): bool
#0 [internal function]: CodeIgniter\Debug\Exceptions->shutdownHandler()
#1 {main}
CRITICAL - 2020-12-17 16:01:26 --> syntax error, unexpected 'file_put_contents' (T_STRING)
#0 D:\xampp\htdocs\projekty\uczelnia\FB-Clone\system\Autoloader\Autoloader.php(296): CodeIgniter\Autoloader\Autoloader->requireFile('D:\\xampp\\htdocs...')
#1 D:\xampp\htdocs\projekty\uczelnia\FB-Clone\system\Autoloader\Autoloader.php(258): CodeIgniter\Autoloader\Autoloader->loadInNamespace('App\\Models\\Acco...')
#2 [internal function]: CodeIgniter\Autoloader\Autoloader->loadClass('App\\Models\\Acco...')
#3 D:\xampp\htdocs\projekty\uczelnia\FB-Clone\app\Controllers\Account.php(26): spl_autoload_call('App\\Models\\Acco...')
#4 D:\xampp\htdocs\projekty\uczelnia\FB-Clone\system\CodeIgniter.php(890): App\Controllers\Account->__construct()
#5 D:\xampp\htdocs\projekty\uczelnia\FB-Clone\system\CodeIgniter.php(399): CodeIgniter\CodeIgniter->createController()
#6 D:\xampp\htdocs\projekty\uczelnia\FB-Clone\system\CodeIgniter.php(312): CodeIgniter\CodeIgniter->handleRequest(NULL, Object(Config\Cache), false)
#7 D:\xampp\htdocs\projekty\uczelnia\FB-Clone\public\index.php(45): CodeIgniter\CodeIgniter->run()
#8 {main}
CRITICAL - 2020-12-17 16:01:37 --> Object of class stdClass could not be converted to string
#0 D:\xampp\htdocs\projekty\uczelnia\FB-Clone\app\Controllers\Account.php(86): App\Models\AccountModel->updateAccount(Object(stdClass))
#1 D:\xampp\htdocs\projekty\uczelnia\FB-Clone\system\CodeIgniter.php(918): App\Controllers\Account->update()
#2 D:\xampp\htdocs\projekty\uczelnia\FB-Clone\system\CodeIgniter.php(404): CodeIgniter\CodeIgniter->runController(Object(App\Controllers\Account))
#3 D:\xampp\htdocs\projekty\uczelnia\FB-Clone\system\CodeIgniter.php(312): CodeIgniter\CodeIgniter->handleRequest(NULL, Object(Config\Cache), false)
#4 D:\xampp\htdocs\projekty\uczelnia\FB-Clone\public\index.php(45): CodeIgniter\CodeIgniter->run()
#5 {main}
CRITICAL - 2020-12-17 16:02:26 --> Object of class stdClass could not be converted to string
#0 D:\xampp\htdocs\projekty\uczelnia\FB-Clone\app\Controllers\Account.php(86): App\Models\AccountModel->updateAccount(Object(stdClass))
#1 D:\xampp\htdocs\projekty\uczelnia\FB-Clone\system\CodeIgniter.php(918): App\Controllers\Account->update()
#2 D:\xampp\htdocs\projekty\uczelnia\FB-Clone\system\CodeIgniter.php(404): CodeIgniter\CodeIgniter->runController(Object(App\Controllers\Account))
#3 D:\xampp\htdocs\projekty\uczelnia\FB-Clone\system\CodeIgniter.php(312): CodeIgniter\CodeIgniter->handleRequest(NULL, Object(Config\Cache), false)
#4 D:\xampp\htdocs\projekty\uczelnia\FB-Clone\public\index.php(45): CodeIgniter\CodeIgniter->run()
#5 {main}
CRITICAL - 2020-12-17 16:34:23 --> Undefined variable: model
#0 D:\xampp\htdocs\projekty\uczelnia\FB-Clone\app\Controllers\Account.php(89): CodeIgniter\Debug\Exceptions->errorHandler(8, 'Undefined varia...', 'D:\\xampp\\htdocs...', 89, Array)
#1 D:\xampp\htdocs\projekty\uczelnia\FB-Clone\system\CodeIgniter.php(918): App\Controllers\Account->update()
#2 D:\xampp\htdocs\projekty\uczelnia\FB-Clone\system\CodeIgniter.php(404): CodeIgniter\CodeIgniter->runController(Object(App\Controllers\Account))
#3 D:\xampp\htdocs\projekty\uczelnia\FB-Clone\system\CodeIgniter.php(312): CodeIgniter\CodeIgniter->handleRequest(NULL, Object(Config\Cache), false)
#4 D:\xampp\htdocs\projekty\uczelnia\FB-Clone\public\index.php(45): CodeIgniter\CodeIgniter->run()
#5 {main}
CRITICAL - 2020-12-17 16:41:38 --> Undefined property: App\Controllers\Account::$userDataRules
#0 D:\xampp\htdocs\projekty\uczelnia\FB-Clone\app\Controllers\Account.php(87): CodeIgniter\Debug\Exceptions->errorHandler(8, 'Undefined prope...', 'D:\\xampp\\htdocs...', 87, Array)
#1 D:\xampp\htdocs\projekty\uczelnia\FB-Clone\system\CodeIgniter.php(918): App\Controllers\Account->update()
#2 D:\xampp\htdocs\projekty\uczelnia\FB-Clone\system\CodeIgniter.php(404): CodeIgniter\CodeIgniter->runController(Object(App\Controllers\Account))
#3 D:\xampp\htdocs\projekty\uczelnia\FB-Clone\system\CodeIgniter.php(312): CodeIgniter\CodeIgniter->handleRequest(NULL, Object(Config\Cache), false)
#4 D:\xampp\htdocs\projekty\uczelnia\FB-Clone\public\index.php(45): CodeIgniter\CodeIgniter->run()
#5 {main}
CRITICAL - 2020-12-17 16:42:35 --> Undefined property: App\Controllers\Account::$userDataRules
#0 D:\xampp\htdocs\projekty\uczelnia\FB-Clone\app\Controllers\Account.php(87): CodeIgniter\Debug\Exceptions->errorHandler(8, 'Undefined prope...', 'D:\\xampp\\htdocs...', 87, Array)
#1 D:\xampp\htdocs\projekty\uczelnia\FB-Clone\system\CodeIgniter.php(918): App\Controllers\Account->update()
#2 D:\xampp\htdocs\projekty\uczelnia\FB-Clone\system\CodeIgniter.php(404): CodeIgniter\CodeIgniter->runController(Object(App\Controllers\Account))
#3 D:\xampp\htdocs\projekty\uczelnia\FB-Clone\system\CodeIgniter.php(312): CodeIgniter\CodeIgniter->handleRequest(NULL, Object(Config\Cache), false)
#4 D:\xampp\htdocs\projekty\uczelnia\FB-Clone\public\index.php(45): CodeIgniter\CodeIgniter->run()
#5 {main}
CRITICAL - 2020-12-17 16:45:00 --> array_intersect_assoc(): Expected parameter 2 to be an array, object given
#0 [internal function]: CodeIgniter\Debug\Exceptions->errorHandler(2, 'array_intersect...', 'D:\\xampp\\htdocs...', 89, Array)
#1 D:\xampp\htdocs\projekty\uczelnia\FB-Clone\app\Controllers\Account.php(89): array_intersect_assoc(Array, Object(stdClass))
#2 D:\xampp\htdocs\projekty\uczelnia\FB-Clone\system\CodeIgniter.php(918): App\Controllers\Account->update()
#3 D:\xampp\htdocs\projekty\uczelnia\FB-Clone\system\CodeIgniter.php(404): CodeIgniter\CodeIgniter->runController(Object(App\Controllers\Account))
#4 D:\xampp\htdocs\projekty\uczelnia\FB-Clone\system\CodeIgniter.php(312): CodeIgniter\CodeIgniter->handleRequest(NULL, Object(Config\Cache), false)
#5 D:\xampp\htdocs\projekty\uczelnia\FB-Clone\public\index.php(45): CodeIgniter\CodeIgniter->run()
#6 {main}
CRITICAL - 2020-12-17 16:45:23 --> array_intersect_assoc(): Expected parameter 2 to be an array, object given
#0 [internal function]: CodeIgniter\Debug\Exceptions->errorHandler(2, 'array_intersect...', 'D:\\xampp\\htdocs...', 89, Array)
#1 D:\xampp\htdocs\projekty\uczelnia\FB-Clone\app\Controllers\Account.php(89): array_intersect_assoc(Array, Object(stdClass))
#2 D:\xampp\htdocs\projekty\uczelnia\FB-Clone\system\CodeIgniter.php(918): App\Controllers\Account->update()
#3 D:\xampp\htdocs\projekty\uczelnia\FB-Clone\system\CodeIgniter.php(404): CodeIgniter\CodeIgniter->runController(Object(App\Controllers\Account))
#4 D:\xampp\htdocs\projekty\uczelnia\FB-Clone\system\CodeIgniter.php(312): CodeIgniter\CodeIgniter->handleRequest(NULL, Object(Config\Cache), false)
#5 D:\xampp\htdocs\projekty\uczelnia\FB-Clone\public\index.php(45): CodeIgniter\CodeIgniter->run()
#6 {main}
CRITICAL - 2020-12-17 16:51:36 --> Undefined property: App\Controllers\Account::$ususerDataer
#0 D:\xampp\htdocs\projekty\uczelnia\FB-Clone\app\Controllers\Account.php(94): CodeIgniter\Debug\Exceptions->errorHandler(8, 'Undefined prope...', 'D:\\xampp\\htdocs...', 94, Array)
#1 D:\xampp\htdocs\projekty\uczelnia\FB-Clone\system\CodeIgniter.php(918): App\Controllers\Account->update()
#2 D:\xampp\htdocs\projekty\uczelnia\FB-Clone\system\CodeIgniter.php(404): CodeIgniter\CodeIgniter->runController(Object(App\Controllers\Account))
#3 D:\xampp\htdocs\projekty\uczelnia\FB-Clone\system\CodeIgniter.php(312): CodeIgniter\CodeIgniter->handleRequest(NULL, Object(Config\Cache), false)
#4 D:\xampp\htdocs\projekty\uczelnia\FB-Clone\public\index.php(45): CodeIgniter\CodeIgniter->run()
#5 {main}
CRITICAL - 2020-12-17 16:55:27 --> There is no data to update.
#0 D:\xampp\htdocs\projekty\uczelnia\FB-Clone\system\Model.php(834): CodeIgniter\Database\Exceptions\DataException::forEmptyDataset('update')
#1 D:\xampp\htdocs\projekty\uczelnia\FB-Clone\app\Controllers\Account.php(96): CodeIgniter\Model->update(Array)
#2 D:\xampp\htdocs\projekty\uczelnia\FB-Clone\system\CodeIgniter.php(918): App\Controllers\Account->update()
#3 D:\xampp\htdocs\projekty\uczelnia\FB-Clone\system\CodeIgniter.php(404): CodeIgniter\CodeIgniter->runController(Object(App\Controllers\Account))
#4 D:\xampp\htdocs\projekty\uczelnia\FB-Clone\system\CodeIgniter.php(312): CodeIgniter\CodeIgniter->handleRequest(NULL, Object(Config\Cache), false)
#5 D:\xampp\htdocs\projekty\uczelnia\FB-Clone\public\index.php(45): CodeIgniter\CodeIgniter->run()
#6 {main}
CRITICAL - 2020-12-17 16:55:42 --> There is no data to update.
#0 D:\xampp\htdocs\projekty\uczelnia\FB-Clone\system\Model.php(834): CodeIgniter\Database\Exceptions\DataException::forEmptyDataset('update')
#1 D:\xampp\htdocs\projekty\uczelnia\FB-Clone\app\Controllers\Account.php(96): CodeIgniter\Model->update(Array)
#2 D:\xampp\htdocs\projekty\uczelnia\FB-Clone\system\CodeIgniter.php(918): App\Controllers\Account->update()
#3 D:\xampp\htdocs\projekty\uczelnia\FB-Clone\system\CodeIgniter.php(404): CodeIgniter\CodeIgniter->runController(Object(App\Controllers\Account))
#4 D:\xampp\htdocs\projekty\uczelnia\FB-Clone\system\CodeIgniter.php(312): CodeIgniter\CodeIgniter->handleRequest(NULL, Object(Config\Cache), false)
#5 D:\xampp\htdocs\projekty\uczelnia\FB-Clone\public\index.php(45): CodeIgniter\CodeIgniter->run()
#6 {main}
CRITICAL - 2020-12-17 16:59:36 --> There is no data to update.
#0 D:\xampp\htdocs\projekty\uczelnia\FB-Clone\system\Model.php(834): CodeIgniter\Database\Exceptions\DataException::forEmptyDataset('update')
#1 D:\xampp\htdocs\projekty\uczelnia\FB-Clone\app\Controllers\Account.php(98): CodeIgniter\Model->update(Array)
#2 D:\xampp\htdocs\projekty\uczelnia\FB-Clone\system\CodeIgniter.php(918): App\Controllers\Account->update()
#3 D:\xampp\htdocs\projekty\uczelnia\FB-Clone\system\CodeIgniter.php(404): CodeIgniter\CodeIgniter->runController(Object(App\Controllers\Account))
#4 D:\xampp\htdocs\projekty\uczelnia\FB-Clone\system\CodeIgniter.php(312): CodeIgniter\CodeIgniter->handleRequest(NULL, Object(Config\Cache), false)
#5 D:\xampp\htdocs\projekty\uczelnia\FB-Clone\public\index.php(45): CodeIgniter\CodeIgniter->run()
#6 {main}
CRITICAL - 2020-12-17 17:04:31 --> Undefined variable: updatePersonal
#0 D:\xampp\htdocs\projekty\uczelnia\FB-Clone\app\Controllers\Account.php(102): CodeIgniter\Debug\Exceptions->errorHandler(8, 'Undefined varia...', 'D:\\xampp\\htdocs...', 102, Array)
#1 D:\xampp\htdocs\projekty\uczelnia\FB-Clone\system\CodeIgniter.php(918): App\Controllers\Account->update()
#2 D:\xampp\htdocs\projekty\uczelnia\FB-Clone\system\CodeIgniter.php(404): CodeIgniter\CodeIgniter->runController(Object(App\Controllers\Account))
#3 D:\xampp\htdocs\projekty\uczelnia\FB-Clone\system\CodeIgniter.php(312): CodeIgniter\CodeIgniter->handleRequest(NULL, Object(Config\Cache), false)
#4 D:\xampp\htdocs\projekty\uczelnia\FB-Clone\public\index.php(45): CodeIgniter\CodeIgniter->run()
#5 {main}
CRITICAL - 2020-12-17 17:24:08 --> Object of class App\Controllers\Account could not be converted to string
#0 D:\xampp\htdocs\projekty\uczelnia\FB-Clone\system\CodeIgniter.php(918): App\Controllers\Account->update()
#1 D:\xampp\htdocs\projekty\uczelnia\FB-Clone\system\CodeIgniter.php(404): CodeIgniter\CodeIgniter->runController(Object(App\Controllers\Account))
#2 D:\xampp\htdocs\projekty\uczelnia\FB-Clone\system\CodeIgniter.php(312): CodeIgniter\CodeIgniter->handleRequest(NULL, Object(Config\Cache), false)
#3 D:\xampp\htdocs\projekty\uczelnia\FB-Clone\public\index.php(45): CodeIgniter\CodeIgniter->run()
#4 {main}
CRITICAL - 2020-12-17 17:46:27 --> Call to a member function getErrors() on null
#0 D:\xampp\htdocs\projekty\uczelnia\FB-Clone\app\Controllers\Account.php(130): CodeIgniter\Model->errors()
#1 D:\xampp\htdocs\projekty\uczelnia\FB-Clone\system\CodeIgniter.php(918): App\Controllers\Account->remove()
#2 D:\xampp\htdocs\projekty\uczelnia\FB-Clone\system\CodeIgniter.php(404): CodeIgniter\CodeIgniter->runController(Object(App\Controllers\Account))
#3 D:\xampp\htdocs\projekty\uczelnia\FB-Clone\system\CodeIgniter.php(312): CodeIgniter\CodeIgniter->handleRequest(NULL, Object(Config\Cache), false)
#4 D:\xampp\htdocs\projekty\uczelnia\FB-Clone\public\index.php(45): CodeIgniter\CodeIgniter->run()
#5 {main}
