CRITICAL - 2020-12-22 12:09:27 --> syntax error, unexpected ';', expecting ']'
#0 D:\xampp\htdocs\projekty\uczelnia\FB-Clone\system\Autoloader\Autoloader.php(296): CodeIgniter\Autoloader\Autoloader->requireFile('D:\\xampp\\htdocs...')
#1 D:\xampp\htdocs\projekty\uczelnia\FB-Clone\system\Autoloader\Autoloader.php(258): CodeIgniter\Autoloader\Autoloader->loadInNamespace('App\\Controllers...')
#2 [internal function]: CodeIgniter\Autoloader\Autoloader->loadClass('App\\Controllers...')
#3 [internal function]: spl_autoload_call('App\\Controllers...')
#4 D:\xampp\htdocs\projekty\uczelnia\FB-Clone\system\CodeIgniter.php(869): class_exists('\\App\\Controller...', true)
#5 D:\xampp\htdocs\projekty\uczelnia\FB-Clone\system\CodeIgniter.php(394): CodeIgniter\CodeIgniter->startController()
#6 D:\xampp\htdocs\projekty\uczelnia\FB-Clone\system\CodeIgniter.php(312): CodeIgniter\CodeIgniter->handleRequest(NULL, Object(Config\Cache), false)
#7 D:\xampp\htdocs\projekty\uczelnia\FB-Clone\public\index.php(45): CodeIgniter\CodeIgniter->run()
#8 {main}
CRITICAL - 2020-12-22 12:09:49 --> syntax error, unexpected ';', expecting ']'
#0 D:\xampp\htdocs\projekty\uczelnia\FB-Clone\system\Autoloader\Autoloader.php(296): CodeIgniter\Autoloader\Autoloader->requireFile('D:\\xampp\\htdocs...')
#1 D:\xampp\htdocs\projekty\uczelnia\FB-Clone\system\Autoloader\Autoloader.php(258): CodeIgniter\Autoloader\Autoloader->loadInNamespace('App\\Controllers...')
#2 [internal function]: CodeIgniter\Autoloader\Autoloader->loadClass('App\\Controllers...')
#3 [internal function]: spl_autoload_call('App\\Controllers...')
#4 D:\xampp\htdocs\projekty\uczelnia\FB-Clone\system\CodeIgniter.php(869): class_exists('\\App\\Controller...', true)
#5 D:\xampp\htdocs\projekty\uczelnia\FB-Clone\system\CodeIgniter.php(394): CodeIgniter\CodeIgniter->startController()
#6 D:\xampp\htdocs\projekty\uczelnia\FB-Clone\system\CodeIgniter.php(312): CodeIgniter\CodeIgniter->handleRequest(NULL, Object(Config\Cache), false)
#7 D:\xampp\htdocs\projekty\uczelnia\FB-Clone\public\index.php(45): CodeIgniter\CodeIgniter->run()
#8 {main}
CRITICAL - 2020-12-22 12:11:40 --> syntax error, unexpected '' (T_ENCAPSED_AND_WHITESPACE), expecting '-' or identifier (T_STRING) or variable (T_VARIABLE) or number (T_NUM_STRING)
#0 D:\xampp\htdocs\projekty\uczelnia\FB-Clone\system\Autoloader\Autoloader.php(296): CodeIgniter\Autoloader\Autoloader->requireFile('D:\\xampp\\htdocs...')
#1 D:\xampp\htdocs\projekty\uczelnia\FB-Clone\system\Autoloader\Autoloader.php(258): CodeIgniter\Autoloader\Autoloader->loadInNamespace('App\\Models\\Post...')
#2 [internal function]: CodeIgniter\Autoloader\Autoloader->loadClass('App\\Models\\Post...')
#3 D:\xampp\htdocs\projekty\uczelnia\FB-Clone\app\Controllers\Home.php(25): spl_autoload_call('App\\Models\\Post...')
#4 D:\xampp\htdocs\projekty\uczelnia\FB-Clone\system\CodeIgniter.php(890): App\Controllers\Home->__construct()
#5 D:\xampp\htdocs\projekty\uczelnia\FB-Clone\system\CodeIgniter.php(399): CodeIgniter\CodeIgniter->createController()
#6 D:\xampp\htdocs\projekty\uczelnia\FB-Clone\system\CodeIgniter.php(312): CodeIgniter\CodeIgniter->handleRequest(NULL, Object(Config\Cache), false)
#7 D:\xampp\htdocs\projekty\uczelnia\FB-Clone\public\index.php(45): CodeIgniter\CodeIgniter->run()
#8 {main}
CRITICAL - 2020-12-22 13:31:47 --> Cannot use object of type stdClass as array
#0 D:\xampp\htdocs\projekty\uczelnia\FB-Clone\app\Models\PostModel.php(82): App\Models\PostModel->buildPostTree(Array)
#1 D:\xampp\htdocs\projekty\uczelnia\FB-Clone\app\Controllers\Home.php(158): App\Models\PostModel->getPosts()
#2 D:\xampp\htdocs\projekty\uczelnia\FB-Clone\system\CodeIgniter.php(918): App\Controllers\Home->getPosts()
#3 D:\xampp\htdocs\projekty\uczelnia\FB-Clone\system\CodeIgniter.php(404): CodeIgniter\CodeIgniter->runController(Object(App\Controllers\Home))
#4 D:\xampp\htdocs\projekty\uczelnia\FB-Clone\system\CodeIgniter.php(312): CodeIgniter\CodeIgniter->handleRequest(NULL, Object(Config\Cache), false)
#5 D:\xampp\htdocs\projekty\uczelnia\FB-Clone\public\index.php(45): CodeIgniter\CodeIgniter->run()
#6 {main}
CRITICAL - 2020-12-22 13:32:24 --> Trying to get property 'data' of non-object
#0 D:\xampp\htdocs\projekty\uczelnia\FB-Clone\app\Models\PostModel.php(83): CodeIgniter\Debug\Exceptions->errorHandler(8, 'Trying to get p...', 'D:\\xampp\\htdocs...', 83, Array)
#1 D:\xampp\htdocs\projekty\uczelnia\FB-Clone\app\Controllers\Home.php(158): App\Models\PostModel->getPosts()
#2 D:\xampp\htdocs\projekty\uczelnia\FB-Clone\system\CodeIgniter.php(918): App\Controllers\Home->getPosts()
#3 D:\xampp\htdocs\projekty\uczelnia\FB-Clone\system\CodeIgniter.php(404): CodeIgniter\CodeIgniter->runController(Object(App\Controllers\Home))
#4 D:\xampp\htdocs\projekty\uczelnia\FB-Clone\system\CodeIgniter.php(312): CodeIgniter\CodeIgniter->handleRequest(NULL, Object(Config\Cache), false)
#5 D:\xampp\htdocs\projekty\uczelnia\FB-Clone\public\index.php(45): CodeIgniter\CodeIgniter->run()
#6 {main}
CRITICAL - 2020-12-22 13:32:41 --> Call to undefined method CodeIgniter\Database\MySQLi\Result::getResults()
#0 D:\xampp\htdocs\projekty\uczelnia\FB-Clone\app\Controllers\Home.php(158): App\Models\PostModel->getPosts()
#1 D:\xampp\htdocs\projekty\uczelnia\FB-Clone\system\CodeIgniter.php(918): App\Controllers\Home->getPosts()
#2 D:\xampp\htdocs\projekty\uczelnia\FB-Clone\system\CodeIgniter.php(404): CodeIgniter\CodeIgniter->runController(Object(App\Controllers\Home))
#3 D:\xampp\htdocs\projekty\uczelnia\FB-Clone\system\CodeIgniter.php(312): CodeIgniter\CodeIgniter->handleRequest(NULL, Object(Config\Cache), false)
#4 D:\xampp\htdocs\projekty\uczelnia\FB-Clone\public\index.php(45): CodeIgniter\CodeIgniter->run()
#5 {main}
CRITICAL - 2020-12-22 13:32:53 --> Trying to get property 'data' of non-object
#0 D:\xampp\htdocs\projekty\uczelnia\FB-Clone\app\Models\PostModel.php(83): CodeIgniter\Debug\Exceptions->errorHandler(8, 'Trying to get p...', 'D:\\xampp\\htdocs...', 83, Array)
#1 D:\xampp\htdocs\projekty\uczelnia\FB-Clone\app\Controllers\Home.php(158): App\Models\PostModel->getPosts()
#2 D:\xampp\htdocs\projekty\uczelnia\FB-Clone\system\CodeIgniter.php(918): App\Controllers\Home->getPosts()
#3 D:\xampp\htdocs\projekty\uczelnia\FB-Clone\system\CodeIgniter.php(404): CodeIgniter\CodeIgniter->runController(Object(App\Controllers\Home))
#4 D:\xampp\htdocs\projekty\uczelnia\FB-Clone\system\CodeIgniter.php(312): CodeIgniter\CodeIgniter->handleRequest(NULL, Object(Config\Cache), false)
#5 D:\xampp\htdocs\projekty\uczelnia\FB-Clone\public\index.php(45): CodeIgniter\CodeIgniter->run()
#6 {main}
CRITICAL - 2020-12-22 13:34:32 --> Call to undefined function App\Models\buildTree()
#0 D:\xampp\htdocs\projekty\uczelnia\FB-Clone\app\Models\PostModel.php(82): App\Models\PostModel->buildPostTree(Array)
#1 D:\xampp\htdocs\projekty\uczelnia\FB-Clone\app\Controllers\Home.php(158): App\Models\PostModel->getPosts()
#2 D:\xampp\htdocs\projekty\uczelnia\FB-Clone\system\CodeIgniter.php(918): App\Controllers\Home->getPosts()
#3 D:\xampp\htdocs\projekty\uczelnia\FB-Clone\system\CodeIgniter.php(404): CodeIgniter\CodeIgniter->runController(Object(App\Controllers\Home))
#4 D:\xampp\htdocs\projekty\uczelnia\FB-Clone\system\CodeIgniter.php(312): CodeIgniter\CodeIgniter->handleRequest(NULL, Object(Config\Cache), false)
#5 D:\xampp\htdocs\projekty\uczelnia\FB-Clone\public\index.php(45): CodeIgniter\CodeIgniter->run()
#6 {main}
CRITICAL - 2020-12-22 13:35:45 --> Call to undefined function App\Models\buildTree()
#0 D:\xampp\htdocs\projekty\uczelnia\FB-Clone\app\Models\PostModel.php(82): App\Models\buildPostTree(Array)
#1 D:\xampp\htdocs\projekty\uczelnia\FB-Clone\app\Controllers\Home.php(158): App\Models\PostModel->getPosts()
#2 D:\xampp\htdocs\projekty\uczelnia\FB-Clone\system\CodeIgniter.php(918): App\Controllers\Home->getPosts()
#3 D:\xampp\htdocs\projekty\uczelnia\FB-Clone\system\CodeIgniter.php(404): CodeIgniter\CodeIgniter->runController(Object(App\Controllers\Home))
#4 D:\xampp\htdocs\projekty\uczelnia\FB-Clone\system\CodeIgniter.php(312): CodeIgniter\CodeIgniter->handleRequest(NULL, Object(Config\Cache), false)
#5 D:\xampp\htdocs\projekty\uczelnia\FB-Clone\public\index.php(45): CodeIgniter\CodeIgniter->run()
#6 {main}
CRITICAL - 2020-12-22 13:36:13 --> Call to undefined function App\Models\buildTree()
#0 D:\xampp\htdocs\projekty\uczelnia\FB-Clone\app\Models\PostModel.php(99): App\Models\PostModel->buildPostTree(Array)
#1 D:\xampp\htdocs\projekty\uczelnia\FB-Clone\app\Controllers\Home.php(158): App\Models\PostModel->getPosts()
#2 D:\xampp\htdocs\projekty\uczelnia\FB-Clone\system\CodeIgniter.php(918): App\Controllers\Home->getPosts()
#3 D:\xampp\htdocs\projekty\uczelnia\FB-Clone\system\CodeIgniter.php(404): CodeIgniter\CodeIgniter->runController(Object(App\Controllers\Home))
#4 D:\xampp\htdocs\projekty\uczelnia\FB-Clone\system\CodeIgniter.php(312): CodeIgniter\CodeIgniter->handleRequest(NULL, Object(Config\Cache), false)
#5 D:\xampp\htdocs\projekty\uczelnia\FB-Clone\public\index.php(45): CodeIgniter\CodeIgniter->run()
#6 {main}
CRITICAL - 2020-12-22 13:39:48 --> Call to undefined function buildTree()
#0 D:\xampp\htdocs\projekty\uczelnia\FB-Clone\app\Models\PostModel.php(83): buildPostTree(Array)
#1 D:\xampp\htdocs\projekty\uczelnia\FB-Clone\app\Controllers\Home.php(158): App\Models\PostModel->getPosts()
#2 D:\xampp\htdocs\projekty\uczelnia\FB-Clone\system\CodeIgniter.php(918): App\Controllers\Home->getPosts()
#3 D:\xampp\htdocs\projekty\uczelnia\FB-Clone\system\CodeIgniter.php(404): CodeIgniter\CodeIgniter->runController(Object(App\Controllers\Home))
#4 D:\xampp\htdocs\projekty\uczelnia\FB-Clone\system\CodeIgniter.php(312): CodeIgniter\CodeIgniter->handleRequest(NULL, Object(Config\Cache), false)
#5 D:\xampp\htdocs\projekty\uczelnia\FB-Clone\public\index.php(45): CodeIgniter\CodeIgniter->run()
#6 {main}
CRITICAL - 2020-12-22 13:40:00 --> Call to undefined function buildTree()
#0 D:\xampp\htdocs\projekty\uczelnia\FB-Clone\app\Models\PostModel.php(83): buildPostTree(Array)
#1 D:\xampp\htdocs\projekty\uczelnia\FB-Clone\app\Controllers\Home.php(158): App\Models\PostModel->getPosts()
#2 D:\xampp\htdocs\projekty\uczelnia\FB-Clone\system\CodeIgniter.php(918): App\Controllers\Home->getPosts()
#3 D:\xampp\htdocs\projekty\uczelnia\FB-Clone\system\CodeIgniter.php(404): CodeIgniter\CodeIgniter->runController(Object(App\Controllers\Home))
#4 D:\xampp\htdocs\projekty\uczelnia\FB-Clone\system\CodeIgniter.php(312): CodeIgniter\CodeIgniter->handleRequest(NULL, Object(Config\Cache), false)
#5 D:\xampp\htdocs\projekty\uczelnia\FB-Clone\public\index.php(45): CodeIgniter\CodeIgniter->run()
#6 {main}
