CRITICAL - 2020-12-21 11:36:30 --> validateUser is not a valid rule.
#0 D:\xampp\htdocs\projekty\uczelnia\FB-Clone\system\Validation\Validation.php(333): CodeIgniter\Validation\Exceptions\ValidationException::forRuleNotFound('validateUser')
#1 D:\xampp\htdocs\projekty\uczelnia\FB-Clone\system\Validation\Validation.php(189): CodeIgniter\Validation\Validation->processRules('password', 'password', '12345678', Array, Array)
#2 D:\xampp\htdocs\projekty\uczelnia\FB-Clone\app\Controllers\BaseController.php(84): CodeIgniter\Validation\Validation->run(Array)
#3 D:\xampp\htdocs\projekty\uczelnia\FB-Clone\app\Controllers\Auth.php(75): App\Controllers\BaseController->validateRequest(Array, Array, Array)
#4 D:\xampp\htdocs\projekty\uczelnia\FB-Clone\system\CodeIgniter.php(918): App\Controllers\Auth->login()
#5 D:\xampp\htdocs\projekty\uczelnia\FB-Clone\system\CodeIgniter.php(404): CodeIgniter\CodeIgniter->runController(Object(App\Controllers\Auth))
#6 D:\xampp\htdocs\projekty\uczelnia\FB-Clone\system\CodeIgniter.php(312): CodeIgniter\CodeIgniter->handleRequest(NULL, Object(Config\Cache), false)
#7 D:\xampp\htdocs\projekty\uczelnia\FB-Clone\public\index.php(45): CodeIgniter\CodeIgniter->run()
#8 {main}
CRITICAL - 2020-12-21 11:37:58 -->  is not a valid rule.
#0 D:\xampp\htdocs\projekty\uczelnia\FB-Clone\system\Validation\Validation.php(333): CodeIgniter\Validation\Exceptions\ValidationException::forRuleNotFound('')
#1 D:\xampp\htdocs\projekty\uczelnia\FB-Clone\system\Validation\Validation.php(189): CodeIgniter\Validation\Validation->processRules('password', 'password', '12345678', Array, Array)
#2 D:\xampp\htdocs\projekty\uczelnia\FB-Clone\app\Controllers\BaseController.php(84): CodeIgniter\Validation\Validation->run(Array)
#3 D:\xampp\htdocs\projekty\uczelnia\FB-Clone\app\Controllers\Auth.php(75): App\Controllers\BaseController->validateRequest(Array, Array, Array)
#4 D:\xampp\htdocs\projekty\uczelnia\FB-Clone\system\CodeIgniter.php(918): App\Controllers\Auth->login()
#5 D:\xampp\htdocs\projekty\uczelnia\FB-Clone\system\CodeIgniter.php(404): CodeIgniter\CodeIgniter->runController(Object(App\Controllers\Auth))
#6 D:\xampp\htdocs\projekty\uczelnia\FB-Clone\system\CodeIgniter.php(312): CodeIgniter\CodeIgniter->handleRequest(NULL, Object(Config\Cache), false)
#7 D:\xampp\htdocs\projekty\uczelnia\FB-Clone\public\index.php(45): CodeIgniter\CodeIgniter->run()
#8 {main}
CRITICAL - 2020-12-21 11:39:46 --> validateUser is not a valid rule.
#0 D:\xampp\htdocs\projekty\uczelnia\FB-Clone\system\Validation\Validation.php(333): CodeIgniter\Validation\Exceptions\ValidationException::forRuleNotFound('validateUser')
#1 D:\xampp\htdocs\projekty\uczelnia\FB-Clone\system\Validation\Validation.php(189): CodeIgniter\Validation\Validation->processRules('password', 'password', '12345678', Array, Array)
#2 D:\xampp\htdocs\projekty\uczelnia\FB-Clone\app\Controllers\BaseController.php(84): CodeIgniter\Validation\Validation->run(Array)
#3 D:\xampp\htdocs\projekty\uczelnia\FB-Clone\app\Controllers\Auth.php(75): App\Controllers\BaseController->validateRequest(Array, Array, Array)
#4 D:\xampp\htdocs\projekty\uczelnia\FB-Clone\system\CodeIgniter.php(918): App\Controllers\Auth->login()
#5 D:\xampp\htdocs\projekty\uczelnia\FB-Clone\system\CodeIgniter.php(404): CodeIgniter\CodeIgniter->runController(Object(App\Controllers\Auth))
#6 D:\xampp\htdocs\projekty\uczelnia\FB-Clone\system\CodeIgniter.php(312): CodeIgniter\CodeIgniter->handleRequest(NULL, Object(Config\Cache), false)
#7 D:\xampp\htdocs\projekty\uczelnia\FB-Clone\public\index.php(45): CodeIgniter\CodeIgniter->run()
#8 {main}
CRITICAL - 2020-12-21 12:25:15 --> Call to a member function getErrors() on null
#0 D:\xampp\htdocs\projekty\uczelnia\FB-Clone\system\CodeIgniter.php(918): App\Controllers\Account->remove()
#1 D:\xampp\htdocs\projekty\uczelnia\FB-Clone\system\CodeIgniter.php(404): CodeIgniter\CodeIgniter->runController(Object(App\Controllers\Account))
#2 D:\xampp\htdocs\projekty\uczelnia\FB-Clone\system\CodeIgniter.php(312): CodeIgniter\CodeIgniter->handleRequest(NULL, Object(Config\Cache), false)
#3 D:\xampp\htdocs\projekty\uczelnia\FB-Clone\public\index.php(45): CodeIgniter\CodeIgniter->run()
#4 {main}
CRITICAL - 2020-12-21 14:13:17 --> Trying to get property 'data' of non-object
#0 D:\xampp\htdocs\projekty\uczelnia\FB-Clone\app\Controllers\Account.php(111): CodeIgniter\Debug\Exceptions->errorHandler(8, 'Trying to get p...', 'D:\\xampp\\htdocs...', 111, Array)
#1 D:\xampp\htdocs\projekty\uczelnia\FB-Clone\system\CodeIgniter.php(918): App\Controllers\Account->acceptInvite()
#2 D:\xampp\htdocs\projekty\uczelnia\FB-Clone\system\CodeIgniter.php(404): CodeIgniter\CodeIgniter->runController(Object(App\Controllers\Account))
#3 D:\xampp\htdocs\projekty\uczelnia\FB-Clone\system\CodeIgniter.php(312): CodeIgniter\CodeIgniter->handleRequest(NULL, Object(Config\Cache), false)
#4 D:\xampp\htdocs\projekty\uczelnia\FB-Clone\public\index.php(45): CodeIgniter\CodeIgniter->run()
#5 {main}
CRITICAL - 2020-12-21 14:14:15 --> Undefined variable: mainRules
#0 D:\xampp\htdocs\projekty\uczelnia\FB-Clone\app\Controllers\Account.php(112): CodeIgniter\Debug\Exceptions->errorHandler(8, 'Undefined varia...', 'D:\\xampp\\htdocs...', 112, Array)
#1 D:\xampp\htdocs\projekty\uczelnia\FB-Clone\system\CodeIgniter.php(918): App\Controllers\Account->acceptInvite()
#2 D:\xampp\htdocs\projekty\uczelnia\FB-Clone\system\CodeIgniter.php(404): CodeIgniter\CodeIgniter->runController(Object(App\Controllers\Account))
#3 D:\xampp\htdocs\projekty\uczelnia\FB-Clone\system\CodeIgniter.php(312): CodeIgniter\CodeIgniter->handleRequest(NULL, Object(Config\Cache), false)
#4 D:\xampp\htdocs\projekty\uczelnia\FB-Clone\public\index.php(45): CodeIgniter\CodeIgniter->run()
#5 {main}
CRITICAL - 2020-12-21 15:12:16 --> required|valid_email is not a valid rule.
#0 D:\xampp\htdocs\projekty\uczelnia\FB-Clone\system\Validation\Validation.php(333): CodeIgniter\Validation\Exceptions\ValidationException::forRuleNotFound('required|valid_...')
#1 D:\xampp\htdocs\projekty\uczelnia\FB-Clone\system\Validation\Validation.php(189): CodeIgniter\Validation\Validation->processRules('0', '0', NULL, Array, Array)
#2 D:\xampp\htdocs\projekty\uczelnia\FB-Clone\app\Controllers\BaseController.php(84): CodeIgniter\Validation\Validation->run(Array)
#3 D:\xampp\htdocs\projekty\uczelnia\FB-Clone\app\Controllers\Account.php(130): App\Controllers\BaseController->validateRequest(Array, Array, Array)
#4 D:\xampp\htdocs\projekty\uczelnia\FB-Clone\system\CodeIgniter.php(918): App\Controllers\Account->acceptInvite()
#5 D:\xampp\htdocs\projekty\uczelnia\FB-Clone\system\CodeIgniter.php(404): CodeIgniter\CodeIgniter->runController(Object(App\Controllers\Account))
#6 D:\xampp\htdocs\projekty\uczelnia\FB-Clone\system\CodeIgniter.php(312): CodeIgniter\CodeIgniter->handleRequest(NULL, Object(Config\Cache), false)
#7 D:\xampp\htdocs\projekty\uczelnia\FB-Clone\public\index.php(45): CodeIgniter\CodeIgniter->run()
#8 {main}
CRITICAL - 2020-12-21 15:14:06 --> Argument 2 passed to App\Controllers\BaseController::validateRequest() must be of the type array, int given, called in D:\xampp\htdocs\projekty\uczelnia\FB-Clone\app\Controllers\Account.php on line 129
#0 D:\xampp\htdocs\projekty\uczelnia\FB-Clone\app\Controllers\Account.php(129): App\Controllers\BaseController->validateRequest(Array, 1, Array)
#1 D:\xampp\htdocs\projekty\uczelnia\FB-Clone\system\CodeIgniter.php(918): App\Controllers\Account->acceptInvite()
#2 D:\xampp\htdocs\projekty\uczelnia\FB-Clone\system\CodeIgniter.php(404): CodeIgniter\CodeIgniter->runController(Object(App\Controllers\Account))
#3 D:\xampp\htdocs\projekty\uczelnia\FB-Clone\system\CodeIgniter.php(312): CodeIgniter\CodeIgniter->handleRequest(NULL, Object(Config\Cache), false)
#4 D:\xampp\htdocs\projekty\uczelnia\FB-Clone\public\index.php(45): CodeIgniter\CodeIgniter->run()
#5 {main}
