CRITICAL - 2020-12-15 13:07:04 --> syntax error, unexpected '}'
#0 C:\xampp\htdocs\projekty\uczelnia\FB-Clone\system\Autoloader\Autoloader.php(296): CodeIgniter\Autoloader\Autoloader->requireFile('C:\\xampp\\htdocs...')
#1 C:\xampp\htdocs\projekty\uczelnia\FB-Clone\system\Autoloader\Autoloader.php(258): CodeIgniter\Autoloader\Autoloader->loadInNamespace('App\\Controllers...')
#2 [internal function]: CodeIgniter\Autoloader\Autoloader->loadClass('App\\Controllers...')
#3 [internal function]: spl_autoload_call('App\\Controllers...')
#4 C:\xampp\htdocs\projekty\uczelnia\FB-Clone\system\CodeIgniter.php(869): class_exists('\\App\\Controller...', true)
#5 C:\xampp\htdocs\projekty\uczelnia\FB-Clone\system\CodeIgniter.php(394): CodeIgniter\CodeIgniter->startController()
#6 C:\xampp\htdocs\projekty\uczelnia\FB-Clone\system\CodeIgniter.php(312): CodeIgniter\CodeIgniter->handleRequest(NULL, Object(Config\Cache), false)
#7 C:\xampp\htdocs\projekty\uczelnia\FB-Clone\public\index.php(45): CodeIgniter\CodeIgniter->run()
#8 {main}
CRITICAL - 2020-12-15 13:07:10 --> log() expects parameter 1 to be float, array given
#0 [internal function]: CodeIgniter\Debug\Exceptions->errorHandler(2, 'log() expects p...', 'C:\\xampp\\htdocs...', 28, Array)
#1 C:\xampp\htdocs\projekty\uczelnia\FB-Clone\app\Controllers\Account.php(28): log(Array)
#2 C:\xampp\htdocs\projekty\uczelnia\FB-Clone\system\CodeIgniter.php(918): App\Controllers\Account->register()
#3 C:\xampp\htdocs\projekty\uczelnia\FB-Clone\system\CodeIgniter.php(404): CodeIgniter\CodeIgniter->runController(Object(App\Controllers\Account))
#4 C:\xampp\htdocs\projekty\uczelnia\FB-Clone\system\CodeIgniter.php(312): CodeIgniter\CodeIgniter->handleRequest(NULL, Object(Config\Cache), false)
#5 C:\xampp\htdocs\projekty\uczelnia\FB-Clone\public\index.php(45): CodeIgniter\CodeIgniter->run()
#6 {main}
CRITICAL - 2020-12-15 13:17:45 --> Call to a member function insert() on null
#0 C:\xampp\htdocs\projekty\uczelnia\FB-Clone\system\CodeIgniter.php(918): App\Controllers\Account->register()
#1 C:\xampp\htdocs\projekty\uczelnia\FB-Clone\system\CodeIgniter.php(404): CodeIgniter\CodeIgniter->runController(Object(App\Controllers\Account))
#2 C:\xampp\htdocs\projekty\uczelnia\FB-Clone\system\CodeIgniter.php(312): CodeIgniter\CodeIgniter->handleRequest(NULL, Object(Config\Cache), false)
#3 C:\xampp\htdocs\projekty\uczelnia\FB-Clone\public\index.php(45): CodeIgniter\CodeIgniter->run()
#4 {main}
CRITICAL - 2020-12-15 13:18:04 --> Duplicate entry 'qwe@qw3e.com' for key 'email'
#0 C:\xampp\htdocs\projekty\uczelnia\FB-Clone\system\Database\MySQLi\Connection.php(331): mysqli->query('INSERT INTO `us...')
#1 C:\xampp\htdocs\projekty\uczelnia\FB-Clone\system\Database\BaseConnection.php(741): CodeIgniter\Database\MySQLi\Connection->execute('INSERT INTO `us...')
#2 C:\xampp\htdocs\projekty\uczelnia\FB-Clone\system\Database\BaseConnection.php(669): CodeIgniter\Database\BaseConnection->simpleQuery('INSERT INTO `us...')
#3 C:\xampp\htdocs\projekty\uczelnia\FB-Clone\system\Database\BaseBuilder.php(2249): CodeIgniter\Database\BaseConnection->query('INSERT INTO `us...', Array, false)
#4 C:\xampp\htdocs\projekty\uczelnia\FB-Clone\system\Model.php(755): CodeIgniter\Database\BaseBuilder->insert()
#5 C:\xampp\htdocs\projekty\uczelnia\FB-Clone\app\Controllers\Account.php(25): CodeIgniter\Model->insert(Array)
#6 C:\xampp\htdocs\projekty\uczelnia\FB-Clone\system\CodeIgniter.php(918): App\Controllers\Account->register()
#7 C:\xampp\htdocs\projekty\uczelnia\FB-Clone\system\CodeIgniter.php(404): CodeIgniter\CodeIgniter->runController(Object(App\Controllers\Account))
#8 C:\xampp\htdocs\projekty\uczelnia\FB-Clone\system\CodeIgniter.php(312): CodeIgniter\CodeIgniter->handleRequest(NULL, Object(Config\Cache), false)
#9 C:\xampp\htdocs\projekty\uczelnia\FB-Clone\public\index.php(45): CodeIgniter\CodeIgniter->run()
#10 {main}
CRITICAL - 2020-12-15 13:18:23 --> Duplicate entry 'qwe@qw3e.com' for key 'email'
#0 C:\xampp\htdocs\projekty\uczelnia\FB-Clone\system\Database\MySQLi\Connection.php(331): mysqli->query('INSERT INTO `us...')
#1 C:\xampp\htdocs\projekty\uczelnia\FB-Clone\system\Database\BaseConnection.php(741): CodeIgniter\Database\MySQLi\Connection->execute('INSERT INTO `us...')
#2 C:\xampp\htdocs\projekty\uczelnia\FB-Clone\system\Database\BaseConnection.php(669): CodeIgniter\Database\BaseConnection->simpleQuery('INSERT INTO `us...')
#3 C:\xampp\htdocs\projekty\uczelnia\FB-Clone\system\Database\BaseBuilder.php(2249): CodeIgniter\Database\BaseConnection->query('INSERT INTO `us...', Array, false)
#4 C:\xampp\htdocs\projekty\uczelnia\FB-Clone\system\Model.php(755): CodeIgniter\Database\BaseBuilder->insert()
#5 C:\xampp\htdocs\projekty\uczelnia\FB-Clone\app\Controllers\Account.php(25): CodeIgniter\Model->insert(Array)
#6 C:\xampp\htdocs\projekty\uczelnia\FB-Clone\system\CodeIgniter.php(918): App\Controllers\Account->register()
#7 C:\xampp\htdocs\projekty\uczelnia\FB-Clone\system\CodeIgniter.php(404): CodeIgniter\CodeIgniter->runController(Object(App\Controllers\Account))
#8 C:\xampp\htdocs\projekty\uczelnia\FB-Clone\system\CodeIgniter.php(312): CodeIgniter\CodeIgniter->handleRequest(NULL, Object(Config\Cache), false)
#9 C:\xampp\htdocs\projekty\uczelnia\FB-Clone\public\index.php(45): CodeIgniter\CodeIgniter->run()
#10 {main}
CRITICAL - 2020-12-15 13:20:40 --> Undefined property: mysqli_sql_exception::$nessage
#0 C:\xampp\htdocs\projekty\uczelnia\FB-Clone\app\Controllers\Account.php(30): CodeIgniter\Debug\Exceptions->errorHandler(8, 'Undefined prope...', 'C:\\xampp\\htdocs...', 30, Array)
#1 C:\xampp\htdocs\projekty\uczelnia\FB-Clone\system\CodeIgniter.php(918): App\Controllers\Account->register()
#2 C:\xampp\htdocs\projekty\uczelnia\FB-Clone\system\CodeIgniter.php(404): CodeIgniter\CodeIgniter->runController(Object(App\Controllers\Account))
#3 C:\xampp\htdocs\projekty\uczelnia\FB-Clone\system\CodeIgniter.php(312): CodeIgniter\CodeIgniter->handleRequest(NULL, Object(Config\Cache), false)
#4 C:\xampp\htdocs\projekty\uczelnia\FB-Clone\public\index.php(45): CodeIgniter\CodeIgniter->run()
#5 {main}
CRITICAL - 2020-12-15 13:20:47 --> Cannot access protected property mysqli_sql_exception::$message
#0 C:\xampp\htdocs\projekty\uczelnia\FB-Clone\system\CodeIgniter.php(918): App\Controllers\Account->register()
#1 C:\xampp\htdocs\projekty\uczelnia\FB-Clone\system\CodeIgniter.php(404): CodeIgniter\CodeIgniter->runController(Object(App\Controllers\Account))
#2 C:\xampp\htdocs\projekty\uczelnia\FB-Clone\system\CodeIgniter.php(312): CodeIgniter\CodeIgniter->handleRequest(NULL, Object(Config\Cache), false)
#3 C:\xampp\htdocs\projekty\uczelnia\FB-Clone\public\index.php(45): CodeIgniter\CodeIgniter->run()
#4 {main}
CRITICAL - 2020-12-15 13:43:41 --> Call to undefined function App\Controllers\getCustomRules()
#0 C:\xampp\htdocs\projekty\uczelnia\FB-Clone\system\CodeIgniter.php(918): App\Controllers\Account->register()
#1 C:\xampp\htdocs\projekty\uczelnia\FB-Clone\system\CodeIgniter.php(404): CodeIgniter\CodeIgniter->runController(Object(App\Controllers\Account))
#2 C:\xampp\htdocs\projekty\uczelnia\FB-Clone\system\CodeIgniter.php(312): CodeIgniter\CodeIgniter->handleRequest(NULL, Object(Config\Cache), false)
#3 C:\xampp\htdocs\projekty\uczelnia\FB-Clone\public\index.php(45): CodeIgniter\CodeIgniter->run()
#4 {main}
CRITICAL - 2020-12-15 13:44:33 --> Call to undefined function App\Controllers\getCustomRules()
#0 C:\xampp\htdocs\projekty\uczelnia\FB-Clone\system\CodeIgniter.php(918): App\Controllers\Account->register()
#1 C:\xampp\htdocs\projekty\uczelnia\FB-Clone\system\CodeIgniter.php(404): CodeIgniter\CodeIgniter->runController(Object(App\Controllers\Account))
#2 C:\xampp\htdocs\projekty\uczelnia\FB-Clone\system\CodeIgniter.php(312): CodeIgniter\CodeIgniter->handleRequest(NULL, Object(Config\Cache), false)
#3 C:\xampp\htdocs\projekty\uczelnia\FB-Clone\public\index.php(45): CodeIgniter\CodeIgniter->run()
#4 {main}
CRITICAL - 2020-12-15 13:44:34 --> Call to undefined function App\Controllers\getCustomRules()
#0 C:\xampp\htdocs\projekty\uczelnia\FB-Clone\system\CodeIgniter.php(918): App\Controllers\Account->register()
#1 C:\xampp\htdocs\projekty\uczelnia\FB-Clone\system\CodeIgniter.php(404): CodeIgniter\CodeIgniter->runController(Object(App\Controllers\Account))
#2 C:\xampp\htdocs\projekty\uczelnia\FB-Clone\system\CodeIgniter.php(312): CodeIgniter\CodeIgniter->handleRequest(NULL, Object(Config\Cache), false)
#3 C:\xampp\htdocs\projekty\uczelnia\FB-Clone\public\index.php(45): CodeIgniter\CodeIgniter->run()
#4 {main}
CRITICAL - 2020-12-15 13:44:34 --> Call to undefined function App\Controllers\getCustomRules()
#0 C:\xampp\htdocs\projekty\uczelnia\FB-Clone\system\CodeIgniter.php(918): App\Controllers\Account->register()
#1 C:\xampp\htdocs\projekty\uczelnia\FB-Clone\system\CodeIgniter.php(404): CodeIgniter\CodeIgniter->runController(Object(App\Controllers\Account))
#2 C:\xampp\htdocs\projekty\uczelnia\FB-Clone\system\CodeIgniter.php(312): CodeIgniter\CodeIgniter->handleRequest(NULL, Object(Config\Cache), false)
#3 C:\xampp\htdocs\projekty\uczelnia\FB-Clone\public\index.php(45): CodeIgniter\CodeIgniter->run()
#4 {main}
CRITICAL - 2020-12-15 13:45:39 --> Call to undefined function App\Controllers\getCustomRules()
#0 C:\xampp\htdocs\projekty\uczelnia\FB-Clone\system\CodeIgniter.php(918): App\Controllers\Account->register()
#1 C:\xampp\htdocs\projekty\uczelnia\FB-Clone\system\CodeIgniter.php(404): CodeIgniter\CodeIgniter->runController(Object(App\Controllers\Account))
#2 C:\xampp\htdocs\projekty\uczelnia\FB-Clone\system\CodeIgniter.php(312): CodeIgniter\CodeIgniter->handleRequest(NULL, Object(Config\Cache), false)
#3 C:\xampp\htdocs\projekty\uczelnia\FB-Clone\public\index.php(45): CodeIgniter\CodeIgniter->run()
#4 {main}
CRITICAL - 2020-12-15 13:45:48 --> Call to undefined function App\Controllers\getCustomRules()
#0 C:\xampp\htdocs\projekty\uczelnia\FB-Clone\system\CodeIgniter.php(918): App\Controllers\Account->register()
#1 C:\xampp\htdocs\projekty\uczelnia\FB-Clone\system\CodeIgniter.php(404): CodeIgniter\CodeIgniter->runController(Object(App\Controllers\Account))
#2 C:\xampp\htdocs\projekty\uczelnia\FB-Clone\system\CodeIgniter.php(312): CodeIgniter\CodeIgniter->handleRequest(NULL, Object(Config\Cache), false)
#3 C:\xampp\htdocs\projekty\uczelnia\FB-Clone\public\index.php(45): CodeIgniter\CodeIgniter->run()
#4 {main}
CRITICAL - 2020-12-15 14:05:29 --> syntax error, unexpected end of file, expecting function (T_FUNCTION) or const (T_CONST)
#0 C:\xampp\htdocs\projekty\uczelnia\FB-Clone\system\Autoloader\Autoloader.php(296): CodeIgniter\Autoloader\Autoloader->requireFile('C:\\xampp\\htdocs...')
#1 C:\xampp\htdocs\projekty\uczelnia\FB-Clone\system\Autoloader\Autoloader.php(258): CodeIgniter\Autoloader\Autoloader->loadInNamespace('App\\Controllers...')
#2 [internal function]: CodeIgniter\Autoloader\Autoloader->loadClass('App\\Controllers...')
#3 [internal function]: spl_autoload_call('App\\Controllers...')
#4 C:\xampp\htdocs\projekty\uczelnia\FB-Clone\system\CodeIgniter.php(869): class_exists('\\App\\Controller...', true)
#5 C:\xampp\htdocs\projekty\uczelnia\FB-Clone\system\CodeIgniter.php(394): CodeIgniter\CodeIgniter->startController()
#6 C:\xampp\htdocs\projekty\uczelnia\FB-Clone\system\CodeIgniter.php(312): CodeIgniter\CodeIgniter->handleRequest(NULL, Object(Config\Cache), false)
#7 C:\xampp\htdocs\projekty\uczelnia\FB-Clone\public\index.php(45): CodeIgniter\CodeIgniter->run()
#8 {main}
CRITICAL - 2020-12-15 14:14:25 --> Undefined variable: th
#0 C:\xampp\htdocs\projekty\uczelnia\FB-Clone\app\Controllers\Account.php(27): CodeIgniter\Debug\Exceptions->errorHandler(8, 'Undefined varia...', 'C:\\xampp\\htdocs...', 27, Array)
#1 C:\xampp\htdocs\projekty\uczelnia\FB-Clone\system\CodeIgniter.php(918): App\Controllers\Account->register()
#2 C:\xampp\htdocs\projekty\uczelnia\FB-Clone\system\CodeIgniter.php(404): CodeIgniter\CodeIgniter->runController(Object(App\Controllers\Account))
#3 C:\xampp\htdocs\projekty\uczelnia\FB-Clone\system\CodeIgniter.php(312): CodeIgniter\CodeIgniter->handleRequest(NULL, Object(Config\Cache), false)
#4 C:\xampp\htdocs\projekty\uczelnia\FB-Clone\public\index.php(45): CodeIgniter\CodeIgniter->run()
#5 {main}
CRITICAL - 2020-12-15 14:37:27 --> syntax error, unexpected '}'
#0 C:\xampp\htdocs\projekty\uczelnia\FB-Clone\system\Autoloader\Autoloader.php(296): CodeIgniter\Autoloader\Autoloader->requireFile('C:\\xampp\\htdocs...')
#1 C:\xampp\htdocs\projekty\uczelnia\FB-Clone\system\Autoloader\Autoloader.php(258): CodeIgniter\Autoloader\Autoloader->loadInNamespace('App\\Controllers...')
#2 [internal function]: CodeIgniter\Autoloader\Autoloader->loadClass('App\\Controllers...')
#3 [internal function]: spl_autoload_call('App\\Controllers...')
#4 C:\xampp\htdocs\projekty\uczelnia\FB-Clone\system\CodeIgniter.php(869): class_exists('\\App\\Controller...', true)
#5 C:\xampp\htdocs\projekty\uczelnia\FB-Clone\system\CodeIgniter.php(394): CodeIgniter\CodeIgniter->startController()
#6 C:\xampp\htdocs\projekty\uczelnia\FB-Clone\system\CodeIgniter.php(312): CodeIgniter\CodeIgniter->handleRequest(NULL, Object(Config\Cache), false)
#7 C:\xampp\htdocs\projekty\uczelnia\FB-Clone\public\index.php(45): CodeIgniter\CodeIgniter->run()
#8 {main}
CRITICAL - 2020-12-15 14:37:32 --> Argument 1 passed to CodeIgniter\Validation\Validation::setRules() must be of the type array, null given, called in C:\xampp\htdocs\projekty\uczelnia\FB-Clone\system\Controller.php on line 218
#0 C:\xampp\htdocs\projekty\uczelnia\FB-Clone\system\Controller.php(218): CodeIgniter\Validation\Validation->setRules(NULL, Array)
#1 C:\xampp\htdocs\projekty\uczelnia\FB-Clone\app\Controllers\Account.php(25): CodeIgniter\Controller->validate(NULL)
#2 C:\xampp\htdocs\projekty\uczelnia\FB-Clone\system\CodeIgniter.php(918): App\Controllers\Account->register()
#3 C:\xampp\htdocs\projekty\uczelnia\FB-Clone\system\CodeIgniter.php(404): CodeIgniter\CodeIgniter->runController(Object(App\Controllers\Account))
#4 C:\xampp\htdocs\projekty\uczelnia\FB-Clone\system\CodeIgniter.php(312): CodeIgniter\CodeIgniter->handleRequest(NULL, Object(Config\Cache), false)
#5 C:\xampp\htdocs\projekty\uczelnia\FB-Clone\public\index.php(45): CodeIgniter\CodeIgniter->run()
#6 {main}
CRITICAL - 2020-12-15 15:35:05 --> Undefined variable: data
#0 C:\xampp\htdocs\projekty\uczelnia\FB-Clone\app\Controllers\Account.php(29): CodeIgniter\Debug\Exceptions->errorHandler(8, 'Undefined varia...', 'C:\\xampp\\htdocs...', 29, Array)
#1 C:\xampp\htdocs\projekty\uczelnia\FB-Clone\system\CodeIgniter.php(918): App\Controllers\Account->register()
#2 C:\xampp\htdocs\projekty\uczelnia\FB-Clone\system\CodeIgniter.php(404): CodeIgniter\CodeIgniter->runController(Object(App\Controllers\Account))
#3 C:\xampp\htdocs\projekty\uczelnia\FB-Clone\system\CodeIgniter.php(312): CodeIgniter\CodeIgniter->handleRequest(NULL, Object(Config\Cache), false)
#4 C:\xampp\htdocs\projekty\uczelnia\FB-Clone\public\index.php(45): CodeIgniter\CodeIgniter->run()
#5 {main}
CRITICAL - 2020-12-15 15:36:07 --> Undefined variable: data
#0 C:\xampp\htdocs\projekty\uczelnia\FB-Clone\app\Controllers\Account.php(29): CodeIgniter\Debug\Exceptions->errorHandler(8, 'Undefined varia...', 'C:\\xampp\\htdocs...', 29, Array)
#1 C:\xampp\htdocs\projekty\uczelnia\FB-Clone\system\CodeIgniter.php(918): App\Controllers\Account->register()
#2 C:\xampp\htdocs\projekty\uczelnia\FB-Clone\system\CodeIgniter.php(404): CodeIgniter\CodeIgniter->runController(Object(App\Controllers\Account))
#3 C:\xampp\htdocs\projekty\uczelnia\FB-Clone\system\CodeIgniter.php(312): CodeIgniter\CodeIgniter->handleRequest(NULL, Object(Config\Cache), false)
#4 C:\xampp\htdocs\projekty\uczelnia\FB-Clone\public\index.php(45): CodeIgniter\CodeIgniter->run()
#5 {main}
CRITICAL - 2020-12-15 15:37:07 --> Undefined variable: data
#0 C:\xampp\htdocs\projekty\uczelnia\FB-Clone\app\Controllers\Account.php(29): CodeIgniter\Debug\Exceptions->errorHandler(8, 'Undefined varia...', 'C:\\xampp\\htdocs...', 29, Array)
#1 C:\xampp\htdocs\projekty\uczelnia\FB-Clone\system\CodeIgniter.php(918): App\Controllers\Account->register()
#2 C:\xampp\htdocs\projekty\uczelnia\FB-Clone\system\CodeIgniter.php(404): CodeIgniter\CodeIgniter->runController(Object(App\Controllers\Account))
#3 C:\xampp\htdocs\projekty\uczelnia\FB-Clone\system\CodeIgniter.php(312): CodeIgniter\CodeIgniter->handleRequest(NULL, Object(Config\Cache), false)
#4 C:\xampp\htdocs\projekty\uczelnia\FB-Clone\public\index.php(45): CodeIgniter\CodeIgniter->run()
#5 {main}
CRITICAL - 2020-12-15 15:39:54 --> Undefined variable: data
#0 C:\xampp\htdocs\projekty\uczelnia\FB-Clone\app\Controllers\Account.php(31): CodeIgniter\Debug\Exceptions->errorHandler(8, 'Undefined varia...', 'C:\\xampp\\htdocs...', 31, Array)
#1 C:\xampp\htdocs\projekty\uczelnia\FB-Clone\system\CodeIgniter.php(918): App\Controllers\Account->register()
#2 C:\xampp\htdocs\projekty\uczelnia\FB-Clone\system\CodeIgniter.php(404): CodeIgniter\CodeIgniter->runController(Object(App\Controllers\Account))
#3 C:\xampp\htdocs\projekty\uczelnia\FB-Clone\system\CodeIgniter.php(312): CodeIgniter\CodeIgniter->handleRequest(NULL, Object(Config\Cache), false)
#4 C:\xampp\htdocs\projekty\uczelnia\FB-Clone\public\index.php(45): CodeIgniter\CodeIgniter->run()
#5 {main}
CRITICAL - 2020-12-15 15:40:29 --> Undefined variable: data
#0 C:\xampp\htdocs\projekty\uczelnia\FB-Clone\app\Controllers\Account.php(31): CodeIgniter\Debug\Exceptions->errorHandler(8, 'Undefined varia...', 'C:\\xampp\\htdocs...', 31, Array)
#1 C:\xampp\htdocs\projekty\uczelnia\FB-Clone\system\CodeIgniter.php(918): App\Controllers\Account->register()
#2 C:\xampp\htdocs\projekty\uczelnia\FB-Clone\system\CodeIgniter.php(404): CodeIgniter\CodeIgniter->runController(Object(App\Controllers\Account))
#3 C:\xampp\htdocs\projekty\uczelnia\FB-Clone\system\CodeIgniter.php(312): CodeIgniter\CodeIgniter->handleRequest(NULL, Object(Config\Cache), false)
#4 C:\xampp\htdocs\projekty\uczelnia\FB-Clone\public\index.php(45): CodeIgniter\CodeIgniter->run()
#5 {main}
CRITICAL - 2020-12-15 15:41:22 --> Undefined variable: data
#0 C:\xampp\htdocs\projekty\uczelnia\FB-Clone\app\Controllers\Account.php(31): CodeIgniter\Debug\Exceptions->errorHandler(8, 'Undefined varia...', 'C:\\xampp\\htdocs...', 31, Array)
#1 C:\xampp\htdocs\projekty\uczelnia\FB-Clone\system\CodeIgniter.php(918): App\Controllers\Account->register()
#2 C:\xampp\htdocs\projekty\uczelnia\FB-Clone\system\CodeIgniter.php(404): CodeIgniter\CodeIgniter->runController(Object(App\Controllers\Account))
#3 C:\xampp\htdocs\projekty\uczelnia\FB-Clone\system\CodeIgniter.php(312): CodeIgniter\CodeIgniter->handleRequest(NULL, Object(Config\Cache), false)
#4 C:\xampp\htdocs\projekty\uczelnia\FB-Clone\public\index.php(45): CodeIgniter\CodeIgniter->run()
#5 {main}
CRITICAL - 2020-12-15 15:41:34 --> Undefined variable: data
#0 C:\xampp\htdocs\projekty\uczelnia\FB-Clone\app\Controllers\Account.php(31): CodeIgniter\Debug\Exceptions->errorHandler(8, 'Undefined varia...', 'C:\\xampp\\htdocs...', 31, Array)
#1 C:\xampp\htdocs\projekty\uczelnia\FB-Clone\system\CodeIgniter.php(918): App\Controllers\Account->register()
#2 C:\xampp\htdocs\projekty\uczelnia\FB-Clone\system\CodeIgniter.php(404): CodeIgniter\CodeIgniter->runController(Object(App\Controllers\Account))
#3 C:\xampp\htdocs\projekty\uczelnia\FB-Clone\system\CodeIgniter.php(312): CodeIgniter\CodeIgniter->handleRequest(NULL, Object(Config\Cache), false)
#4 C:\xampp\htdocs\projekty\uczelnia\FB-Clone\public\index.php(45): CodeIgniter\CodeIgniter->run()
#5 {main}
CRITICAL - 2020-12-15 15:41:42 --> Undefined variable: data
#0 C:\xampp\htdocs\projekty\uczelnia\FB-Clone\app\Controllers\Account.php(31): CodeIgniter\Debug\Exceptions->errorHandler(8, 'Undefined varia...', 'C:\\xampp\\htdocs...', 31, Array)
#1 C:\xampp\htdocs\projekty\uczelnia\FB-Clone\system\CodeIgniter.php(918): App\Controllers\Account->register()
#2 C:\xampp\htdocs\projekty\uczelnia\FB-Clone\system\CodeIgniter.php(404): CodeIgniter\CodeIgniter->runController(Object(App\Controllers\Account))
#3 C:\xampp\htdocs\projekty\uczelnia\FB-Clone\system\CodeIgniter.php(312): CodeIgniter\CodeIgniter->handleRequest(NULL, Object(Config\Cache), false)
#4 C:\xampp\htdocs\projekty\uczelnia\FB-Clone\public\index.php(45): CodeIgniter\CodeIgniter->run()
#5 {main}
CRITICAL - 2020-12-15 15:41:57 --> Undefined variable: data
#0 C:\xampp\htdocs\projekty\uczelnia\FB-Clone\app\Controllers\Account.php(31): CodeIgniter\Debug\Exceptions->errorHandler(8, 'Undefined varia...', 'C:\\xampp\\htdocs...', 31, Array)
#1 C:\xampp\htdocs\projekty\uczelnia\FB-Clone\system\CodeIgniter.php(918): App\Controllers\Account->register()
#2 C:\xampp\htdocs\projekty\uczelnia\FB-Clone\system\CodeIgniter.php(404): CodeIgniter\CodeIgniter->runController(Object(App\Controllers\Account))
#3 C:\xampp\htdocs\projekty\uczelnia\FB-Clone\system\CodeIgniter.php(312): CodeIgniter\CodeIgniter->handleRequest(NULL, Object(Config\Cache), false)
#4 C:\xampp\htdocs\projekty\uczelnia\FB-Clone\public\index.php(45): CodeIgniter\CodeIgniter->run()
#5 {main}
CRITICAL - 2020-12-15 15:50:41 --> Undefined variable: data
#0 C:\xampp\htdocs\projekty\uczelnia\FB-Clone\app\Controllers\Account.php(31): CodeIgniter\Debug\Exceptions->errorHandler(8, 'Undefined varia...', 'C:\\xampp\\htdocs...', 31, Array)
#1 C:\xampp\htdocs\projekty\uczelnia\FB-Clone\system\CodeIgniter.php(918): App\Controllers\Account->register()
#2 C:\xampp\htdocs\projekty\uczelnia\FB-Clone\system\CodeIgniter.php(404): CodeIgniter\CodeIgniter->runController(Object(App\Controllers\Account))
#3 C:\xampp\htdocs\projekty\uczelnia\FB-Clone\system\CodeIgniter.php(312): CodeIgniter\CodeIgniter->handleRequest(NULL, Object(Config\Cache), false)
#4 C:\xampp\htdocs\projekty\uczelnia\FB-Clone\public\index.php(45): CodeIgniter\CodeIgniter->run()
#5 {main}
CRITICAL - 2020-12-15 15:50:49 --> Undefined variable: data
#0 C:\xampp\htdocs\projekty\uczelnia\FB-Clone\app\Controllers\Account.php(31): CodeIgniter\Debug\Exceptions->errorHandler(8, 'Undefined varia...', 'C:\\xampp\\htdocs...', 31, Array)
#1 C:\xampp\htdocs\projekty\uczelnia\FB-Clone\system\CodeIgniter.php(918): App\Controllers\Account->register()
#2 C:\xampp\htdocs\projekty\uczelnia\FB-Clone\system\CodeIgniter.php(404): CodeIgniter\CodeIgniter->runController(Object(App\Controllers\Account))
#3 C:\xampp\htdocs\projekty\uczelnia\FB-Clone\system\CodeIgniter.php(312): CodeIgniter\CodeIgniter->handleRequest(NULL, Object(Config\Cache), false)
#4 C:\xampp\htdocs\projekty\uczelnia\FB-Clone\public\index.php(45): CodeIgniter\CodeIgniter->run()
#5 {main}
CRITICAL - 2020-12-15 15:51:35 --> Cannot access protected property CodeIgniter\HTTP\IncomingRequest::$body
#0 C:\xampp\htdocs\projekty\uczelnia\FB-Clone\system\CodeIgniter.php(918): App\Controllers\Account->register()
#1 C:\xampp\htdocs\projekty\uczelnia\FB-Clone\system\CodeIgniter.php(404): CodeIgniter\CodeIgniter->runController(Object(App\Controllers\Account))
#2 C:\xampp\htdocs\projekty\uczelnia\FB-Clone\system\CodeIgniter.php(312): CodeIgniter\CodeIgniter->handleRequest(NULL, Object(Config\Cache), false)
#3 C:\xampp\htdocs\projekty\uczelnia\FB-Clone\public\index.php(45): CodeIgniter\CodeIgniter->run()
#4 {main}
CRITICAL - 2020-12-15 15:53:22 --> Undefined variable: data
#0 C:\xampp\htdocs\projekty\uczelnia\FB-Clone\app\Controllers\Account.php(31): CodeIgniter\Debug\Exceptions->errorHandler(8, 'Undefined varia...', 'C:\\xampp\\htdocs...', 31, Array)
#1 C:\xampp\htdocs\projekty\uczelnia\FB-Clone\system\CodeIgniter.php(918): App\Controllers\Account->register()
#2 C:\xampp\htdocs\projekty\uczelnia\FB-Clone\system\CodeIgniter.php(404): CodeIgniter\CodeIgniter->runController(Object(App\Controllers\Account))
#3 C:\xampp\htdocs\projekty\uczelnia\FB-Clone\system\CodeIgniter.php(312): CodeIgniter\CodeIgniter->handleRequest(NULL, Object(Config\Cache), false)
#4 C:\xampp\htdocs\projekty\uczelnia\FB-Clone\public\index.php(45): CodeIgniter\CodeIgniter->run()
#5 {main}
CRITICAL - 2020-12-15 15:53:47 --> Undefined variable: data
#0 C:\xampp\htdocs\projekty\uczelnia\FB-Clone\app\Controllers\Account.php(31): CodeIgniter\Debug\Exceptions->errorHandler(8, 'Undefined varia...', 'C:\\xampp\\htdocs...', 31, Array)
#1 C:\xampp\htdocs\projekty\uczelnia\FB-Clone\system\CodeIgniter.php(918): App\Controllers\Account->register()
#2 C:\xampp\htdocs\projekty\uczelnia\FB-Clone\system\CodeIgniter.php(404): CodeIgniter\CodeIgniter->runController(Object(App\Controllers\Account))
#3 C:\xampp\htdocs\projekty\uczelnia\FB-Clone\system\CodeIgniter.php(312): CodeIgniter\CodeIgniter->handleRequest(NULL, Object(Config\Cache), false)
#4 C:\xampp\htdocs\projekty\uczelnia\FB-Clone\public\index.php(45): CodeIgniter\CodeIgniter->run()
#5 {main}
CRITICAL - 2020-12-15 15:53:54 --> Undefined variable: data
#0 C:\xampp\htdocs\projekty\uczelnia\FB-Clone\app\Controllers\Account.php(31): CodeIgniter\Debug\Exceptions->errorHandler(8, 'Undefined varia...', 'C:\\xampp\\htdocs...', 31, Array)
#1 C:\xampp\htdocs\projekty\uczelnia\FB-Clone\system\CodeIgniter.php(918): App\Controllers\Account->register()
#2 C:\xampp\htdocs\projekty\uczelnia\FB-Clone\system\CodeIgniter.php(404): CodeIgniter\CodeIgniter->runController(Object(App\Controllers\Account))
#3 C:\xampp\htdocs\projekty\uczelnia\FB-Clone\system\CodeIgniter.php(312): CodeIgniter\CodeIgniter->handleRequest(NULL, Object(Config\Cache), false)
#4 C:\xampp\htdocs\projekty\uczelnia\FB-Clone\public\index.php(45): CodeIgniter\CodeIgniter->run()
#5 {main}
CRITICAL - 2020-12-15 15:54:20 --> Undefined property: CodeIgniter\HTTP\IncomingRequest::$gettype
#0 C:\xampp\htdocs\projekty\uczelnia\FB-Clone\app\Controllers\Account.php(22): CodeIgniter\Debug\Exceptions->errorHandler(8, 'Undefined prope...', 'C:\\xampp\\htdocs...', 22, Array)
#1 C:\xampp\htdocs\projekty\uczelnia\FB-Clone\system\CodeIgniter.php(918): App\Controllers\Account->register()
#2 C:\xampp\htdocs\projekty\uczelnia\FB-Clone\system\CodeIgniter.php(404): CodeIgniter\CodeIgniter->runController(Object(App\Controllers\Account))
#3 C:\xampp\htdocs\projekty\uczelnia\FB-Clone\system\CodeIgniter.php(312): CodeIgniter\CodeIgniter->handleRequest(NULL, Object(Config\Cache), false)
#4 C:\xampp\htdocs\projekty\uczelnia\FB-Clone\public\index.php(45): CodeIgniter\CodeIgniter->run()
#5 {main}
CRITICAL - 2020-12-15 15:54:34 --> Undefined variable: data
#0 C:\xampp\htdocs\projekty\uczelnia\FB-Clone\app\Controllers\Account.php(31): CodeIgniter\Debug\Exceptions->errorHandler(8, 'Undefined varia...', 'C:\\xampp\\htdocs...', 31, Array)
#1 C:\xampp\htdocs\projekty\uczelnia\FB-Clone\system\CodeIgniter.php(918): App\Controllers\Account->register()
#2 C:\xampp\htdocs\projekty\uczelnia\FB-Clone\system\CodeIgniter.php(404): CodeIgniter\CodeIgniter->runController(Object(App\Controllers\Account))
#3 C:\xampp\htdocs\projekty\uczelnia\FB-Clone\system\CodeIgniter.php(312): CodeIgniter\CodeIgniter->handleRequest(NULL, Object(Config\Cache), false)
#4 C:\xampp\htdocs\projekty\uczelnia\FB-Clone\public\index.php(45): CodeIgniter\CodeIgniter->run()
#5 {main}
CRITICAL - 2020-12-15 15:55:42 --> Undefined variable: data
#0 C:\xampp\htdocs\projekty\uczelnia\FB-Clone\app\Controllers\Account.php(31): CodeIgniter\Debug\Exceptions->errorHandler(8, 'Undefined varia...', 'C:\\xampp\\htdocs...', 31, Array)
#1 C:\xampp\htdocs\projekty\uczelnia\FB-Clone\system\CodeIgniter.php(918): App\Controllers\Account->register()
#2 C:\xampp\htdocs\projekty\uczelnia\FB-Clone\system\CodeIgniter.php(404): CodeIgniter\CodeIgniter->runController(Object(App\Controllers\Account))
#3 C:\xampp\htdocs\projekty\uczelnia\FB-Clone\system\CodeIgniter.php(312): CodeIgniter\CodeIgniter->handleRequest(NULL, Object(Config\Cache), false)
#4 C:\xampp\htdocs\projekty\uczelnia\FB-Clone\public\index.php(45): CodeIgniter\CodeIgniter->run()
#5 {main}
CRITICAL - 2020-12-15 15:56:05 --> Undefined variable: data
#0 C:\xampp\htdocs\projekty\uczelnia\FB-Clone\app\Controllers\Account.php(31): CodeIgniter\Debug\Exceptions->errorHandler(8, 'Undefined varia...', 'C:\\xampp\\htdocs...', 31, Array)
#1 C:\xampp\htdocs\projekty\uczelnia\FB-Clone\system\CodeIgniter.php(918): App\Controllers\Account->register()
#2 C:\xampp\htdocs\projekty\uczelnia\FB-Clone\system\CodeIgniter.php(404): CodeIgniter\CodeIgniter->runController(Object(App\Controllers\Account))
#3 C:\xampp\htdocs\projekty\uczelnia\FB-Clone\system\CodeIgniter.php(312): CodeIgniter\CodeIgniter->handleRequest(NULL, Object(Config\Cache), false)
#4 C:\xampp\htdocs\projekty\uczelnia\FB-Clone\public\index.php(45): CodeIgniter\CodeIgniter->run()
#5 {main}
CRITICAL - 2020-12-15 15:56:59 --> Undefined variable: dx
#0 C:\xampp\htdocs\projekty\uczelnia\FB-Clone\app\Controllers\Account.php(23): CodeIgniter\Debug\Exceptions->errorHandler(8, 'Undefined varia...', 'C:\\xampp\\htdocs...', 23, Array)
#1 C:\xampp\htdocs\projekty\uczelnia\FB-Clone\system\CodeIgniter.php(918): App\Controllers\Account->register()
#2 C:\xampp\htdocs\projekty\uczelnia\FB-Clone\system\CodeIgniter.php(404): CodeIgniter\CodeIgniter->runController(Object(App\Controllers\Account))
#3 C:\xampp\htdocs\projekty\uczelnia\FB-Clone\system\CodeIgniter.php(312): CodeIgniter\CodeIgniter->handleRequest(NULL, Object(Config\Cache), false)
#4 C:\xampp\htdocs\projekty\uczelnia\FB-Clone\public\index.php(45): CodeIgniter\CodeIgniter->run()
#5 {main}
CRITICAL - 2020-12-15 15:57:12 --> json_decode() expects parameter 1 to be string, object given
#0 [internal function]: CodeIgniter\Debug\Exceptions->errorHandler(2, 'json_decode() e...', 'C:\\xampp\\htdocs...', 23, Array)
#1 C:\xampp\htdocs\projekty\uczelnia\FB-Clone\app\Controllers\Account.php(23): json_decode(Object(stdClass))
#2 C:\xampp\htdocs\projekty\uczelnia\FB-Clone\system\CodeIgniter.php(918): App\Controllers\Account->register()
#3 C:\xampp\htdocs\projekty\uczelnia\FB-Clone\system\CodeIgniter.php(404): CodeIgniter\CodeIgniter->runController(Object(App\Controllers\Account))
#4 C:\xampp\htdocs\projekty\uczelnia\FB-Clone\system\CodeIgniter.php(312): CodeIgniter\CodeIgniter->handleRequest(NULL, Object(Config\Cache), false)
#5 C:\xampp\htdocs\projekty\uczelnia\FB-Clone\public\index.php(45): CodeIgniter\CodeIgniter->run()
#6 {main}
CRITICAL - 2020-12-15 16:00:14 --> There is no data to insert.
#0 C:\xampp\htdocs\projekty\uczelnia\FB-Clone\system\Model.php(700): CodeIgniter\Database\Exceptions\DataException::forEmptyDataset('insert')
#1 C:\xampp\htdocs\projekty\uczelnia\FB-Clone\app\Controllers\Account.php(27): CodeIgniter\Model->insert(NULL)
#2 C:\xampp\htdocs\projekty\uczelnia\FB-Clone\system\CodeIgniter.php(918): App\Controllers\Account->register()
#3 C:\xampp\htdocs\projekty\uczelnia\FB-Clone\system\CodeIgniter.php(404): CodeIgniter\CodeIgniter->runController(Object(App\Controllers\Account))
#4 C:\xampp\htdocs\projekty\uczelnia\FB-Clone\system\CodeIgniter.php(312): CodeIgniter\CodeIgniter->handleRequest(NULL, Object(Config\Cache), false)
#5 C:\xampp\htdocs\projekty\uczelnia\FB-Clone\public\index.php(45): CodeIgniter\CodeIgniter->run()
#6 {main}
CRITICAL - 2020-12-15 16:09:40 --> Call to a member function getJSON() on null
#0 C:\xampp\htdocs\projekty\uczelnia\FB-Clone\system\CodeIgniter.php(890): App\Controllers\Account->__construct()
#1 C:\xampp\htdocs\projekty\uczelnia\FB-Clone\system\CodeIgniter.php(399): CodeIgniter\CodeIgniter->createController()
#2 C:\xampp\htdocs\projekty\uczelnia\FB-Clone\system\CodeIgniter.php(312): CodeIgniter\CodeIgniter->handleRequest(NULL, Object(Config\Cache), false)
#3 C:\xampp\htdocs\projekty\uczelnia\FB-Clone\public\index.php(45): CodeIgniter\CodeIgniter->run()
#4 {main}
CRITICAL - 2020-12-15 16:10:01 --> Call to a member function getJSON() on null
#0 C:\xampp\htdocs\projekty\uczelnia\FB-Clone\system\CodeIgniter.php(890): App\Controllers\Account->__construct()
#1 C:\xampp\htdocs\projekty\uczelnia\FB-Clone\system\CodeIgniter.php(399): CodeIgniter\CodeIgniter->createController()
#2 C:\xampp\htdocs\projekty\uczelnia\FB-Clone\system\CodeIgniter.php(312): CodeIgniter\CodeIgniter->handleRequest(NULL, Object(Config\Cache), false)
#3 C:\xampp\htdocs\projekty\uczelnia\FB-Clone\public\index.php(45): CodeIgniter\CodeIgniter->run()
#4 {main}
CRITICAL - 2020-12-15 16:15:36 --> Undefined variable: userModel
#0 C:\xampp\htdocs\projekty\uczelnia\FB-Clone\app\Controllers\Account.php(44): CodeIgniter\Debug\Exceptions->errorHandler(8, 'Undefined varia...', 'C:\\xampp\\htdocs...', 44, Array)
#1 C:\xampp\htdocs\projekty\uczelnia\FB-Clone\system\CodeIgniter.php(918): App\Controllers\Account->login()
#2 C:\xampp\htdocs\projekty\uczelnia\FB-Clone\system\CodeIgniter.php(404): CodeIgniter\CodeIgniter->runController(Object(App\Controllers\Account))
#3 C:\xampp\htdocs\projekty\uczelnia\FB-Clone\system\CodeIgniter.php(312): CodeIgniter\CodeIgniter->handleRequest(NULL, Object(Config\Cache), false)
#4 C:\xampp\htdocs\projekty\uczelnia\FB-Clone\public\index.php(45): CodeIgniter\CodeIgniter->run()
#5 {main}
CRITICAL - 2020-12-15 16:16:18 --> Undefined variable: user_id
#0 C:\xampp\htdocs\projekty\uczelnia\FB-Clone\app\Controllers\Account.php(44): CodeIgniter\Debug\Exceptions->errorHandler(8, 'Undefined varia...', 'C:\\xampp\\htdocs...', 44, Array)
#1 C:\xampp\htdocs\projekty\uczelnia\FB-Clone\system\CodeIgniter.php(918): App\Controllers\Account->login()
#2 C:\xampp\htdocs\projekty\uczelnia\FB-Clone\system\CodeIgniter.php(404): CodeIgniter\CodeIgniter->runController(Object(App\Controllers\Account))
#3 C:\xampp\htdocs\projekty\uczelnia\FB-Clone\system\CodeIgniter.php(312): CodeIgniter\CodeIgniter->handleRequest(NULL, Object(Config\Cache), false)
#4 C:\xampp\htdocs\projekty\uczelnia\FB-Clone\public\index.php(45): CodeIgniter\CodeIgniter->run()
#5 {main}
CRITICAL - 2020-12-15 16:16:31 --> Undefined property: stdClass::$email
#0 C:\xampp\htdocs\projekty\uczelnia\FB-Clone\app\Controllers\Account.php(44): CodeIgniter\Debug\Exceptions->errorHandler(8, 'Undefined prope...', 'C:\\xampp\\htdocs...', 44, Array)
#1 C:\xampp\htdocs\projekty\uczelnia\FB-Clone\system\CodeIgniter.php(918): App\Controllers\Account->login()
#2 C:\xampp\htdocs\projekty\uczelnia\FB-Clone\system\CodeIgniter.php(404): CodeIgniter\CodeIgniter->runController(Object(App\Controllers\Account))
#3 C:\xampp\htdocs\projekty\uczelnia\FB-Clone\system\CodeIgniter.php(312): CodeIgniter\CodeIgniter->handleRequest(NULL, Object(Config\Cache), false)
#4 C:\xampp\htdocs\projekty\uczelnia\FB-Clone\public\index.php(45): CodeIgniter\CodeIgniter->run()
#5 {main}
CRITICAL - 2020-12-15 16:33:13 --> Trying to get property 'data' of non-object
#0 C:\xampp\htdocs\projekty\uczelnia\FB-Clone\app\Controllers\Account.php(25): CodeIgniter\Debug\Exceptions->errorHandler(8, 'Trying to get p...', 'C:\\xampp\\htdocs...', 25, Array)
#1 C:\xampp\htdocs\projekty\uczelnia\FB-Clone\system\CodeIgniter.php(918): App\Controllers\Account->register()
#2 C:\xampp\htdocs\projekty\uczelnia\FB-Clone\system\CodeIgniter.php(404): CodeIgniter\CodeIgniter->runController(Object(App\Controllers\Account))
#3 C:\xampp\htdocs\projekty\uczelnia\FB-Clone\system\CodeIgniter.php(312): CodeIgniter\CodeIgniter->handleRequest(NULL, Object(Config\Cache), false)
#4 C:\xampp\htdocs\projekty\uczelnia\FB-Clone\public\index.php(45): CodeIgniter\CodeIgniter->run()
#5 {main}
CRITICAL - 2020-12-15 16:33:43 --> Trying to access array offset on value of type null
#0 C:\xampp\htdocs\projekty\uczelnia\FB-Clone\app\Controllers\Account.php(25): CodeIgniter\Debug\Exceptions->errorHandler(8, 'Trying to acces...', 'C:\\xampp\\htdocs...', 25, Array)
#1 C:\xampp\htdocs\projekty\uczelnia\FB-Clone\system\CodeIgniter.php(918): App\Controllers\Account->register()
#2 C:\xampp\htdocs\projekty\uczelnia\FB-Clone\system\CodeIgniter.php(404): CodeIgniter\CodeIgniter->runController(Object(App\Controllers\Account))
#3 C:\xampp\htdocs\projekty\uczelnia\FB-Clone\system\CodeIgniter.php(312): CodeIgniter\CodeIgniter->handleRequest(NULL, Object(Config\Cache), false)
#4 C:\xampp\htdocs\projekty\uczelnia\FB-Clone\public\index.php(45): CodeIgniter\CodeIgniter->run()
#5 {main}
CRITICAL - 2020-12-15 16:33:57 --> Trying to get property 'data' of non-object
#0 C:\xampp\htdocs\projekty\uczelnia\FB-Clone\app\Controllers\Account.php(25): CodeIgniter\Debug\Exceptions->errorHandler(8, 'Trying to get p...', 'C:\\xampp\\htdocs...', 25, Array)
#1 C:\xampp\htdocs\projekty\uczelnia\FB-Clone\system\CodeIgniter.php(918): App\Controllers\Account->register()
#2 C:\xampp\htdocs\projekty\uczelnia\FB-Clone\system\CodeIgniter.php(404): CodeIgniter\CodeIgniter->runController(Object(App\Controllers\Account))
#3 C:\xampp\htdocs\projekty\uczelnia\FB-Clone\system\CodeIgniter.php(312): CodeIgniter\CodeIgniter->handleRequest(NULL, Object(Config\Cache), false)
#4 C:\xampp\htdocs\projekty\uczelnia\FB-Clone\public\index.php(45): CodeIgniter\CodeIgniter->run()
#5 {main}
CRITICAL - 2020-12-15 16:34:13 --> Trying to get property 'data' of non-object
#0 C:\xampp\htdocs\projekty\uczelnia\FB-Clone\app\Controllers\Account.php(25): CodeIgniter\Debug\Exceptions->errorHandler(8, 'Trying to get p...', 'C:\\xampp\\htdocs...', 25, Array)
#1 C:\xampp\htdocs\projekty\uczelnia\FB-Clone\system\CodeIgniter.php(918): App\Controllers\Account->register()
#2 C:\xampp\htdocs\projekty\uczelnia\FB-Clone\system\CodeIgniter.php(404): CodeIgniter\CodeIgniter->runController(Object(App\Controllers\Account))
#3 C:\xampp\htdocs\projekty\uczelnia\FB-Clone\system\CodeIgniter.php(312): CodeIgniter\CodeIgniter->handleRequest(NULL, Object(Config\Cache), false)
#4 C:\xampp\htdocs\projekty\uczelnia\FB-Clone\public\index.php(45): CodeIgniter\CodeIgniter->run()
#5 {main}
CRITICAL - 2020-12-15 16:34:36 --> Trying to get property 'data' of non-object
#0 C:\xampp\htdocs\projekty\uczelnia\FB-Clone\app\Controllers\Account.php(24): CodeIgniter\Debug\Exceptions->errorHandler(8, 'Trying to get p...', 'C:\\xampp\\htdocs...', 24, Array)
#1 C:\xampp\htdocs\projekty\uczelnia\FB-Clone\system\CodeIgniter.php(918): App\Controllers\Account->register()
#2 C:\xampp\htdocs\projekty\uczelnia\FB-Clone\system\CodeIgniter.php(404): CodeIgniter\CodeIgniter->runController(Object(App\Controllers\Account))
#3 C:\xampp\htdocs\projekty\uczelnia\FB-Clone\system\CodeIgniter.php(312): CodeIgniter\CodeIgniter->handleRequest(NULL, Object(Config\Cache), false)
#4 C:\xampp\htdocs\projekty\uczelnia\FB-Clone\public\index.php(45): CodeIgniter\CodeIgniter->run()
#5 {main}
CRITICAL - 2020-12-15 16:35:09 --> Trying to get property 'data' of non-object
#0 C:\xampp\htdocs\projekty\uczelnia\FB-Clone\app\Controllers\Account.php(24): CodeIgniter\Debug\Exceptions->errorHandler(8, 'Trying to get p...', 'C:\\xampp\\htdocs...', 24, Array)
#1 C:\xampp\htdocs\projekty\uczelnia\FB-Clone\system\CodeIgniter.php(918): App\Controllers\Account->register()
#2 C:\xampp\htdocs\projekty\uczelnia\FB-Clone\system\CodeIgniter.php(404): CodeIgniter\CodeIgniter->runController(Object(App\Controllers\Account))
#3 C:\xampp\htdocs\projekty\uczelnia\FB-Clone\system\CodeIgniter.php(312): CodeIgniter\CodeIgniter->handleRequest(NULL, Object(Config\Cache), false)
#4 C:\xampp\htdocs\projekty\uczelnia\FB-Clone\public\index.php(45): CodeIgniter\CodeIgniter->run()
#5 {main}
CRITICAL - 2020-12-15 16:37:26 --> json_decode() expects parameter 1 to be string, object given
#0 [internal function]: CodeIgniter\Debug\Exceptions->errorHandler(2, 'json_decode() e...', 'C:\\xampp\\htdocs...', 24, Array)
#1 C:\xampp\htdocs\projekty\uczelnia\FB-Clone\app\Controllers\Account.php(24): json_decode(Object(stdClass), true)
#2 C:\xampp\htdocs\projekty\uczelnia\FB-Clone\system\CodeIgniter.php(918): App\Controllers\Account->register()
#3 C:\xampp\htdocs\projekty\uczelnia\FB-Clone\system\CodeIgniter.php(404): CodeIgniter\CodeIgniter->runController(Object(App\Controllers\Account))
#4 C:\xampp\htdocs\projekty\uczelnia\FB-Clone\system\CodeIgniter.php(312): CodeIgniter\CodeIgniter->handleRequest(NULL, Object(Config\Cache), false)
#5 C:\xampp\htdocs\projekty\uczelnia\FB-Clone\public\index.php(45): CodeIgniter\CodeIgniter->run()
#6 {main}
